22:53:37.365  [main] DEBUG org.apache.poi.openxml4j.opc.PackageRelationshipCollection - Parsing relationship: /xl/worksheets/_rels/sheet2.xml.rels
22:53:37.376  [main] DEBUG org.apache.poi.openxml4j.opc.PackageRelationshipCollection - Parsing relationship: /_rels/.rels
22:53:37.460  [main] DEBUG org.apache.poi.openxml4j.opc.PackageRelationshipCollection - Parsing relationship: /xl/_rels/workbook.xml.rels
22:53:37.463  [main] DEBUG org.apache.poi.openxml4j.opc.PackageRelationshipCollection - Parsing relationship: /xl/worksheets/_rels/sheet1.xml.rels
22:53:37.465  [main] DEBUG org.apache.poi.openxml4j.opc.PackageRelationshipCollection - Parsing relationship: /xl/worksheets/_rels/sheet2.xml.rels
22:53:37.468  [main] DEBUG org.apache.poi.openxml4j.opc.PackageRelationshipCollection - Parsing relationship: /_rels/.rels
22:53:37.523  [main] DEBUG org.apache.poi.openxml4j.opc.PackageRelationshipCollection - Parsing relationship: /xl/_rels/workbook.xml.rels
22:53:37.525  [main] DEBUG org.apache.poi.openxml4j.opc.PackageRelationshipCollection - Parsing relationship: /xl/worksheets/_rels/sheet1.xml.rels
22:53:37.527  [main] DEBUG org.apache.poi.openxml4j.opc.PackageRelationshipCollection - Parsing relationship: /xl/worksheets/_rels/sheet2.xml.rels
22:53:37.529  [main] DEBUG org.apache.poi.openxml4j.opc.PackageRelationshipCollection - Parsing relationship: /_rels/.rels
22:53:37.589  [main] DEBUG org.apache.poi.openxml4j.opc.PackageRelationshipCollection - Parsing relationship: /xl/_rels/workbook.xml.rels
22:53:37.590  [main] DEBUG org.apache.poi.openxml4j.opc.PackageRelationshipCollection - Parsing relationship: /xl/worksheets/_rels/sheet1.xml.rels
22:53:37.594  [main] DEBUG org.apache.poi.openxml4j.opc.PackageRelationshipCollection - Parsing relationship: /xl/worksheets/_rels/sheet2.xml.rels
22:53:37.596  [main] DEBUG org.apache.poi.openxml4j.opc.PackageRelationshipCollection - Parsing relationship: /_rels/.rels
22:53:37.655  [main] DEBUG org.apache.poi.openxml4j.opc.PackageRelationshipCollection - Parsing relationship: /xl/_rels/workbook.xml.rels
22:53:37.657  [main] DEBUG org.apache.poi.openxml4j.opc.PackageRelationshipCollection - Parsing relationship: /xl/worksheets/_rels/sheet1.xml.rels
22:53:37.658  [main] DEBUG org.apache.poi.openxml4j.opc.PackageRelationshipCollection - Parsing relationship: /xl/worksheets/_rels/sheet2.xml.rels
22:53:37.659  [main] DEBUG org.apache.poi.openxml4j.opc.PackageRelationshipCollection - Parsing relationship: /_rels/.rels
22:53:37.716  [main] DEBUG org.apache.poi.openxml4j.opc.PackageRelationshipCollection - Parsing relationship: /xl/_rels/workbook.xml.rels
22:53:37.718  [main] DEBUG org.apache.poi.openxml4j.opc.PackageRelationshipCollection - Parsing relationship: /xl/worksheets/_rels/sheet1.xml.rels
22:53:37.719  [main] DEBUG org.apache.poi.openxml4j.opc.PackageRelationshipCollection - Parsing relationship: /xl/worksheets/_rels/sheet2.xml.rels
22:53:37.723  [main] DEBUG org.apache.poi.openxml4j.opc.PackageRelationshipCollection - Parsing relationship: /_rels/.rels
22:53:37.770  [main] DEBUG org.apache.poi.openxml4j.opc.PackageRelationshipCollection - Parsing relationship: /xl/_rels/workbook.xml.rels
22:53:37.772  [main] DEBUG org.apache.poi.openxml4j.opc.PackageRelationshipCollection - Parsing relationship: /xl/worksheets/_rels/sheet1.xml.rels
22:53:37.774  [main] DEBUG org.apache.poi.openxml4j.opc.PackageRelationshipCollection - Parsing relationship: /xl/worksheets/_rels/sheet2.xml.rels
22:53:37.776  [main] DEBUG org.apache.poi.openxml4j.opc.PackageRelationshipCollection - Parsing relationship: /_rels/.rels
22:53:37.826  [main] DEBUG org.apache.poi.openxml4j.opc.PackageRelationshipCollection - Parsing relationship: /xl/_rels/workbook.xml.rels
22:53:37.828  [main] DEBUG org.apache.poi.openxml4j.opc.PackageRelationshipCollection - Parsing relationship: /xl/worksheets/_rels/sheet1.xml.rels
22:53:37.829  [main] DEBUG org.apache.poi.openxml4j.opc.PackageRelationshipCollection - Parsing relationship: /xl/worksheets/_rels/sheet2.xml.rels
22:53:37.832  [main] DEBUG org.apache.poi.openxml4j.opc.PackageRelationshipCollection - Parsing relationship: /_rels/.rels
22:53:37.877  [main] DEBUG org.apache.poi.openxml4j.opc.PackageRelationshipCollection - Parsing relationship: /xl/_rels/workbook.xml.rels
22:53:37.878  [main] DEBUG org.apache.poi.openxml4j.opc.PackageRelationshipCollection - Parsing relationship: /xl/worksheets/_rels/sheet1.xml.rels
22:53:37.880  [main] DEBUG org.apache.poi.openxml4j.opc.PackageRelationshipCollection - Parsing relationship: /xl/worksheets/_rels/sheet2.xml.rels
22:53:37.883  [main] DEBUG org.apache.poi.openxml4j.opc.PackageRelationshipCollection - Parsing relationship: /_rels/.rels
22:53:37.926  [main] DEBUG org.apache.poi.openxml4j.opc.PackageRelationshipCollection - Parsing relationship: /xl/_rels/workbook.xml.rels
22:53:37.927  [main] DEBUG org.apache.poi.openxml4j.opc.PackageRelationshipCollection - Parsing relationship: /xl/worksheets/_rels/sheet1.xml.rels
22:53:37.929  [main] DEBUG org.apache.poi.openxml4j.opc.PackageRelationshipCollection - Parsing relationship: /xl/worksheets/_rels/sheet2.xml.rels
22:53:37.931  [main] DEBUG org.apache.poi.openxml4j.opc.PackageRelationshipCollection - Parsing relationship: /_rels/.rels
22:53:37.965  [main] DEBUG org.apache.poi.openxml4j.opc.PackageRelationshipCollection - Parsing relationship: /xl/_rels/workbook.xml.rels
22:53:37.966  [main] DEBUG org.apache.poi.openxml4j.opc.PackageRelationshipCollection - Parsing relationship: /xl/worksheets/_rels/sheet1.xml.rels
22:53:37.967  [main] DEBUG org.apache.poi.openxml4j.opc.PackageRelationshipCollection - Parsing relationship: /xl/worksheets/_rels/sheet2.xml.rels
22:53:37.968  [main] DEBUG org.apache.poi.openxml4j.opc.PackageRelationshipCollection - Parsing relationship: /_rels/.rels
22:53:38.007  [main] DEBUG org.apache.poi.openxml4j.opc.PackageRelationshipCollection - Parsing relationship: /xl/_rels/workbook.xml.rels
22:53:38.008  [main] DEBUG org.apache.poi.openxml4j.opc.PackageRelationshipCollection - Parsing relationship: /xl/worksheets/_rels/sheet1.xml.rels
22:53:38.009  [main] DEBUG org.apache.poi.openxml4j.opc.PackageRelationshipCollection - Parsing relationship: /xl/worksheets/_rels/sheet2.xml.rels
22:53:38.011  [main] DEBUG org.apache.poi.openxml4j.opc.PackageRelationshipCollection - Parsing relationship: /_rels/.rels
22:53:38.051  [main] DEBUG org.apache.poi.openxml4j.opc.PackageRelationshipCollection - Parsing relationship: /xl/_rels/workbook.xml.rels
22:53:38.053  [main] DEBUG org.apache.poi.openxml4j.opc.PackageRelationshipCollection - Parsing relationship: /xl/worksheets/_rels/sheet1.xml.rels
22:53:38.055  [main] DEBUG org.apache.poi.openxml4j.opc.PackageRelationshipCollection - Parsing relationship: /xl/worksheets/_rels/sheet2.xml.rels
22:53:38.056  [main] DEBUG org.apache.poi.openxml4j.opc.PackageRelationshipCollection - Parsing relationship: /_rels/.rels
22:53:38.100  [main] DEBUG org.apache.poi.openxml4j.opc.PackageRelationshipCollection - Parsing relationship: /xl/_rels/workbook.xml.rels
22:53:38.101  [main] DEBUG org.apache.poi.openxml4j.opc.PackageRelationshipCollection - Parsing relationship: /xl/worksheets/_rels/sheet1.xml.rels
22:53:38.102  [main] DEBUG org.apache.poi.openxml4j.opc.PackageRelationshipCollection - Parsing relationship: /xl/worksheets/_rels/sheet2.xml.rels
22:53:38.104  [main] DEBUG org.apache.poi.openxml4j.opc.PackageRelationshipCollection - Parsing relationship: /_rels/.rels
22:53:38.141  [main] DEBUG org.apache.poi.openxml4j.opc.PackageRelationshipCollection - Parsing relationship: /xl/_rels/workbook.xml.rels
22:53:38.144  [main] DEBUG org.apache.poi.openxml4j.opc.PackageRelationshipCollection - Parsing relationship: /xl/worksheets/_rels/sheet1.xml.rels
22:53:38.145  [main] DEBUG org.apache.poi.openxml4j.opc.PackageRelationshipCollection - Parsing relationship: /xl/worksheets/_rels/sheet2.xml.rels
22:53:38.146  [main] DEBUG org.apache.poi.openxml4j.opc.PackageRelationshipCollection - Parsing relationship: /_rels/.rels
22:53:38.182  [main] DEBUG org.apache.poi.openxml4j.opc.PackageRelationshipCollection - Parsing relationship: /xl/_rels/workbook.xml.rels
22:53:38.184  [main] DEBUG org.apache.poi.openxml4j.opc.PackageRelationshipCollection - Parsing relationship: /xl/worksheets/_rels/sheet1.xml.rels
22:53:38.185  [main] DEBUG org.apache.poi.openxml4j.opc.PackageRelationshipCollection - Parsing relationship: /xl/worksheets/_rels/sheet2.xml.rels
22:53:38.186  [main] DEBUG org.apache.poi.openxml4j.opc.PackageRelationshipCollection - Parsing relationship: /_rels/.rels
22:53:38.225  [main] DEBUG org.apache.poi.openxml4j.opc.PackageRelationshipCollection - Parsing relationship: /xl/_rels/workbook.xml.rels
22:53:38.226  [main] DEBUG org.apache.poi.openxml4j.opc.PackageRelationshipCollection - Parsing relationship: /xl/worksheets/_rels/sheet1.xml.rels
22:53:38.228  [main] DEBUG org.apache.poi.openxml4j.opc.PackageRelationshipCollection - Parsing relationship: /xl/worksheets/_rels/sheet2.xml.rels
22:53:38.229  [main] DEBUG org.apache.poi.openxml4j.opc.PackageRelationshipCollection - Parsing relationship: /_rels/.rels
22:53:38.266  [main] DEBUG org.apache.poi.openxml4j.opc.PackageRelationshipCollection - Parsing relationship: /xl/_rels/workbook.xml.rels
22:53:38.267  [main] DEBUG org.apache.poi.openxml4j.opc.PackageRelationshipCollection - Parsing relationship: /xl/worksheets/_rels/sheet1.xml.rels
22:53:38.268  [main] DEBUG org.apache.poi.openxml4j.opc.PackageRelationshipCollection - Parsing relationship: /xl/worksheets/_rels/sheet2.xml.rels
22:53:38.270  [main] DEBUG org.apache.poi.openxml4j.opc.PackageRelationshipCollection - Parsing relationship: /_rels/.rels
22:53:38.312  [main] DEBUG org.apache.poi.openxml4j.opc.PackageRelationshipCollection - Parsing relationship: /xl/_rels/workbook.xml.rels
22:53:38.314  [main] DEBUG org.apache.poi.openxml4j.opc.PackageRelationshipCollection - Parsing relationship: /xl/worksheets/_rels/sheet1.xml.rels
22:53:38.315  [main] DEBUG org.apache.poi.openxml4j.opc.PackageRelationshipCollection - Parsing relationship: /xl/worksheets/_rels/sheet2.xml.rels
22:53:38.316  [main] DEBUG org.apache.poi.openxml4j.opc.PackageRelationshipCollection - Parsing relationship: /_rels/.rels
22:53:38.348  [main] DEBUG org.apache.poi.openxml4j.opc.PackageRelationshipCollection - Parsing relationship: /xl/_rels/workbook.xml.rels
22:53:38.349  [main] DEBUG org.apache.poi.openxml4j.opc.PackageRelationshipCollection - Parsing relationship: /xl/worksheets/_rels/sheet1.xml.rels
22:53:38.350  [main] DEBUG org.apache.poi.openxml4j.opc.PackageRelationshipCollection - Parsing relationship: /xl/worksheets/_rels/sheet2.xml.rels
22:53:38.352  [main] DEBUG org.apache.poi.openxml4j.opc.PackageRelationshipCollection - Parsing relationship: /_rels/.rels
22:53:38.388  [main] DEBUG org.apache.poi.openxml4j.opc.PackageRelationshipCollection - Parsing relationship: /xl/_rels/workbook.xml.rels
22:53:38.389  [main] DEBUG org.apache.poi.openxml4j.opc.PackageRelationshipCollection - Parsing relationship: /xl/worksheets/_rels/sheet1.xml.rels
22:53:38.391  [main] DEBUG org.apache.poi.openxml4j.opc.PackageRelationshipCollection - Parsing relationship: /xl/worksheets/_rels/sheet2.xml.rels
22:53:38.392  [main] DEBUG org.apache.poi.openxml4j.opc.PackageRelationshipCollection - Parsing relationship: /_rels/.rels
22:53:38.423  [main] DEBUG org.apache.poi.openxml4j.opc.PackageRelationshipCollection - Parsing relationship: /xl/_rels/workbook.xml.rels
22:53:38.424  [main] DEBUG org.apache.poi.openxml4j.opc.PackageRelationshipCollection - Parsing relationship: /xl/worksheets/_rels/sheet1.xml.rels
22:53:38.425  [main] DEBUG org.apache.poi.openxml4j.opc.PackageRelationshipCollection - Parsing relationship: /xl/worksheets/_rels/sheet2.xml.rels
22:53:38.426  [main] DEBUG org.apache.poi.openxml4j.opc.PackageRelationshipCollection - Parsing relationship: /_rels/.rels
22:53:38.455  [main] DEBUG org.apache.poi.openxml4j.opc.PackageRelationshipCollection - Parsing relationship: /xl/_rels/workbook.xml.rels
22:53:38.457  [main] DEBUG org.apache.poi.openxml4j.opc.PackageRelationshipCollection - Parsing relationship: /xl/worksheets/_rels/sheet1.xml.rels
22:53:38.458  [main] DEBUG org.apache.poi.openxml4j.opc.PackageRelationshipCollection - Parsing relationship: /xl/worksheets/_rels/sheet2.xml.rels
22:53:38.459  [main] DEBUG org.apache.poi.openxml4j.opc.PackageRelationshipCollection - Parsing relationship: /_rels/.rels
22:53:38.493  [main] DEBUG org.apache.poi.openxml4j.opc.PackageRelationshipCollection - Parsing relationship: /xl/_rels/workbook.xml.rels
22:53:38.494  [main] DEBUG org.apache.poi.openxml4j.opc.PackageRelationshipCollection - Parsing relationship: /xl/worksheets/_rels/sheet1.xml.rels
22:53:38.495  [main] DEBUG org.apache.poi.openxml4j.opc.PackageRelationshipCollection - Parsing relationship: /xl/worksheets/_rels/sheet2.xml.rels
22:53:38.495  [main] DEBUG org.apache.poi.openxml4j.opc.PackageRelationshipCollection - Parsing relationship: /_rels/.rels
22:53:38.522  [main] DEBUG org.apache.poi.openxml4j.opc.PackageRelationshipCollection - Parsing relationship: /xl/_rels/workbook.xml.rels
22:53:38.523  [main] DEBUG org.apache.poi.openxml4j.opc.PackageRelationshipCollection - Parsing relationship: /xl/worksheets/_rels/sheet1.xml.rels
22:53:38.524  [main] DEBUG org.apache.poi.openxml4j.opc.PackageRelationshipCollection - Parsing relationship: /xl/worksheets/_rels/sheet2.xml.rels
22:53:38.525  [main] DEBUG org.apache.poi.openxml4j.opc.PackageRelationshipCollection - Parsing relationship: /_rels/.rels
22:53:38.557  [main] DEBUG org.apache.poi.openxml4j.opc.PackageRelationshipCollection - Parsing relationship: /xl/_rels/workbook.xml.rels
22:53:38.557  [main] DEBUG org.apache.poi.openxml4j.opc.PackageRelationshipCollection - Parsing relationship: /xl/worksheets/_rels/sheet1.xml.rels
22:53:38.558  [main] DEBUG org.apache.poi.openxml4j.opc.PackageRelationshipCollection - Parsing relationship: /xl/worksheets/_rels/sheet2.xml.rels
22:53:38.559  [main] DEBUG org.apache.poi.openxml4j.opc.PackageRelationshipCollection - Parsing relationship: /_rels/.rels
22:53:39.512  [main] INFO  api.test.PetTest - ********************************************************
22:53:39.512  [main] INFO  api.test.PetTest - ***** <<<<<Starting testAddNewPetPostResponse>>>>> *****
22:53:39.513  [main] INFO  api.test.PetTest - Test Input Data: Pet ID: 10, Category ID: 123, Category Name: Bird, Pet Name: Sona, Photo URLs: [www.google.com, www.facebook.com], Tag ID: 10, Tag Name: Red, Pet Status: available
22:53:39.515  [main] INFO  api.test.PetTest - Pet object created successfully
22:53:39.516  [main] INFO  api.test.PetTest - Sending POST request to add a new pet.
22:53:40.718  [main] INFO  api.utilities.RequestResponseFilter - ======================================================================================
22:53:40.719  [main] INFO  api.utilities.RequestResponseFilter - ======================================================================================
22:53:40.720  [main] INFO  api.utilities.RequestResponseFilter - cURL Command: 
curl -X POST 'https://petstore.swagger.io/v2/pet' -H 'Accept: application/json, application/javascript, text/javascript, text/json' -H 'Content-Type: application/json' --data '{"id":"10","category":{"id":"123","name":"Bird"},"name":"Sona","photoUrls":["www.google.com","www.facebook.com"],"tags":[{"id":"10","name":"Red"}],"status":"available"}'
22:53:43.429  [main] INFO  api.utilities.RequestResponseFilter - ******************************************************************
22:53:43.487  [main] INFO  api.utilities.RequestResponseFilter - Response Status line: 
HTTP/1.1 200 OK
22:53:43.498  [main] INFO  api.utilities.RequestResponseFilter - Response Body: 
{
    "id": 10,
    "category": {
        "id": 123,
        "name": "Bird"
    },
    "name": "Sona",
    "photoUrls": [
        "www.google.com",
        "www.facebook.com"
    ],
    "tags": [
        {
            "id": 10,
            "name": "Red"
        }
    ],
    "status": "available"
}
22:53:43.499  [main] INFO  api.utilities.RequestResponseFilter - Response Headers: 
Date=Wed, 04 Dec 2024 17:23:43 GMT
Content-Type=application/json
Transfer-Encoding=chunked
Connection=keep-alive
Access-Control-Allow-Origin=*
Access-Control-Allow-Methods=GET, POST, DELETE, PUT
Access-Control-Allow-Headers=Content-Type, api_key, Authorization
Server=Jetty(9.2.9.v20150224)
22:53:43.499  [main] INFO  api.utilities.RequestResponseFilter - ======================================================================================
22:53:43.499  [main] INFO  api.utilities.RequestResponseFilter - ======================================================================================
22:53:43.550  [main] INFO  api.test.PetTest - Response mapped to Pet object
22:53:43.550  [main] INFO  api.test.PetTest - Asserting response status, headers, and time
22:53:43.557  [main] INFO  api.utilities.XLUtility - Getting sheets from the workbook.
22:53:43.565  [main] DEBUG org.apache.poi.openxml4j.opc.PackageRelationshipCollection - Parsing relationship: /xl/_rels/workbook.xml.rels
22:53:43.567  [main] DEBUG org.apache.poi.openxml4j.opc.PackageRelationshipCollection - Parsing relationship: /xl/worksheets/_rels/sheet1.xml.rels
22:53:43.568  [main] DEBUG org.apache.poi.openxml4j.opc.PackageRelationshipCollection - Parsing relationship: /_rels/.rels
22:53:43.590  [main] INFO  api.utilities.XLUtility - Test Data Found in Row: 1
22:53:44.057  [main] INFO  api.test.PetTest - Asserting pet data between request and response
22:53:44.057  [main] INFO  api.test.PetTest - Asserting pet tags
22:53:44.057  [main] INFO  api.test.PetTest - Asserting pet status
22:53:44.058  [main] INFO  api.test.PetTest - ***************<<<<<Finished testAddNewPetPostResponse>>>>>**********************
22:53:44.058  [main] INFO  api.test.PetTest - ***************<<<<<<<<<<<<<<<<<<<<<>>>>>>>>>>>>>>>>>>>>>>>**********************
22:53:44.081  [main] INFO  api.test.PetTest - ********************************************************
22:53:44.082  [main] INFO  api.test.PetTest - ***** <<<<<Starting testAddNewPetPostResponse>>>>> *****
22:53:44.082  [main] INFO  api.test.PetTest - Test Input Data: Pet ID: 20, Category ID: 234, Category Name: Animal, Pet Name: Lucky, Photo URLs: [www.google.com, www.facebook.com], Tag ID: 20, Tag Name: Black, Pet Status: pending
22:53:44.082  [main] INFO  api.test.PetTest - Pet object created successfully
22:53:44.082  [main] INFO  api.test.PetTest - Sending POST request to add a new pet.
22:53:44.098  [main] INFO  api.utilities.RequestResponseFilter - ======================================================================================
22:53:44.098  [main] INFO  api.utilities.RequestResponseFilter - ======================================================================================
22:53:44.099  [main] INFO  api.utilities.RequestResponseFilter - cURL Command: 
curl -X POST 'https://petstore.swagger.io/v2/pet' -H 'Accept: application/json, application/javascript, text/javascript, text/json' -H 'Content-Type: application/json' --data '{"id":"20","category":{"id":"234","name":"Animal"},"name":"Lucky","photoUrls":["www.google.com","www.facebook.com"],"tags":[{"id":"20","name":"Black"}],"status":"pending"}'
22:53:46.427  [main] INFO  api.utilities.RequestResponseFilter - ******************************************************************
22:53:46.430  [main] INFO  api.utilities.RequestResponseFilter - Response Status line: 
HTTP/1.1 200 OK
22:53:46.432  [main] INFO  api.utilities.RequestResponseFilter - Response Body: 
{
    "id": 20,
    "category": {
        "id": 234,
        "name": "Animal"
    },
    "name": "Lucky",
    "photoUrls": [
        "www.google.com",
        "www.facebook.com"
    ],
    "tags": [
        {
            "id": 20,
            "name": "Black"
        }
    ],
    "status": "pending"
}
22:53:46.432  [main] INFO  api.utilities.RequestResponseFilter - Response Headers: 
Date=Wed, 04 Dec 2024 17:23:46 GMT
Content-Type=application/json
Transfer-Encoding=chunked
Connection=keep-alive
Access-Control-Allow-Origin=*
Access-Control-Allow-Methods=GET, POST, DELETE, PUT
Access-Control-Allow-Headers=Content-Type, api_key, Authorization
Server=Jetty(9.2.9.v20150224)
22:53:46.432  [main] INFO  api.utilities.RequestResponseFilter - ======================================================================================
22:53:46.433  [main] INFO  api.utilities.RequestResponseFilter - ======================================================================================
22:53:46.442  [main] INFO  api.test.PetTest - Response mapped to Pet object
22:53:46.442  [main] INFO  api.test.PetTest - Asserting response status, headers, and time
22:53:46.443  [main] INFO  api.utilities.XLUtility - Getting sheets from the workbook.
22:53:46.449  [main] DEBUG org.apache.poi.openxml4j.opc.PackageRelationshipCollection - Parsing relationship: /xl/_rels/workbook.xml.rels
22:53:46.451  [main] DEBUG org.apache.poi.openxml4j.opc.PackageRelationshipCollection - Parsing relationship: /xl/worksheets/_rels/sheet1.xml.rels
22:53:46.452  [main] DEBUG org.apache.poi.openxml4j.opc.PackageRelationshipCollection - Parsing relationship: /_rels/.rels
22:53:46.465  [main] INFO  api.utilities.XLUtility - Test Data Found in Row: 1
22:53:46.486  [main] INFO  api.test.PetTest - Asserting pet data between request and response
22:53:46.486  [main] INFO  api.test.PetTest - Asserting pet tags
22:53:46.486  [main] INFO  api.test.PetTest - Asserting pet status
22:53:46.487  [main] INFO  api.test.PetTest - ***************<<<<<Finished testAddNewPetPostResponse>>>>>**********************
22:53:46.487  [main] INFO  api.test.PetTest - ***************<<<<<<<<<<<<<<<<<<<<<>>>>>>>>>>>>>>>>>>>>>>>**********************
22:53:46.526  [main] INFO  api.test.PetTest - ********************************************************
22:53:46.527  [main] INFO  api.test.PetTest - ***** <<<<<Starting testAddNewPetPostResponse>>>>> *****
22:53:46.528  [main] INFO  api.test.PetTest - Test Input Data: Pet ID: 30, Category ID: 345, Category Name: Fish, Pet Name: Goldy, Photo URLs: [www.google.com, www.facebook.com], Tag ID: 30, Tag Name: Golden, Pet Status: sold
22:53:46.529  [main] INFO  api.test.PetTest - Pet object created successfully
22:53:46.530  [main] INFO  api.test.PetTest - Sending POST request to add a new pet.
22:53:46.551  [main] INFO  api.utilities.RequestResponseFilter - ======================================================================================
22:53:46.551  [main] INFO  api.utilities.RequestResponseFilter - ======================================================================================
22:53:46.552  [main] INFO  api.utilities.RequestResponseFilter - cURL Command: 
curl -X POST 'https://petstore.swagger.io/v2/pet' -H 'Accept: application/json, application/javascript, text/javascript, text/json' -H 'Content-Type: application/json' --data '{"id":"30","category":{"id":"345","name":"Fish"},"name":"Goldy","photoUrls":["www.google.com","www.facebook.com"],"tags":[{"id":"30","name":"Golden"}],"status":"sold"}'
22:53:48.513  [main] INFO  api.utilities.RequestResponseFilter - ******************************************************************
22:53:48.515  [main] INFO  api.utilities.RequestResponseFilter - Response Status line: 
HTTP/1.1 200 OK
22:53:48.517  [main] INFO  api.utilities.RequestResponseFilter - Response Body: 
{
    "id": 30,
    "category": {
        "id": 345,
        "name": "Fish"
    },
    "name": "Goldy",
    "photoUrls": [
        "www.google.com",
        "www.facebook.com"
    ],
    "tags": [
        {
            "id": 30,
            "name": "Golden"
        }
    ],
    "status": "sold"
}
22:53:48.517  [main] INFO  api.utilities.RequestResponseFilter - Response Headers: 
Date=Wed, 04 Dec 2024 17:23:48 GMT
Content-Type=application/json
Transfer-Encoding=chunked
Connection=keep-alive
Access-Control-Allow-Origin=*
Access-Control-Allow-Methods=GET, POST, DELETE, PUT
Access-Control-Allow-Headers=Content-Type, api_key, Authorization
Server=Jetty(9.2.9.v20150224)
22:53:48.517  [main] INFO  api.utilities.RequestResponseFilter - ======================================================================================
22:53:48.517  [main] INFO  api.utilities.RequestResponseFilter - ======================================================================================
22:53:48.528  [main] INFO  api.test.PetTest - Response mapped to Pet object
22:53:48.529  [main] INFO  api.test.PetTest - Asserting response status, headers, and time
22:53:48.529  [main] INFO  api.utilities.XLUtility - Getting sheets from the workbook.
22:53:48.536  [main] DEBUG org.apache.poi.openxml4j.opc.PackageRelationshipCollection - Parsing relationship: /xl/_rels/workbook.xml.rels
22:53:48.537  [main] DEBUG org.apache.poi.openxml4j.opc.PackageRelationshipCollection - Parsing relationship: /xl/worksheets/_rels/sheet1.xml.rels
22:53:48.538  [main] DEBUG org.apache.poi.openxml4j.opc.PackageRelationshipCollection - Parsing relationship: /_rels/.rels
22:53:48.552  [main] INFO  api.utilities.XLUtility - Test Data Found in Row: 1
22:53:48.578  [main] INFO  api.test.PetTest - Asserting pet data between request and response
22:53:48.578  [main] INFO  api.test.PetTest - Asserting pet tags
22:53:48.579  [main] INFO  api.test.PetTest - Asserting pet status
22:53:48.579  [main] INFO  api.test.PetTest - ***************<<<<<Finished testAddNewPetPostResponse>>>>>**********************
22:53:48.579  [main] INFO  api.test.PetTest - ***************<<<<<<<<<<<<<<<<<<<<<>>>>>>>>>>>>>>>>>>>>>>>**********************
22:53:48.626  [main] DEBUG org.apache.poi.openxml4j.opc.PackageRelationshipCollection - Parsing relationship: /xl/_rels/workbook.xml.rels
22:53:48.627  [main] DEBUG org.apache.poi.openxml4j.opc.PackageRelationshipCollection - Parsing relationship: /xl/worksheets/_rels/sheet1.xml.rels
22:53:48.629  [main] DEBUG org.apache.poi.openxml4j.opc.PackageRelationshipCollection - Parsing relationship: /xl/worksheets/_rels/sheet2.xml.rels
22:53:48.630  [main] DEBUG org.apache.poi.openxml4j.opc.PackageRelationshipCollection - Parsing relationship: /_rels/.rels
22:53:48.660  [main] DEBUG org.apache.poi.openxml4j.opc.PackageRelationshipCollection - Parsing relationship: /xl/_rels/workbook.xml.rels
22:53:48.663  [main] DEBUG org.apache.poi.openxml4j.opc.PackageRelationshipCollection - Parsing relationship: /xl/worksheets/_rels/sheet1.xml.rels
22:53:48.665  [main] DEBUG org.apache.poi.openxml4j.opc.PackageRelationshipCollection - Parsing relationship: /xl/worksheets/_rels/sheet2.xml.rels
22:53:48.666  [main] DEBUG org.apache.poi.openxml4j.opc.PackageRelationshipCollection - Parsing relationship: /_rels/.rels
22:53:48.689  [main] DEBUG org.apache.poi.openxml4j.opc.PackageRelationshipCollection - Parsing relationship: /xl/_rels/workbook.xml.rels
22:53:48.690  [main] DEBUG org.apache.poi.openxml4j.opc.PackageRelationshipCollection - Parsing relationship: /xl/worksheets/_rels/sheet1.xml.rels
22:53:48.692  [main] DEBUG org.apache.poi.openxml4j.opc.PackageRelationshipCollection - Parsing relationship: /xl/worksheets/_rels/sheet2.xml.rels
22:53:48.693  [main] DEBUG org.apache.poi.openxml4j.opc.PackageRelationshipCollection - Parsing relationship: /_rels/.rels
22:53:48.718  [main] DEBUG org.apache.poi.openxml4j.opc.PackageRelationshipCollection - Parsing relationship: /xl/_rels/workbook.xml.rels
22:53:48.719  [main] DEBUG org.apache.poi.openxml4j.opc.PackageRelationshipCollection - Parsing relationship: /xl/worksheets/_rels/sheet1.xml.rels
22:53:48.722  [main] DEBUG org.apache.poi.openxml4j.opc.PackageRelationshipCollection - Parsing relationship: /xl/worksheets/_rels/sheet2.xml.rels
22:53:48.723  [main] DEBUG org.apache.poi.openxml4j.opc.PackageRelationshipCollection - Parsing relationship: /_rels/.rels
22:53:48.746  [main] DEBUG org.apache.poi.openxml4j.opc.PackageRelationshipCollection - Parsing relationship: /xl/_rels/workbook.xml.rels
22:53:48.747  [main] DEBUG org.apache.poi.openxml4j.opc.PackageRelationshipCollection - Parsing relationship: /xl/worksheets/_rels/sheet1.xml.rels
22:53:48.748  [main] DEBUG org.apache.poi.openxml4j.opc.PackageRelationshipCollection - Parsing relationship: /xl/worksheets/_rels/sheet2.xml.rels
22:53:48.749  [main] DEBUG org.apache.poi.openxml4j.opc.PackageRelationshipCollection - Parsing relationship: /_rels/.rels
22:53:48.786  [main] DEBUG org.apache.poi.openxml4j.opc.PackageRelationshipCollection - Parsing relationship: /xl/_rels/workbook.xml.rels
22:53:48.787  [main] DEBUG org.apache.poi.openxml4j.opc.PackageRelationshipCollection - Parsing relationship: /xl/worksheets/_rels/sheet1.xml.rels
22:53:48.788  [main] DEBUG org.apache.poi.openxml4j.opc.PackageRelationshipCollection - Parsing relationship: /xl/worksheets/_rels/sheet2.xml.rels
22:53:48.789  [main] DEBUG org.apache.poi.openxml4j.opc.PackageRelationshipCollection - Parsing relationship: /_rels/.rels
22:53:48.815  [main] DEBUG org.apache.poi.openxml4j.opc.PackageRelationshipCollection - Parsing relationship: /xl/_rels/workbook.xml.rels
22:53:48.816  [main] DEBUG org.apache.poi.openxml4j.opc.PackageRelationshipCollection - Parsing relationship: /xl/worksheets/_rels/sheet1.xml.rels
22:53:48.817  [main] DEBUG org.apache.poi.openxml4j.opc.PackageRelationshipCollection - Parsing relationship: /xl/worksheets/_rels/sheet2.xml.rels
22:53:48.818  [main] DEBUG org.apache.poi.openxml4j.opc.PackageRelationshipCollection - Parsing relationship: /_rels/.rels
22:53:48.845  [main] DEBUG org.apache.poi.openxml4j.opc.PackageRelationshipCollection - Parsing relationship: /xl/_rels/workbook.xml.rels
22:53:48.846  [main] DEBUG org.apache.poi.openxml4j.opc.PackageRelationshipCollection - Parsing relationship: /xl/worksheets/_rels/sheet1.xml.rels
22:53:48.847  [main] DEBUG org.apache.poi.openxml4j.opc.PackageRelationshipCollection - Parsing relationship: /xl/worksheets/_rels/sheet2.xml.rels
22:53:48.848  [main] DEBUG org.apache.poi.openxml4j.opc.PackageRelationshipCollection - Parsing relationship: /_rels/.rels
22:53:48.875  [main] DEBUG org.apache.poi.openxml4j.opc.PackageRelationshipCollection - Parsing relationship: /xl/_rels/workbook.xml.rels
22:53:48.876  [main] DEBUG org.apache.poi.openxml4j.opc.PackageRelationshipCollection - Parsing relationship: /xl/worksheets/_rels/sheet1.xml.rels
22:53:48.877  [main] DEBUG org.apache.poi.openxml4j.opc.PackageRelationshipCollection - Parsing relationship: /xl/worksheets/_rels/sheet2.xml.rels
22:53:48.877  [main] DEBUG org.apache.poi.openxml4j.opc.PackageRelationshipCollection - Parsing relationship: /_rels/.rels
22:53:48.900  [main] DEBUG org.apache.poi.openxml4j.opc.PackageRelationshipCollection - Parsing relationship: /xl/_rels/workbook.xml.rels
22:53:48.901  [main] DEBUG org.apache.poi.openxml4j.opc.PackageRelationshipCollection - Parsing relationship: /xl/worksheets/_rels/sheet1.xml.rels
22:53:48.902  [main] DEBUG org.apache.poi.openxml4j.opc.PackageRelationshipCollection - Parsing relationship: /xl/worksheets/_rels/sheet2.xml.rels
22:53:48.903  [main] DEBUG org.apache.poi.openxml4j.opc.PackageRelationshipCollection - Parsing relationship: /_rels/.rels
22:53:48.927  [main] DEBUG org.apache.poi.openxml4j.opc.PackageRelationshipCollection - Parsing relationship: /xl/_rels/workbook.xml.rels
22:53:48.928  [main] DEBUG org.apache.poi.openxml4j.opc.PackageRelationshipCollection - Parsing relationship: /xl/worksheets/_rels/sheet1.xml.rels
22:53:48.929  [main] DEBUG org.apache.poi.openxml4j.opc.PackageRelationshipCollection - Parsing relationship: /xl/worksheets/_rels/sheet2.xml.rels
22:53:48.930  [main] DEBUG org.apache.poi.openxml4j.opc.PackageRelationshipCollection - Parsing relationship: /_rels/.rels
22:53:48.965  [main] DEBUG org.apache.poi.openxml4j.opc.PackageRelationshipCollection - Parsing relationship: /xl/_rels/workbook.xml.rels
22:53:48.966  [main] DEBUG org.apache.poi.openxml4j.opc.PackageRelationshipCollection - Parsing relationship: /xl/worksheets/_rels/sheet1.xml.rels
22:53:48.967  [main] DEBUG org.apache.poi.openxml4j.opc.PackageRelationshipCollection - Parsing relationship: /xl/worksheets/_rels/sheet2.xml.rels
22:53:48.968  [main] DEBUG org.apache.poi.openxml4j.opc.PackageRelationshipCollection - Parsing relationship: /_rels/.rels
22:53:48.995  [main] DEBUG org.apache.poi.openxml4j.opc.PackageRelationshipCollection - Parsing relationship: /xl/_rels/workbook.xml.rels
22:53:48.996  [main] DEBUG org.apache.poi.openxml4j.opc.PackageRelationshipCollection - Parsing relationship: /xl/worksheets/_rels/sheet1.xml.rels
22:53:48.996  [main] DEBUG org.apache.poi.openxml4j.opc.PackageRelationshipCollection - Parsing relationship: /xl/worksheets/_rels/sheet2.xml.rels
22:53:48.998  [main] DEBUG org.apache.poi.openxml4j.opc.PackageRelationshipCollection - Parsing relationship: /_rels/.rels
22:53:49.021  [main] DEBUG org.apache.poi.openxml4j.opc.PackageRelationshipCollection - Parsing relationship: /xl/_rels/workbook.xml.rels
22:53:49.022  [main] DEBUG org.apache.poi.openxml4j.opc.PackageRelationshipCollection - Parsing relationship: /xl/worksheets/_rels/sheet1.xml.rels
22:53:49.023  [main] DEBUG org.apache.poi.openxml4j.opc.PackageRelationshipCollection - Parsing relationship: /xl/worksheets/_rels/sheet2.xml.rels
22:53:49.024  [main] DEBUG org.apache.poi.openxml4j.opc.PackageRelationshipCollection - Parsing relationship: /_rels/.rels
22:53:49.044  [main] DEBUG org.apache.poi.openxml4j.opc.PackageRelationshipCollection - Parsing relationship: /xl/_rels/workbook.xml.rels
22:53:49.045  [main] DEBUG org.apache.poi.openxml4j.opc.PackageRelationshipCollection - Parsing relationship: /xl/worksheets/_rels/sheet1.xml.rels
22:53:49.046  [main] DEBUG org.apache.poi.openxml4j.opc.PackageRelationshipCollection - Parsing relationship: /xl/worksheets/_rels/sheet2.xml.rels
22:53:49.048  [main] DEBUG org.apache.poi.openxml4j.opc.PackageRelationshipCollection - Parsing relationship: /_rels/.rels
22:53:49.072  [main] DEBUG org.apache.poi.openxml4j.opc.PackageRelationshipCollection - Parsing relationship: /xl/_rels/workbook.xml.rels
22:53:49.073  [main] DEBUG org.apache.poi.openxml4j.opc.PackageRelationshipCollection - Parsing relationship: /xl/worksheets/_rels/sheet1.xml.rels
22:53:49.074  [main] DEBUG org.apache.poi.openxml4j.opc.PackageRelationshipCollection - Parsing relationship: /xl/worksheets/_rels/sheet2.xml.rels
22:53:49.075  [main] DEBUG org.apache.poi.openxml4j.opc.PackageRelationshipCollection - Parsing relationship: /_rels/.rels
22:53:49.098  [main] DEBUG org.apache.poi.openxml4j.opc.PackageRelationshipCollection - Parsing relationship: /xl/_rels/workbook.xml.rels
22:53:49.099  [main] DEBUG org.apache.poi.openxml4j.opc.PackageRelationshipCollection - Parsing relationship: /xl/worksheets/_rels/sheet1.xml.rels
22:53:49.100  [main] DEBUG org.apache.poi.openxml4j.opc.PackageRelationshipCollection - Parsing relationship: /xl/worksheets/_rels/sheet2.xml.rels
22:53:49.100  [main] DEBUG org.apache.poi.openxml4j.opc.PackageRelationshipCollection - Parsing relationship: /_rels/.rels
22:53:49.124  [main] DEBUG org.apache.poi.openxml4j.opc.PackageRelationshipCollection - Parsing relationship: /xl/_rels/workbook.xml.rels
22:53:49.125  [main] DEBUG org.apache.poi.openxml4j.opc.PackageRelationshipCollection - Parsing relationship: /xl/worksheets/_rels/sheet1.xml.rels
22:53:49.126  [main] DEBUG org.apache.poi.openxml4j.opc.PackageRelationshipCollection - Parsing relationship: /xl/worksheets/_rels/sheet2.xml.rels
22:53:49.127  [main] DEBUG org.apache.poi.openxml4j.opc.PackageRelationshipCollection - Parsing relationship: /_rels/.rels
22:53:49.152  [main] DEBUG org.apache.poi.openxml4j.opc.PackageRelationshipCollection - Parsing relationship: /xl/_rels/workbook.xml.rels
22:53:49.153  [main] DEBUG org.apache.poi.openxml4j.opc.PackageRelationshipCollection - Parsing relationship: /xl/worksheets/_rels/sheet1.xml.rels
22:53:49.154  [main] DEBUG org.apache.poi.openxml4j.opc.PackageRelationshipCollection - Parsing relationship: /xl/worksheets/_rels/sheet2.xml.rels
22:53:49.155  [main] DEBUG org.apache.poi.openxml4j.opc.PackageRelationshipCollection - Parsing relationship: /_rels/.rels
22:53:49.174  [main] DEBUG org.apache.poi.openxml4j.opc.PackageRelationshipCollection - Parsing relationship: /xl/_rels/workbook.xml.rels
22:53:49.176  [main] DEBUG org.apache.poi.openxml4j.opc.PackageRelationshipCollection - Parsing relationship: /xl/worksheets/_rels/sheet1.xml.rels
22:53:49.177  [main] DEBUG org.apache.poi.openxml4j.opc.PackageRelationshipCollection - Parsing relationship: /xl/worksheets/_rels/sheet2.xml.rels
22:53:49.179  [main] DEBUG org.apache.poi.openxml4j.opc.PackageRelationshipCollection - Parsing relationship: /_rels/.rels
22:53:49.203  [main] DEBUG org.apache.poi.openxml4j.opc.PackageRelationshipCollection - Parsing relationship: /xl/_rels/workbook.xml.rels
22:53:49.204  [main] DEBUG org.apache.poi.openxml4j.opc.PackageRelationshipCollection - Parsing relationship: /xl/worksheets/_rels/sheet1.xml.rels
22:53:49.205  [main] DEBUG org.apache.poi.openxml4j.opc.PackageRelationshipCollection - Parsing relationship: /xl/worksheets/_rels/sheet2.xml.rels
22:53:49.205  [main] DEBUG org.apache.poi.openxml4j.opc.PackageRelationshipCollection - Parsing relationship: /_rels/.rels
22:53:49.224  [main] DEBUG org.apache.poi.openxml4j.opc.PackageRelationshipCollection - Parsing relationship: /xl/_rels/workbook.xml.rels
22:53:49.225  [main] DEBUG org.apache.poi.openxml4j.opc.PackageRelationshipCollection - Parsing relationship: /xl/worksheets/_rels/sheet1.xml.rels
22:53:49.225  [main] DEBUG org.apache.poi.openxml4j.opc.PackageRelationshipCollection - Parsing relationship: /xl/worksheets/_rels/sheet2.xml.rels
22:53:49.226  [main] DEBUG org.apache.poi.openxml4j.opc.PackageRelationshipCollection - Parsing relationship: /_rels/.rels
22:53:49.252  [main] DEBUG org.apache.poi.openxml4j.opc.PackageRelationshipCollection - Parsing relationship: /xl/_rels/workbook.xml.rels
22:53:49.252  [main] DEBUG org.apache.poi.openxml4j.opc.PackageRelationshipCollection - Parsing relationship: /xl/worksheets/_rels/sheet1.xml.rels
22:53:49.253  [main] DEBUG org.apache.poi.openxml4j.opc.PackageRelationshipCollection - Parsing relationship: /xl/worksheets/_rels/sheet2.xml.rels
22:53:49.254  [main] DEBUG org.apache.poi.openxml4j.opc.PackageRelationshipCollection - Parsing relationship: /_rels/.rels
22:53:49.273  [main] DEBUG org.apache.poi.openxml4j.opc.PackageRelationshipCollection - Parsing relationship: /xl/_rels/workbook.xml.rels
22:53:49.274  [main] DEBUG org.apache.poi.openxml4j.opc.PackageRelationshipCollection - Parsing relationship: /xl/worksheets/_rels/sheet1.xml.rels
22:53:49.275  [main] DEBUG org.apache.poi.openxml4j.opc.PackageRelationshipCollection - Parsing relationship: /xl/worksheets/_rels/sheet2.xml.rels
22:53:49.276  [main] DEBUG org.apache.poi.openxml4j.opc.PackageRelationshipCollection - Parsing relationship: /_rels/.rels
22:53:49.295  [main] DEBUG org.apache.poi.openxml4j.opc.PackageRelationshipCollection - Parsing relationship: /xl/_rels/workbook.xml.rels
22:53:49.296  [main] DEBUG org.apache.poi.openxml4j.opc.PackageRelationshipCollection - Parsing relationship: /xl/worksheets/_rels/sheet1.xml.rels
22:53:49.299  [main] DEBUG org.apache.poi.openxml4j.opc.PackageRelationshipCollection - Parsing relationship: /xl/worksheets/_rels/sheet2.xml.rels
22:53:49.299  [main] DEBUG org.apache.poi.openxml4j.opc.PackageRelationshipCollection - Parsing relationship: /_rels/.rels
22:53:49.322  [main] DEBUG org.apache.poi.openxml4j.opc.PackageRelationshipCollection - Parsing relationship: /xl/_rels/workbook.xml.rels
22:53:49.323  [main] DEBUG org.apache.poi.openxml4j.opc.PackageRelationshipCollection - Parsing relationship: /xl/worksheets/_rels/sheet1.xml.rels
22:53:49.324  [main] DEBUG org.apache.poi.openxml4j.opc.PackageRelationshipCollection - Parsing relationship: /xl/worksheets/_rels/sheet2.xml.rels
22:53:49.325  [main] DEBUG org.apache.poi.openxml4j.opc.PackageRelationshipCollection - Parsing relationship: /_rels/.rels
22:53:49.349  [main] DEBUG org.apache.poi.openxml4j.opc.PackageRelationshipCollection - Parsing relationship: /xl/_rels/workbook.xml.rels
22:53:49.352  [main] DEBUG org.apache.poi.openxml4j.opc.PackageRelationshipCollection - Parsing relationship: /xl/worksheets/_rels/sheet1.xml.rels
22:53:49.352  [main] DEBUG org.apache.poi.openxml4j.opc.PackageRelationshipCollection - Parsing relationship: /xl/worksheets/_rels/sheet2.xml.rels
22:53:49.353  [main] DEBUG org.apache.poi.openxml4j.opc.PackageRelationshipCollection - Parsing relationship: /_rels/.rels
22:53:49.379  [main] DEBUG org.apache.poi.openxml4j.opc.PackageRelationshipCollection - Parsing relationship: /xl/_rels/workbook.xml.rels
22:53:49.382  [main] DEBUG org.apache.poi.openxml4j.opc.PackageRelationshipCollection - Parsing relationship: /xl/worksheets/_rels/sheet1.xml.rels
22:53:49.383  [main] DEBUG org.apache.poi.openxml4j.opc.PackageRelationshipCollection - Parsing relationship: /xl/worksheets/_rels/sheet2.xml.rels
22:53:49.383  [main] DEBUG org.apache.poi.openxml4j.opc.PackageRelationshipCollection - Parsing relationship: /_rels/.rels
22:53:49.400  [main] DEBUG org.apache.poi.openxml4j.opc.PackageRelationshipCollection - Parsing relationship: /xl/_rels/workbook.xml.rels
22:53:49.401  [main] DEBUG org.apache.poi.openxml4j.opc.PackageRelationshipCollection - Parsing relationship: /xl/worksheets/_rels/sheet1.xml.rels
22:53:49.401  [main] DEBUG org.apache.poi.openxml4j.opc.PackageRelationshipCollection - Parsing relationship: /xl/worksheets/_rels/sheet2.xml.rels
22:53:49.402  [main] DEBUG org.apache.poi.openxml4j.opc.PackageRelationshipCollection - Parsing relationship: /_rels/.rels
22:53:49.434  [main] INFO  api.test.PetTest - ********************************************
22:53:49.434  [main] INFO  api.test.PetTest - ***** Starting testUpdateExistingPetPutResponse *****
22:53:49.434  [main] INFO  api.test.PetTest - Pet object created with updated data
22:53:49.434  [main] INFO  api.test.PetTest - Sending PUT request to update the existing pet.
22:53:49.462  [main] INFO  api.utilities.RequestResponseFilter - ======================================================================================
22:53:49.465  [main] INFO  api.utilities.RequestResponseFilter - ======================================================================================
22:53:49.466  [main] INFO  api.utilities.RequestResponseFilter - cURL Command: 
curl -X PUT 'https://petstore.swagger.io/v2/pet' -H 'Accept: application/json, application/javascript, text/javascript, text/json' -H 'Content-Type: application/json' --data '{"id":"10","category":{"id":"123","name":"Bird555"},"name":"Sona","photoUrls":["www.google.com","www.facebook.com"],"tags":[{"id":"11","name":"Red"}],"status":"available"}'
22:53:51.666  [main] INFO  api.utilities.RequestResponseFilter - ******************************************************************
22:53:51.668  [main] INFO  api.utilities.RequestResponseFilter - Response Status line: 
HTTP/1.1 200 OK
22:53:51.669  [main] INFO  api.utilities.RequestResponseFilter - Response Body: 
{
    "id": 10,
    "category": {
        "id": 123,
        "name": "Bird555"
    },
    "name": "Sona",
    "photoUrls": [
        "www.google.com",
        "www.facebook.com"
    ],
    "tags": [
        {
            "id": 11,
            "name": "Red"
        }
    ],
    "status": "available"
}
22:53:51.669  [main] INFO  api.utilities.RequestResponseFilter - Response Headers: 
Date=Wed, 04 Dec 2024 17:23:51 GMT
Content-Type=application/json
Transfer-Encoding=chunked
Connection=keep-alive
Access-Control-Allow-Origin=*
Access-Control-Allow-Methods=GET, POST, DELETE, PUT
Access-Control-Allow-Headers=Content-Type, api_key, Authorization
Server=Jetty(9.2.9.v20150224)
22:53:51.670  [main] INFO  api.utilities.RequestResponseFilter - ======================================================================================
22:53:51.670  [main] INFO  api.utilities.RequestResponseFilter - ======================================================================================
22:53:51.680  [main] INFO  api.test.PetTest - Response mapped to Pet object
22:53:51.680  [main] INFO  api.test.PetTest - Asserting response status, headers, and time
22:53:51.681  [main] INFO  api.test.PetTest - Asserting updated pet data between request and response
22:53:51.681  [main] INFO  api.test.PetTest - Asserting pet tags
22:53:51.681  [main] INFO  api.test.PetTest - Asserting pet status
22:53:51.681  [main] INFO  api.test.PetTest - ***** Finished testUpdateExistingPetPutResponse *****
22:53:51.682  [main] INFO  api.test.PetTest - ********************************************
22:53:51.693  [main] INFO  api.test.PetTest - ********************************************
22:53:51.693  [main] INFO  api.test.PetTest - ***** Starting testUpdateExistingPetPutResponse *****
22:53:51.693  [main] INFO  api.test.PetTest - Pet object created with updated data
22:53:51.693  [main] INFO  api.test.PetTest - Sending PUT request to update the existing pet.
22:53:51.706  [main] INFO  api.utilities.RequestResponseFilter - ======================================================================================
22:53:51.707  [main] INFO  api.utilities.RequestResponseFilter - ======================================================================================
22:53:51.707  [main] INFO  api.utilities.RequestResponseFilter - cURL Command: 
curl -X PUT 'https://petstore.swagger.io/v2/pet' -H 'Accept: application/json, application/javascript, text/javascript, text/json' -H 'Content-Type: application/json' --data '{"id":"20","category":{"id":"234","name":"Animal555"},"name":"Lucky","photoUrls":["www.google.com","www.facebook.com"],"tags":[{"id":"22","name":"Black"}],"status":"pending"}'
22:53:53.148  [main] INFO  api.utilities.RequestResponseFilter - ******************************************************************
22:53:53.150  [main] INFO  api.utilities.RequestResponseFilter - Response Status line: 
HTTP/1.1 200 OK
22:53:53.154  [main] INFO  api.utilities.RequestResponseFilter - Response Body: 
{
    "id": 20,
    "category": {
        "id": 234,
        "name": "Animal555"
    },
    "name": "Lucky",
    "photoUrls": [
        "www.google.com",
        "www.facebook.com"
    ],
    "tags": [
        {
            "id": 22,
            "name": "Black"
        }
    ],
    "status": "pending"
}
22:53:53.154  [main] INFO  api.utilities.RequestResponseFilter - Response Headers: 
Date=Wed, 04 Dec 2024 17:23:53 GMT
Content-Type=application/json
Transfer-Encoding=chunked
Connection=keep-alive
Access-Control-Allow-Origin=*
Access-Control-Allow-Methods=GET, POST, DELETE, PUT
Access-Control-Allow-Headers=Content-Type, api_key, Authorization
Server=Jetty(9.2.9.v20150224)
22:53:53.154  [main] INFO  api.utilities.RequestResponseFilter - ======================================================================================
22:53:53.154  [main] INFO  api.utilities.RequestResponseFilter - ======================================================================================
22:53:53.165  [main] INFO  api.test.PetTest - Response mapped to Pet object
22:53:53.165  [main] INFO  api.test.PetTest - Asserting response status, headers, and time
22:53:53.166  [main] INFO  api.test.PetTest - Asserting updated pet data between request and response
22:53:53.166  [main] INFO  api.test.PetTest - Asserting pet tags
22:53:53.166  [main] INFO  api.test.PetTest - Asserting pet status
22:53:53.166  [main] INFO  api.test.PetTest - ***** Finished testUpdateExistingPetPutResponse *****
22:53:53.166  [main] INFO  api.test.PetTest - ********************************************
22:53:53.185  [main] INFO  api.test.PetTest - ********************************************
22:53:53.185  [main] INFO  api.test.PetTest - ***** Starting testUpdateExistingPetPutResponse *****
22:53:53.185  [main] INFO  api.test.PetTest - Pet object created with updated data
22:53:53.186  [main] INFO  api.test.PetTest - Sending PUT request to update the existing pet.
22:53:53.203  [main] INFO  api.utilities.RequestResponseFilter - ======================================================================================
22:53:53.203  [main] INFO  api.utilities.RequestResponseFilter - ======================================================================================
22:53:53.204  [main] INFO  api.utilities.RequestResponseFilter - cURL Command: 
curl -X PUT 'https://petstore.swagger.io/v2/pet' -H 'Accept: application/json, application/javascript, text/javascript, text/json' -H 'Content-Type: application/json' --data '{"id":"30","category":{"id":"345","name":"Fish555"},"name":"Goldy","photoUrls":["www.google.com","www.facebook.com"],"tags":[{"id":"33","name":"Golden"}],"status":"sold"}'
22:54:04.327  [main] INFO  api.test.PetTest - ********************************************
22:54:04.334  [main] INFO  api.test.PetTest - ***** Starting testUpdatePetPostResponse *****
22:54:05.238  [main] INFO  api.utilities.RequestResponseFilter - ======================================================================================
22:54:05.238  [main] INFO  api.utilities.RequestResponseFilter - ======================================================================================
22:54:05.240  [main] INFO  api.utilities.RequestResponseFilter - cURL Command: 
curl -X POST 'https://petstore.swagger.io/v2/pet/30' -H 'Accept: application/json' -H 'Content-Type: application/x-www-form-urlencoded; charset=ISO-8859-1'
22:54:09.820  [main] INFO  api.utilities.RequestResponseFilter - ******************************************************************
