14:13:18.542  [main] DEBUG org.apache.poi.openxml4j.opc.PackageRelationshipCollection - Parsing relationship: /xl/worksheets/_rels/sheet2.xml.rels
14:13:18.554  [main] DEBUG org.apache.poi.openxml4j.opc.PackageRelationshipCollection - Parsing relationship: /_rels/.rels
14:13:18.602  [main] DEBUG org.apache.poi.openxml4j.opc.PackageRelationshipCollection - Parsing relationship: /xl/_rels/workbook.xml.rels
14:13:18.603  [main] DEBUG org.apache.poi.openxml4j.opc.PackageRelationshipCollection - Parsing relationship: /xl/worksheets/_rels/sheet1.xml.rels
14:13:18.605  [main] DEBUG org.apache.poi.openxml4j.opc.PackageRelationshipCollection - Parsing relationship: /xl/worksheets/_rels/sheet2.xml.rels
14:13:18.607  [main] DEBUG org.apache.poi.openxml4j.opc.PackageRelationshipCollection - Parsing relationship: /_rels/.rels
14:13:18.651  [main] DEBUG org.apache.poi.openxml4j.opc.PackageRelationshipCollection - Parsing relationship: /xl/_rels/workbook.xml.rels
14:13:18.652  [main] DEBUG org.apache.poi.openxml4j.opc.PackageRelationshipCollection - Parsing relationship: /xl/worksheets/_rels/sheet1.xml.rels
14:13:18.654  [main] DEBUG org.apache.poi.openxml4j.opc.PackageRelationshipCollection - Parsing relationship: /xl/worksheets/_rels/sheet2.xml.rels
14:13:18.656  [main] DEBUG org.apache.poi.openxml4j.opc.PackageRelationshipCollection - Parsing relationship: /_rels/.rels
14:13:18.699  [main] DEBUG org.apache.poi.openxml4j.opc.PackageRelationshipCollection - Parsing relationship: /xl/_rels/workbook.xml.rels
14:13:18.702  [main] DEBUG org.apache.poi.openxml4j.opc.PackageRelationshipCollection - Parsing relationship: /xl/worksheets/_rels/sheet1.xml.rels
14:13:18.703  [main] DEBUG org.apache.poi.openxml4j.opc.PackageRelationshipCollection - Parsing relationship: /xl/worksheets/_rels/sheet2.xml.rels
14:13:18.705  [main] DEBUG org.apache.poi.openxml4j.opc.PackageRelationshipCollection - Parsing relationship: /_rels/.rels
14:13:18.746  [main] DEBUG org.apache.poi.openxml4j.opc.PackageRelationshipCollection - Parsing relationship: /xl/_rels/workbook.xml.rels
14:13:18.747  [main] DEBUG org.apache.poi.openxml4j.opc.PackageRelationshipCollection - Parsing relationship: /xl/worksheets/_rels/sheet1.xml.rels
14:13:18.749  [main] DEBUG org.apache.poi.openxml4j.opc.PackageRelationshipCollection - Parsing relationship: /xl/worksheets/_rels/sheet2.xml.rels
14:13:18.750  [main] DEBUG org.apache.poi.openxml4j.opc.PackageRelationshipCollection - Parsing relationship: /_rels/.rels
14:13:18.785  [main] DEBUG org.apache.poi.openxml4j.opc.PackageRelationshipCollection - Parsing relationship: /xl/_rels/workbook.xml.rels
14:13:18.787  [main] DEBUG org.apache.poi.openxml4j.opc.PackageRelationshipCollection - Parsing relationship: /xl/worksheets/_rels/sheet1.xml.rels
14:13:18.788  [main] DEBUG org.apache.poi.openxml4j.opc.PackageRelationshipCollection - Parsing relationship: /xl/worksheets/_rels/sheet2.xml.rels
14:13:18.789  [main] DEBUG org.apache.poi.openxml4j.opc.PackageRelationshipCollection - Parsing relationship: /_rels/.rels
14:13:18.835  [main] DEBUG org.apache.poi.openxml4j.opc.PackageRelationshipCollection - Parsing relationship: /xl/_rels/workbook.xml.rels
14:13:18.836  [main] DEBUG org.apache.poi.openxml4j.opc.PackageRelationshipCollection - Parsing relationship: /xl/worksheets/_rels/sheet1.xml.rels
14:13:18.837  [main] DEBUG org.apache.poi.openxml4j.opc.PackageRelationshipCollection - Parsing relationship: /xl/worksheets/_rels/sheet2.xml.rels
14:13:18.838  [main] DEBUG org.apache.poi.openxml4j.opc.PackageRelationshipCollection - Parsing relationship: /_rels/.rels
14:13:18.878  [main] DEBUG org.apache.poi.openxml4j.opc.PackageRelationshipCollection - Parsing relationship: /xl/_rels/workbook.xml.rels
14:13:18.879  [main] DEBUG org.apache.poi.openxml4j.opc.PackageRelationshipCollection - Parsing relationship: /xl/worksheets/_rels/sheet1.xml.rels
14:13:18.881  [main] DEBUG org.apache.poi.openxml4j.opc.PackageRelationshipCollection - Parsing relationship: /xl/worksheets/_rels/sheet2.xml.rels
14:13:18.883  [main] DEBUG org.apache.poi.openxml4j.opc.PackageRelationshipCollection - Parsing relationship: /_rels/.rels
14:13:18.927  [main] DEBUG org.apache.poi.openxml4j.opc.PackageRelationshipCollection - Parsing relationship: /xl/_rels/workbook.xml.rels
14:13:18.929  [main] DEBUG org.apache.poi.openxml4j.opc.PackageRelationshipCollection - Parsing relationship: /xl/worksheets/_rels/sheet1.xml.rels
14:13:18.932  [main] DEBUG org.apache.poi.openxml4j.opc.PackageRelationshipCollection - Parsing relationship: /xl/worksheets/_rels/sheet2.xml.rels
14:13:18.933  [main] DEBUG org.apache.poi.openxml4j.opc.PackageRelationshipCollection - Parsing relationship: /_rels/.rels
14:13:20.068  [main] INFO  api.test.PetTest - ********************************************************
14:13:20.068  [main] INFO  api.test.PetTest - ***** <<<<<Starting testAddNewPetPostResponse>>>>> *****
14:13:20.068  [main] INFO  api.test.PetTest - Test Input Data: Pet ID: 10, Category ID: 123, Category Name: Bird, Pet Name: Sona, Photo URLs: [www.google.com, www.facebook.com], Tag ID: 10, Tag Name: Red, Pet Status: available
14:13:20.075  [main] INFO  api.test.PetTest - Pet object created successfully
14:13:20.075  [main] INFO  api.test.PetTest - Sending POST request to add a new pet.
14:13:21.768  [main] INFO  api.utilities.RequestResponseFilter - ======================================================================================
14:13:21.768  [main] INFO  api.utilities.RequestResponseFilter - ======================================================================================
14:13:21.772  [main] INFO  api.utilities.RequestResponseFilter - cURL Command: 
curl -X POST 'https://petstore.swagger.io/v2/pet' -H 'Accept: application/json, application/javascript, text/javascript, text/json' -H 'Content-Type: application/json' --data '{"id":"10","category":{"id":"123","name":"Bird"},"name":"Sona","photoUrls":["www.google.com","www.facebook.com"],"tags":[{"id":"10","name":"Red"}],"status":"available"}'
14:13:27.563  [main] INFO  api.utilities.RequestResponseFilter - ******************************************************************
14:13:27.663  [main] INFO  api.utilities.RequestResponseFilter - Response Status line: 
HTTP/1.1 200 OK
14:13:27.668  [main] INFO  api.utilities.RequestResponseFilter - Response Body: 
{
    "id": 10,
    "category": {
        "id": 123,
        "name": "Bird"
    },
    "name": "Sona",
    "photoUrls": [
        "www.google.com",
        "www.facebook.com"
    ],
    "tags": [
        {
            "id": 10,
            "name": "Red"
        }
    ],
    "status": "available"
}
14:13:27.669  [main] INFO  api.utilities.RequestResponseFilter - Response Headers: 
Date=Sun, 01 Dec 2024 08:43:26 GMT
Content-Type=application/json
Transfer-Encoding=chunked
Connection=keep-alive
Access-Control-Allow-Origin=*
Access-Control-Allow-Methods=GET, POST, DELETE, PUT
Access-Control-Allow-Headers=Content-Type, api_key, Authorization
Server=Jetty(9.2.9.v20150224)
14:13:27.671  [main] INFO  api.utilities.RequestResponseFilter - ======================================================================================
14:13:27.671  [main] INFO  api.utilities.RequestResponseFilter - ======================================================================================
14:13:27.758  [main] INFO  api.test.PetTest - Response mapped to Pet object
14:13:27.761  [main] INFO  api.test.PetTest - Asserting response status, headers, and time
14:13:27.792  [main] ERROR api.test.PetTest - Test assertion failed: Response time is outside the expected range (200-3000ms). expected [true] but found [false]
14:13:27.792  [main] DEBUG api.test.PetTest - Assertion failure details
java.lang.AssertionError: Response time is outside the expected range (200-3000ms). expected [true] but found [false]
	at org.testng.Assert.fail(Assert.java:111) ~[org.testng_7.10.1.r202404130807.jar:7.10.1]
	at org.testng.Assert.failNotEquals(Assert.java:1578) ~[org.testng_7.10.1.r202404130807.jar:7.10.1]
	at org.testng.Assert.assertTrue(Assert.java:57) ~[org.testng_7.10.1.r202404130807.jar:7.10.1]
	at api.test.PetTest.testAddNewPetPostResponse(PetTest.java:117) ~[test-classes/:?]
	at java.base/jdk.internal.reflect.NativeMethodAccessorImpl.invoke0(Native Method) ~[?:?]
	at java.base/jdk.internal.reflect.NativeMethodAccessorImpl.invoke(NativeMethodAccessorImpl.java:77) ~[?:?]
	at java.base/jdk.internal.reflect.DelegatingMethodAccessorImpl.invoke(DelegatingMethodAccessorImpl.java:43) ~[?:?]
	at java.base/java.lang.reflect.Method.invoke(Method.java:568) ~[?:?]
	at org.testng.internal.invokers.MethodInvocationHelper.invokeMethod(MethodInvocationHelper.java:141) ~[org.testng_7.10.1.r202404130807.jar:7.10.1]
	at org.testng.internal.invokers.TestInvoker.invokeMethod(TestInvoker.java:686) ~[org.testng_7.10.1.r202404130807.jar:7.10.1]
	at org.testng.internal.invokers.TestInvoker.invokeTestMethod(TestInvoker.java:230) ~[org.testng_7.10.1.r202404130807.jar:7.10.1]
	at org.testng.internal.invokers.MethodRunner.runInSequence(MethodRunner.java:63) ~[org.testng_7.10.1.r202404130807.jar:7.10.1]
	at org.testng.internal.invokers.TestInvoker$MethodInvocationAgent.invoke(TestInvoker.java:992) ~[org.testng_7.10.1.r202404130807.jar:7.10.1]
	at org.testng.internal.invokers.TestInvoker.invokeTestMethods(TestInvoker.java:203) ~[org.testng_7.10.1.r202404130807.jar:7.10.1]
	at org.testng.internal.invokers.TestMethodWorker.invokeTestMethods(TestMethodWorker.java:154) ~[org.testng_7.10.1.r202404130807.jar:7.10.1]
	at org.testng.internal.invokers.TestMethodWorker.run(TestMethodWorker.java:134) ~[org.testng_7.10.1.r202404130807.jar:7.10.1]
	at java.base/java.util.ArrayList.forEach(ArrayList.java:1511) [?:?]
	at org.testng.TestRunner.privateRun(TestRunner.java:739) [org.testng_7.10.1.r202404130807.jar:7.10.1]
	at org.testng.TestRunner.run(TestRunner.java:614) [org.testng_7.10.1.r202404130807.jar:7.10.1]
	at org.testng.SuiteRunner.runTest(SuiteRunner.java:421) [org.testng_7.10.1.r202404130807.jar:7.10.1]
	at org.testng.SuiteRunner.runSequentially(SuiteRunner.java:413) [org.testng_7.10.1.r202404130807.jar:7.10.1]
	at org.testng.SuiteRunner.privateRun(SuiteRunner.java:373) [org.testng_7.10.1.r202404130807.jar:7.10.1]
	at org.testng.SuiteRunner.run(SuiteRunner.java:312) [org.testng_7.10.1.r202404130807.jar:7.10.1]
	at org.testng.SuiteRunnerWorker.runSuite(SuiteRunnerWorker.java:52) [org.testng_7.10.1.r202404130807.jar:7.10.1]
	at org.testng.SuiteRunnerWorker.run(SuiteRunnerWorker.java:95) [org.testng_7.10.1.r202404130807.jar:7.10.1]
	at org.testng.TestNG.runSuitesSequentially(TestNG.java:1274) [org.testng_7.10.1.r202404130807.jar:7.10.1]
	at org.testng.TestNG.runSuitesLocally(TestNG.java:1208) [org.testng_7.10.1.r202404130807.jar:7.10.1]
	at org.testng.TestNG.runSuites(TestNG.java:1112) [org.testng_7.10.1.r202404130807.jar:7.10.1]
	at org.testng.TestNG.run(TestNG.java:1079) [org.testng_7.10.1.r202404130807.jar:7.10.1]
	at org.testng.remote.AbstractRemoteTestNG.run(AbstractRemoteTestNG.java:115) [testng-remote.jar:?]
	at org.testng.remote.RemoteTestNG.initAndRun(RemoteTestNG.java:293) [testng-remote.jar:?]
	at org.testng.remote.RemoteTestNG.main(RemoteTestNG.java:91) [testng-remote.jar:?]
14:13:27.809  [main] INFO  api.test.PetTest - ***************<<<<<Finished testAddNewPetPostResponse>>>>>**********************
14:13:27.810  [main] INFO  api.test.PetTest - ***************<<<<<<<<<<<<<<<<<<<<<>>>>>>>>>>>>>>>>>>>>>>>**********************
14:13:27.903  [main] INFO  api.test.PetTest - ********************************************************
14:13:27.904  [main] INFO  api.test.PetTest - ***** <<<<<Starting testAddNewPetPostResponse>>>>> *****
14:13:27.904  [main] INFO  api.test.PetTest - Test Input Data: Pet ID: 20, Category ID: 234, Category Name: Animal, Pet Name: Lucky, Photo URLs: [www.google.com, www.facebook.com], Tag ID: 20, Tag Name: Black, Pet Status: pending
14:13:27.904  [main] INFO  api.test.PetTest - Pet object created successfully
14:13:27.905  [main] INFO  api.test.PetTest - Sending POST request to add a new pet.
14:13:27.933  [main] INFO  api.utilities.RequestResponseFilter - ======================================================================================
14:13:27.934  [main] INFO  api.utilities.RequestResponseFilter - ======================================================================================
14:13:27.945  [main] INFO  api.utilities.RequestResponseFilter - cURL Command: 
curl -X POST 'https://petstore.swagger.io/v2/pet' -H 'Accept: application/json, application/javascript, text/javascript, text/json' -H 'Content-Type: application/json' --data '{"id":"20","category":{"id":"234","name":"Animal"},"name":"Lucky","photoUrls":["www.google.com","www.facebook.com"],"tags":[{"id":"20","name":"Black"}],"status":"pending"}'
14:13:29.545  [main] INFO  api.utilities.RequestResponseFilter - ******************************************************************
14:13:29.548  [main] INFO  api.utilities.RequestResponseFilter - Response Status line: 
HTTP/1.1 200 OK
14:13:29.551  [main] INFO  api.utilities.RequestResponseFilter - Response Body: 
{
    "id": 20,
    "category": {
        "id": 234,
        "name": "Animal"
    },
    "name": "Lucky",
    "photoUrls": [
        "www.google.com",
        "www.facebook.com"
    ],
    "tags": [
        {
            "id": 20,
            "name": "Black"
        }
    ],
    "status": "pending"
}
14:13:29.551  [main] INFO  api.utilities.RequestResponseFilter - Response Headers: 
Date=Sun, 01 Dec 2024 08:43:28 GMT
Content-Type=application/json
Transfer-Encoding=chunked
Connection=keep-alive
Access-Control-Allow-Origin=*
Access-Control-Allow-Methods=GET, POST, DELETE, PUT
Access-Control-Allow-Headers=Content-Type, api_key, Authorization
Server=Jetty(9.2.9.v20150224)
14:13:29.551  [main] INFO  api.utilities.RequestResponseFilter - ======================================================================================
14:13:29.551  [main] INFO  api.utilities.RequestResponseFilter - ======================================================================================
14:13:29.565  [main] INFO  api.test.PetTest - Response mapped to Pet object
14:13:29.565  [main] INFO  api.test.PetTest - Asserting response status, headers, and time
14:13:29.566  [main] INFO  api.utilities.XLUtility - Getting sheets from the workbook.
14:13:29.574  [main] DEBUG org.apache.poi.openxml4j.opc.PackageRelationshipCollection - Parsing relationship: /xl/_rels/workbook.xml.rels
14:13:29.576  [main] DEBUG org.apache.poi.openxml4j.opc.PackageRelationshipCollection - Parsing relationship: /xl/worksheets/_rels/sheet1.xml.rels
14:13:29.577  [main] DEBUG org.apache.poi.openxml4j.opc.PackageRelationshipCollection - Parsing relationship: /_rels/.rels
14:13:29.602  [main] INFO  api.utilities.XLUtility - Test Data Found in Row: 1
14:13:29.605  [main] ERROR api.test.PetTest - Unexpected exception occurred: Cannot invoke "org.apache.poi.xssf.usermodel.XSSFCell.getStringCellValue()" because the return value of "org.apache.poi.xssf.usermodel.XSSFRow.getCell(int)" is null
14:13:29.605  [main] DEBUG api.test.PetTest - Exception details
java.lang.NullPointerException: Cannot invoke "org.apache.poi.xssf.usermodel.XSSFCell.getStringCellValue()" because the return value of "org.apache.poi.xssf.usermodel.XSSFRow.getCell(int)" is null
	at api.utilities.XLUtility.getData(XLUtility.java:159) ~[test-classes/:?]
	at api.test.PetTest.testAddNewPetPostResponse(PetTest.java:121) ~[test-classes/:?]
	at java.base/jdk.internal.reflect.NativeMethodAccessorImpl.invoke0(Native Method) ~[?:?]
	at java.base/jdk.internal.reflect.NativeMethodAccessorImpl.invoke(NativeMethodAccessorImpl.java:77) ~[?:?]
	at java.base/jdk.internal.reflect.DelegatingMethodAccessorImpl.invoke(DelegatingMethodAccessorImpl.java:43) ~[?:?]
	at java.base/java.lang.reflect.Method.invoke(Method.java:568) ~[?:?]
	at org.testng.internal.invokers.MethodInvocationHelper.invokeMethod(MethodInvocationHelper.java:141) ~[org.testng_7.10.1.r202404130807.jar:7.10.1]
	at org.testng.internal.invokers.TestInvoker.invokeMethod(TestInvoker.java:686) ~[org.testng_7.10.1.r202404130807.jar:7.10.1]
	at org.testng.internal.invokers.TestInvoker.invokeTestMethod(TestInvoker.java:230) ~[org.testng_7.10.1.r202404130807.jar:7.10.1]
	at org.testng.internal.invokers.MethodRunner.runInSequence(MethodRunner.java:63) ~[org.testng_7.10.1.r202404130807.jar:7.10.1]
	at org.testng.internal.invokers.TestInvoker$MethodInvocationAgent.invoke(TestInvoker.java:992) ~[org.testng_7.10.1.r202404130807.jar:7.10.1]
	at org.testng.internal.invokers.TestInvoker.invokeTestMethods(TestInvoker.java:203) ~[org.testng_7.10.1.r202404130807.jar:7.10.1]
	at org.testng.internal.invokers.TestMethodWorker.invokeTestMethods(TestMethodWorker.java:154) ~[org.testng_7.10.1.r202404130807.jar:7.10.1]
	at org.testng.internal.invokers.TestMethodWorker.run(TestMethodWorker.java:134) ~[org.testng_7.10.1.r202404130807.jar:7.10.1]
	at java.base/java.util.ArrayList.forEach(ArrayList.java:1511) [?:?]
	at org.testng.TestRunner.privateRun(TestRunner.java:739) [org.testng_7.10.1.r202404130807.jar:7.10.1]
	at org.testng.TestRunner.run(TestRunner.java:614) [org.testng_7.10.1.r202404130807.jar:7.10.1]
	at org.testng.SuiteRunner.runTest(SuiteRunner.java:421) [org.testng_7.10.1.r202404130807.jar:7.10.1]
	at org.testng.SuiteRunner.runSequentially(SuiteRunner.java:413) [org.testng_7.10.1.r202404130807.jar:7.10.1]
	at org.testng.SuiteRunner.privateRun(SuiteRunner.java:373) [org.testng_7.10.1.r202404130807.jar:7.10.1]
	at org.testng.SuiteRunner.run(SuiteRunner.java:312) [org.testng_7.10.1.r202404130807.jar:7.10.1]
	at org.testng.SuiteRunnerWorker.runSuite(SuiteRunnerWorker.java:52) [org.testng_7.10.1.r202404130807.jar:7.10.1]
	at org.testng.SuiteRunnerWorker.run(SuiteRunnerWorker.java:95) [org.testng_7.10.1.r202404130807.jar:7.10.1]
	at org.testng.TestNG.runSuitesSequentially(TestNG.java:1274) [org.testng_7.10.1.r202404130807.jar:7.10.1]
	at org.testng.TestNG.runSuitesLocally(TestNG.java:1208) [org.testng_7.10.1.r202404130807.jar:7.10.1]
	at org.testng.TestNG.runSuites(TestNG.java:1112) [org.testng_7.10.1.r202404130807.jar:7.10.1]
	at org.testng.TestNG.run(TestNG.java:1079) [org.testng_7.10.1.r202404130807.jar:7.10.1]
	at org.testng.remote.AbstractRemoteTestNG.run(AbstractRemoteTestNG.java:115) [testng-remote.jar:?]
	at org.testng.remote.RemoteTestNG.initAndRun(RemoteTestNG.java:293) [testng-remote.jar:?]
	at org.testng.remote.RemoteTestNG.main(RemoteTestNG.java:91) [testng-remote.jar:?]
14:13:29.606  [main] INFO  api.test.PetTest - ***************<<<<<Finished testAddNewPetPostResponse>>>>>**********************
14:13:29.607  [main] INFO  api.test.PetTest - ***************<<<<<<<<<<<<<<<<<<<<<>>>>>>>>>>>>>>>>>>>>>>>**********************
14:13:29.649  [main] INFO  api.test.PetTest - ********************************************************
14:13:29.649  [main] INFO  api.test.PetTest - ***** <<<<<Starting testAddNewPetPostResponse>>>>> *****
14:13:29.653  [main] INFO  api.test.PetTest - Test Input Data: Pet ID: 30, Category ID: 345, Category Name: Fish, Pet Name: Goldy, Photo URLs: [www.google.com, www.facebook.com], Tag ID: 30, Tag Name: Golden, Pet Status: sold
14:13:29.653  [main] INFO  api.test.PetTest - Pet object created successfully
14:13:29.653  [main] INFO  api.test.PetTest - Sending POST request to add a new pet.
14:13:29.679  [main] INFO  api.utilities.RequestResponseFilter - ======================================================================================
14:13:29.679  [main] INFO  api.utilities.RequestResponseFilter - ======================================================================================
14:13:29.682  [main] INFO  api.utilities.RequestResponseFilter - cURL Command: 
curl -X POST 'https://petstore.swagger.io/v2/pet' -H 'Accept: application/json, application/javascript, text/javascript, text/json' -H 'Content-Type: application/json' --data '{"id":"30","category":{"id":"345","name":"Fish"},"name":"Goldy","photoUrls":["www.google.com","www.facebook.com"],"tags":[{"id":"30","name":"Golden"}],"status":"sold"}'
14:13:31.826  [main] INFO  api.utilities.RequestResponseFilter - ******************************************************************
14:13:31.828  [main] INFO  api.utilities.RequestResponseFilter - Response Status line: 
HTTP/1.1 200 OK
14:13:31.831  [main] INFO  api.utilities.RequestResponseFilter - Response Body: 
{
    "id": 30,
    "category": {
        "id": 345,
        "name": "Fish"
    },
    "name": "Goldy",
    "photoUrls": [
        "www.google.com",
        "www.facebook.com"
    ],
    "tags": [
        {
            "id": 30,
            "name": "Golden"
        }
    ],
    "status": "sold"
}
14:13:31.831  [main] INFO  api.utilities.RequestResponseFilter - Response Headers: 
Date=Sun, 01 Dec 2024 08:43:30 GMT
Content-Type=application/json
Transfer-Encoding=chunked
Connection=keep-alive
Access-Control-Allow-Origin=*
Access-Control-Allow-Methods=GET, POST, DELETE, PUT
Access-Control-Allow-Headers=Content-Type, api_key, Authorization
Server=Jetty(9.2.9.v20150224)
14:13:31.832  [main] INFO  api.utilities.RequestResponseFilter - ======================================================================================
14:13:31.832  [main] INFO  api.utilities.RequestResponseFilter - ======================================================================================
14:13:31.845  [main] INFO  api.test.PetTest - Response mapped to Pet object
14:13:31.846  [main] INFO  api.test.PetTest - Asserting response status, headers, and time
14:13:31.846  [main] INFO  api.utilities.XLUtility - Getting sheets from the workbook.
14:13:31.856  [main] DEBUG org.apache.poi.openxml4j.opc.PackageRelationshipCollection - Parsing relationship: /xl/_rels/workbook.xml.rels
14:13:31.858  [main] DEBUG org.apache.poi.openxml4j.opc.PackageRelationshipCollection - Parsing relationship: /xl/worksheets/_rels/sheet1.xml.rels
14:13:31.859  [main] DEBUG org.apache.poi.openxml4j.opc.PackageRelationshipCollection - Parsing relationship: /_rels/.rels
14:13:31.877  [main] INFO  api.utilities.XLUtility - Test Data Found in Row: 1
14:13:31.878  [main] ERROR api.test.PetTest - Unexpected exception occurred: Cannot invoke "org.apache.poi.xssf.usermodel.XSSFCell.getStringCellValue()" because the return value of "org.apache.poi.xssf.usermodel.XSSFRow.getCell(int)" is null
14:13:31.878  [main] DEBUG api.test.PetTest - Exception details
java.lang.NullPointerException: Cannot invoke "org.apache.poi.xssf.usermodel.XSSFCell.getStringCellValue()" because the return value of "org.apache.poi.xssf.usermodel.XSSFRow.getCell(int)" is null
	at api.utilities.XLUtility.getData(XLUtility.java:159) ~[test-classes/:?]
	at api.test.PetTest.testAddNewPetPostResponse(PetTest.java:121) ~[test-classes/:?]
	at java.base/jdk.internal.reflect.NativeMethodAccessorImpl.invoke0(Native Method) ~[?:?]
	at java.base/jdk.internal.reflect.NativeMethodAccessorImpl.invoke(NativeMethodAccessorImpl.java:77) ~[?:?]
	at java.base/jdk.internal.reflect.DelegatingMethodAccessorImpl.invoke(DelegatingMethodAccessorImpl.java:43) ~[?:?]
	at java.base/java.lang.reflect.Method.invoke(Method.java:568) ~[?:?]
	at org.testng.internal.invokers.MethodInvocationHelper.invokeMethod(MethodInvocationHelper.java:141) ~[org.testng_7.10.1.r202404130807.jar:7.10.1]
	at org.testng.internal.invokers.TestInvoker.invokeMethod(TestInvoker.java:686) ~[org.testng_7.10.1.r202404130807.jar:7.10.1]
	at org.testng.internal.invokers.TestInvoker.invokeTestMethod(TestInvoker.java:230) ~[org.testng_7.10.1.r202404130807.jar:7.10.1]
	at org.testng.internal.invokers.MethodRunner.runInSequence(MethodRunner.java:63) ~[org.testng_7.10.1.r202404130807.jar:7.10.1]
	at org.testng.internal.invokers.TestInvoker$MethodInvocationAgent.invoke(TestInvoker.java:992) ~[org.testng_7.10.1.r202404130807.jar:7.10.1]
	at org.testng.internal.invokers.TestInvoker.invokeTestMethods(TestInvoker.java:203) ~[org.testng_7.10.1.r202404130807.jar:7.10.1]
	at org.testng.internal.invokers.TestMethodWorker.invokeTestMethods(TestMethodWorker.java:154) ~[org.testng_7.10.1.r202404130807.jar:7.10.1]
	at org.testng.internal.invokers.TestMethodWorker.run(TestMethodWorker.java:134) ~[org.testng_7.10.1.r202404130807.jar:7.10.1]
	at java.base/java.util.ArrayList.forEach(ArrayList.java:1511) [?:?]
	at org.testng.TestRunner.privateRun(TestRunner.java:739) [org.testng_7.10.1.r202404130807.jar:7.10.1]
	at org.testng.TestRunner.run(TestRunner.java:614) [org.testng_7.10.1.r202404130807.jar:7.10.1]
	at org.testng.SuiteRunner.runTest(SuiteRunner.java:421) [org.testng_7.10.1.r202404130807.jar:7.10.1]
	at org.testng.SuiteRunner.runSequentially(SuiteRunner.java:413) [org.testng_7.10.1.r202404130807.jar:7.10.1]
	at org.testng.SuiteRunner.privateRun(SuiteRunner.java:373) [org.testng_7.10.1.r202404130807.jar:7.10.1]
	at org.testng.SuiteRunner.run(SuiteRunner.java:312) [org.testng_7.10.1.r202404130807.jar:7.10.1]
	at org.testng.SuiteRunnerWorker.runSuite(SuiteRunnerWorker.java:52) [org.testng_7.10.1.r202404130807.jar:7.10.1]
	at org.testng.SuiteRunnerWorker.run(SuiteRunnerWorker.java:95) [org.testng_7.10.1.r202404130807.jar:7.10.1]
	at org.testng.TestNG.runSuitesSequentially(TestNG.java:1274) [org.testng_7.10.1.r202404130807.jar:7.10.1]
	at org.testng.TestNG.runSuitesLocally(TestNG.java:1208) [org.testng_7.10.1.r202404130807.jar:7.10.1]
	at org.testng.TestNG.runSuites(TestNG.java:1112) [org.testng_7.10.1.r202404130807.jar:7.10.1]
	at org.testng.TestNG.run(TestNG.java:1079) [org.testng_7.10.1.r202404130807.jar:7.10.1]
	at org.testng.remote.AbstractRemoteTestNG.run(AbstractRemoteTestNG.java:115) [testng-remote.jar:?]
	at org.testng.remote.RemoteTestNG.initAndRun(RemoteTestNG.java:293) [testng-remote.jar:?]
	at org.testng.remote.RemoteTestNG.main(RemoteTestNG.java:91) [testng-remote.jar:?]
14:13:31.880  [main] INFO  api.test.PetTest - ***************<<<<<Finished testAddNewPetPostResponse>>>>>**********************
14:13:31.881  [main] INFO  api.test.PetTest - ***************<<<<<<<<<<<<<<<<<<<<<>>>>>>>>>>>>>>>>>>>>>>>**********************
14:18:14.771  [main] DEBUG org.apache.poi.openxml4j.opc.PackageRelationshipCollection - Parsing relationship: /xl/_rels/workbook.xml.rels
14:18:14.783  [main] DEBUG org.apache.poi.openxml4j.opc.PackageRelationshipCollection - Parsing relationship: /xl/worksheets/_rels/sheet1.xml.rels
14:18:14.787  [main] DEBUG org.apache.poi.openxml4j.opc.PackageRelationshipCollection - Parsing relationship: /xl/worksheets/_rels/sheet2.xml.rels
14:18:14.791  [main] DEBUG org.apache.poi.openxml4j.opc.PackageRelationshipCollection - Parsing relationship: /_rels/.rels
14:18:15.724  [main] DEBUG org.apache.poi.openxml4j.opc.PackageRelationshipCollection - Parsing relationship: /xl/_rels/workbook.xml.rels
14:18:15.727  [main] DEBUG org.apache.poi.openxml4j.opc.PackageRelationshipCollection - Parsing relationship: /xl/worksheets/_rels/sheet1.xml.rels
14:18:15.732  [main] DEBUG org.apache.poi.openxml4j.opc.PackageRelationshipCollection - Parsing relationship: /xl/worksheets/_rels/sheet2.xml.rels
14:18:15.734  [main] DEBUG org.apache.poi.openxml4j.opc.PackageRelationshipCollection - Parsing relationship: /_rels/.rels
14:18:15.827  [main] DEBUG org.apache.poi.openxml4j.opc.PackageRelationshipCollection - Parsing relationship: /xl/_rels/workbook.xml.rels
14:18:15.829  [main] DEBUG org.apache.poi.openxml4j.opc.PackageRelationshipCollection - Parsing relationship: /xl/worksheets/_rels/sheet1.xml.rels
14:18:15.834  [main] DEBUG org.apache.poi.openxml4j.opc.PackageRelationshipCollection - Parsing relationship: /xl/worksheets/_rels/sheet2.xml.rels
14:18:15.836  [main] DEBUG org.apache.poi.openxml4j.opc.PackageRelationshipCollection - Parsing relationship: /_rels/.rels
14:18:15.915  [main] DEBUG org.apache.poi.openxml4j.opc.PackageRelationshipCollection - Parsing relationship: /xl/_rels/workbook.xml.rels
14:18:15.917  [main] DEBUG org.apache.poi.openxml4j.opc.PackageRelationshipCollection - Parsing relationship: /xl/worksheets/_rels/sheet1.xml.rels
14:18:15.919  [main] DEBUG org.apache.poi.openxml4j.opc.PackageRelationshipCollection - Parsing relationship: /xl/worksheets/_rels/sheet2.xml.rels
14:18:15.922  [main] DEBUG org.apache.poi.openxml4j.opc.PackageRelationshipCollection - Parsing relationship: /_rels/.rels
14:18:16.011  [main] DEBUG org.apache.poi.openxml4j.opc.PackageRelationshipCollection - Parsing relationship: /xl/_rels/workbook.xml.rels
14:18:16.014  [main] DEBUG org.apache.poi.openxml4j.opc.PackageRelationshipCollection - Parsing relationship: /xl/worksheets/_rels/sheet1.xml.rels
14:18:16.016  [main] DEBUG org.apache.poi.openxml4j.opc.PackageRelationshipCollection - Parsing relationship: /xl/worksheets/_rels/sheet2.xml.rels
14:18:16.017  [main] DEBUG org.apache.poi.openxml4j.opc.PackageRelationshipCollection - Parsing relationship: /_rels/.rels
14:18:16.077  [main] DEBUG org.apache.poi.openxml4j.opc.PackageRelationshipCollection - Parsing relationship: /xl/_rels/workbook.xml.rels
14:18:16.081  [main] DEBUG org.apache.poi.openxml4j.opc.PackageRelationshipCollection - Parsing relationship: /xl/worksheets/_rels/sheet1.xml.rels
14:18:16.083  [main] DEBUG org.apache.poi.openxml4j.opc.PackageRelationshipCollection - Parsing relationship: /xl/worksheets/_rels/sheet2.xml.rels
14:18:16.085  [main] DEBUG org.apache.poi.openxml4j.opc.PackageRelationshipCollection - Parsing relationship: /_rels/.rels
14:18:16.143  [main] DEBUG org.apache.poi.openxml4j.opc.PackageRelationshipCollection - Parsing relationship: /xl/_rels/workbook.xml.rels
14:18:16.145  [main] DEBUG org.apache.poi.openxml4j.opc.PackageRelationshipCollection - Parsing relationship: /xl/worksheets/_rels/sheet1.xml.rels
14:18:16.147  [main] DEBUG org.apache.poi.openxml4j.opc.PackageRelationshipCollection - Parsing relationship: /xl/worksheets/_rels/sheet2.xml.rels
14:18:16.150  [main] DEBUG org.apache.poi.openxml4j.opc.PackageRelationshipCollection - Parsing relationship: /_rels/.rels
14:18:16.217  [main] DEBUG org.apache.poi.openxml4j.opc.PackageRelationshipCollection - Parsing relationship: /xl/_rels/workbook.xml.rels
14:18:16.218  [main] DEBUG org.apache.poi.openxml4j.opc.PackageRelationshipCollection - Parsing relationship: /xl/worksheets/_rels/sheet1.xml.rels
14:18:16.220  [main] DEBUG org.apache.poi.openxml4j.opc.PackageRelationshipCollection - Parsing relationship: /xl/worksheets/_rels/sheet2.xml.rels
14:18:16.222  [main] DEBUG org.apache.poi.openxml4j.opc.PackageRelationshipCollection - Parsing relationship: /_rels/.rels
14:18:16.281  [main] DEBUG org.apache.poi.openxml4j.opc.PackageRelationshipCollection - Parsing relationship: /xl/_rels/workbook.xml.rels
14:18:16.283  [main] DEBUG org.apache.poi.openxml4j.opc.PackageRelationshipCollection - Parsing relationship: /xl/worksheets/_rels/sheet1.xml.rels
14:18:16.285  [main] DEBUG org.apache.poi.openxml4j.opc.PackageRelationshipCollection - Parsing relationship: /xl/worksheets/_rels/sheet2.xml.rels
14:18:16.286  [main] DEBUG org.apache.poi.openxml4j.opc.PackageRelationshipCollection - Parsing relationship: /_rels/.rels
14:18:16.334  [main] DEBUG org.apache.poi.openxml4j.opc.PackageRelationshipCollection - Parsing relationship: /xl/_rels/workbook.xml.rels
14:18:16.335  [main] DEBUG org.apache.poi.openxml4j.opc.PackageRelationshipCollection - Parsing relationship: /xl/worksheets/_rels/sheet1.xml.rels
14:18:16.337  [main] DEBUG org.apache.poi.openxml4j.opc.PackageRelationshipCollection - Parsing relationship: /xl/worksheets/_rels/sheet2.xml.rels
14:18:16.338  [main] DEBUG org.apache.poi.openxml4j.opc.PackageRelationshipCollection - Parsing relationship: /_rels/.rels
14:18:16.390  [main] DEBUG org.apache.poi.openxml4j.opc.PackageRelationshipCollection - Parsing relationship: /xl/_rels/workbook.xml.rels
14:18:16.392  [main] DEBUG org.apache.poi.openxml4j.opc.PackageRelationshipCollection - Parsing relationship: /xl/worksheets/_rels/sheet1.xml.rels
14:18:16.393  [main] DEBUG org.apache.poi.openxml4j.opc.PackageRelationshipCollection - Parsing relationship: /xl/worksheets/_rels/sheet2.xml.rels
14:18:16.395  [main] DEBUG org.apache.poi.openxml4j.opc.PackageRelationshipCollection - Parsing relationship: /_rels/.rels
14:18:16.445  [main] DEBUG org.apache.poi.openxml4j.opc.PackageRelationshipCollection - Parsing relationship: /xl/_rels/workbook.xml.rels
14:18:16.446  [main] DEBUG org.apache.poi.openxml4j.opc.PackageRelationshipCollection - Parsing relationship: /xl/worksheets/_rels/sheet1.xml.rels
14:18:16.448  [main] DEBUG org.apache.poi.openxml4j.opc.PackageRelationshipCollection - Parsing relationship: /xl/worksheets/_rels/sheet2.xml.rels
14:18:16.450  [main] DEBUG org.apache.poi.openxml4j.opc.PackageRelationshipCollection - Parsing relationship: /_rels/.rels
14:18:16.501  [main] DEBUG org.apache.poi.openxml4j.opc.PackageRelationshipCollection - Parsing relationship: /xl/_rels/workbook.xml.rels
14:18:16.502  [main] DEBUG org.apache.poi.openxml4j.opc.PackageRelationshipCollection - Parsing relationship: /xl/worksheets/_rels/sheet1.xml.rels
14:18:16.504  [main] DEBUG org.apache.poi.openxml4j.opc.PackageRelationshipCollection - Parsing relationship: /xl/worksheets/_rels/sheet2.xml.rels
14:18:16.506  [main] DEBUG org.apache.poi.openxml4j.opc.PackageRelationshipCollection - Parsing relationship: /_rels/.rels
14:18:16.553  [main] DEBUG org.apache.poi.openxml4j.opc.PackageRelationshipCollection - Parsing relationship: /xl/_rels/workbook.xml.rels
14:18:16.554  [main] DEBUG org.apache.poi.openxml4j.opc.PackageRelationshipCollection - Parsing relationship: /xl/worksheets/_rels/sheet1.xml.rels
14:18:16.555  [main] DEBUG org.apache.poi.openxml4j.opc.PackageRelationshipCollection - Parsing relationship: /xl/worksheets/_rels/sheet2.xml.rels
14:18:16.556  [main] DEBUG org.apache.poi.openxml4j.opc.PackageRelationshipCollection - Parsing relationship: /_rels/.rels
14:18:16.595  [main] DEBUG org.apache.poi.openxml4j.opc.PackageRelationshipCollection - Parsing relationship: /xl/_rels/workbook.xml.rels
14:18:16.597  [main] DEBUG org.apache.poi.openxml4j.opc.PackageRelationshipCollection - Parsing relationship: /xl/worksheets/_rels/sheet1.xml.rels
14:18:16.598  [main] DEBUG org.apache.poi.openxml4j.opc.PackageRelationshipCollection - Parsing relationship: /xl/worksheets/_rels/sheet2.xml.rels
14:18:16.600  [main] DEBUG org.apache.poi.openxml4j.opc.PackageRelationshipCollection - Parsing relationship: /_rels/.rels
14:18:16.636  [main] DEBUG org.apache.poi.openxml4j.opc.PackageRelationshipCollection - Parsing relationship: /xl/_rels/workbook.xml.rels
14:18:16.637  [main] DEBUG org.apache.poi.openxml4j.opc.PackageRelationshipCollection - Parsing relationship: /xl/worksheets/_rels/sheet1.xml.rels
14:18:16.639  [main] DEBUG org.apache.poi.openxml4j.opc.PackageRelationshipCollection - Parsing relationship: /xl/worksheets/_rels/sheet2.xml.rels
14:18:16.641  [main] DEBUG org.apache.poi.openxml4j.opc.PackageRelationshipCollection - Parsing relationship: /_rels/.rels
14:18:16.693  [main] DEBUG org.apache.poi.openxml4j.opc.PackageRelationshipCollection - Parsing relationship: /xl/_rels/workbook.xml.rels
14:18:16.694  [main] DEBUG org.apache.poi.openxml4j.opc.PackageRelationshipCollection - Parsing relationship: /xl/worksheets/_rels/sheet1.xml.rels
14:18:16.696  [main] DEBUG org.apache.poi.openxml4j.opc.PackageRelationshipCollection - Parsing relationship: /xl/worksheets/_rels/sheet2.xml.rels
14:18:16.697  [main] DEBUG org.apache.poi.openxml4j.opc.PackageRelationshipCollection - Parsing relationship: /_rels/.rels
14:18:16.735  [main] DEBUG org.apache.poi.openxml4j.opc.PackageRelationshipCollection - Parsing relationship: /xl/_rels/workbook.xml.rels
14:18:16.736  [main] DEBUG org.apache.poi.openxml4j.opc.PackageRelationshipCollection - Parsing relationship: /xl/worksheets/_rels/sheet1.xml.rels
14:18:16.737  [main] DEBUG org.apache.poi.openxml4j.opc.PackageRelationshipCollection - Parsing relationship: /xl/worksheets/_rels/sheet2.xml.rels
14:18:16.738  [main] DEBUG org.apache.poi.openxml4j.opc.PackageRelationshipCollection - Parsing relationship: /_rels/.rels
14:18:16.775  [main] DEBUG org.apache.poi.openxml4j.opc.PackageRelationshipCollection - Parsing relationship: /xl/_rels/workbook.xml.rels
14:18:16.777  [main] DEBUG org.apache.poi.openxml4j.opc.PackageRelationshipCollection - Parsing relationship: /xl/worksheets/_rels/sheet1.xml.rels
14:18:16.779  [main] DEBUG org.apache.poi.openxml4j.opc.PackageRelationshipCollection - Parsing relationship: /xl/worksheets/_rels/sheet2.xml.rels
14:18:16.780  [main] DEBUG org.apache.poi.openxml4j.opc.PackageRelationshipCollection - Parsing relationship: /_rels/.rels
14:18:16.818  [main] DEBUG org.apache.poi.openxml4j.opc.PackageRelationshipCollection - Parsing relationship: /xl/_rels/workbook.xml.rels
14:18:16.821  [main] DEBUG org.apache.poi.openxml4j.opc.PackageRelationshipCollection - Parsing relationship: /xl/worksheets/_rels/sheet1.xml.rels
14:18:16.823  [main] DEBUG org.apache.poi.openxml4j.opc.PackageRelationshipCollection - Parsing relationship: /xl/worksheets/_rels/sheet2.xml.rels
14:18:16.824  [main] DEBUG org.apache.poi.openxml4j.opc.PackageRelationshipCollection - Parsing relationship: /_rels/.rels
14:18:16.864  [main] DEBUG org.apache.poi.openxml4j.opc.PackageRelationshipCollection - Parsing relationship: /xl/_rels/workbook.xml.rels
14:18:16.865  [main] DEBUG org.apache.poi.openxml4j.opc.PackageRelationshipCollection - Parsing relationship: /xl/worksheets/_rels/sheet1.xml.rels
14:18:16.867  [main] DEBUG org.apache.poi.openxml4j.opc.PackageRelationshipCollection - Parsing relationship: /xl/worksheets/_rels/sheet2.xml.rels
14:18:16.868  [main] DEBUG org.apache.poi.openxml4j.opc.PackageRelationshipCollection - Parsing relationship: /_rels/.rels
14:18:16.915  [main] DEBUG org.apache.poi.openxml4j.opc.PackageRelationshipCollection - Parsing relationship: /xl/_rels/workbook.xml.rels
14:18:16.917  [main] DEBUG org.apache.poi.openxml4j.opc.PackageRelationshipCollection - Parsing relationship: /xl/worksheets/_rels/sheet1.xml.rels
14:18:16.919  [main] DEBUG org.apache.poi.openxml4j.opc.PackageRelationshipCollection - Parsing relationship: /xl/worksheets/_rels/sheet2.xml.rels
14:18:16.920  [main] DEBUG org.apache.poi.openxml4j.opc.PackageRelationshipCollection - Parsing relationship: /_rels/.rels
14:18:16.956  [main] DEBUG org.apache.poi.openxml4j.opc.PackageRelationshipCollection - Parsing relationship: /xl/_rels/workbook.xml.rels
14:18:16.957  [main] DEBUG org.apache.poi.openxml4j.opc.PackageRelationshipCollection - Parsing relationship: /xl/worksheets/_rels/sheet1.xml.rels
14:18:16.958  [main] DEBUG org.apache.poi.openxml4j.opc.PackageRelationshipCollection - Parsing relationship: /xl/worksheets/_rels/sheet2.xml.rels
14:18:16.960  [main] DEBUG org.apache.poi.openxml4j.opc.PackageRelationshipCollection - Parsing relationship: /_rels/.rels
14:18:16.991  [main] DEBUG org.apache.poi.openxml4j.opc.PackageRelationshipCollection - Parsing relationship: /xl/_rels/workbook.xml.rels
14:18:16.993  [main] DEBUG org.apache.poi.openxml4j.opc.PackageRelationshipCollection - Parsing relationship: /xl/worksheets/_rels/sheet1.xml.rels
14:18:16.994  [main] DEBUG org.apache.poi.openxml4j.opc.PackageRelationshipCollection - Parsing relationship: /xl/worksheets/_rels/sheet2.xml.rels
14:18:16.996  [main] DEBUG org.apache.poi.openxml4j.opc.PackageRelationshipCollection - Parsing relationship: /_rels/.rels
14:18:17.028  [main] DEBUG org.apache.poi.openxml4j.opc.PackageRelationshipCollection - Parsing relationship: /xl/_rels/workbook.xml.rels
14:18:17.029  [main] DEBUG org.apache.poi.openxml4j.opc.PackageRelationshipCollection - Parsing relationship: /xl/worksheets/_rels/sheet1.xml.rels
14:18:17.030  [main] DEBUG org.apache.poi.openxml4j.opc.PackageRelationshipCollection - Parsing relationship: /xl/worksheets/_rels/sheet2.xml.rels
14:18:17.032  [main] DEBUG org.apache.poi.openxml4j.opc.PackageRelationshipCollection - Parsing relationship: /_rels/.rels
14:18:17.063  [main] DEBUG org.apache.poi.openxml4j.opc.PackageRelationshipCollection - Parsing relationship: /xl/_rels/workbook.xml.rels
14:18:17.064  [main] DEBUG org.apache.poi.openxml4j.opc.PackageRelationshipCollection - Parsing relationship: /xl/worksheets/_rels/sheet1.xml.rels
14:18:17.065  [main] DEBUG org.apache.poi.openxml4j.opc.PackageRelationshipCollection - Parsing relationship: /xl/worksheets/_rels/sheet2.xml.rels
14:18:17.066  [main] DEBUG org.apache.poi.openxml4j.opc.PackageRelationshipCollection - Parsing relationship: /_rels/.rels
14:18:17.099  [main] DEBUG org.apache.poi.openxml4j.opc.PackageRelationshipCollection - Parsing relationship: /xl/_rels/workbook.xml.rels
14:18:17.101  [main] DEBUG org.apache.poi.openxml4j.opc.PackageRelationshipCollection - Parsing relationship: /xl/worksheets/_rels/sheet1.xml.rels
14:18:17.102  [main] DEBUG org.apache.poi.openxml4j.opc.PackageRelationshipCollection - Parsing relationship: /xl/worksheets/_rels/sheet2.xml.rels
14:18:17.103  [main] DEBUG org.apache.poi.openxml4j.opc.PackageRelationshipCollection - Parsing relationship: /_rels/.rels
14:18:17.133  [main] DEBUG org.apache.poi.openxml4j.opc.PackageRelationshipCollection - Parsing relationship: /xl/_rels/workbook.xml.rels
14:18:17.134  [main] DEBUG org.apache.poi.openxml4j.opc.PackageRelationshipCollection - Parsing relationship: /xl/worksheets/_rels/sheet1.xml.rels
14:18:17.135  [main] DEBUG org.apache.poi.openxml4j.opc.PackageRelationshipCollection - Parsing relationship: /xl/worksheets/_rels/sheet2.xml.rels
14:18:17.136  [main] DEBUG org.apache.poi.openxml4j.opc.PackageRelationshipCollection - Parsing relationship: /_rels/.rels
14:18:17.172  [main] DEBUG org.apache.poi.openxml4j.opc.PackageRelationshipCollection - Parsing relationship: /xl/_rels/workbook.xml.rels
14:18:17.173  [main] DEBUG org.apache.poi.openxml4j.opc.PackageRelationshipCollection - Parsing relationship: /xl/worksheets/_rels/sheet1.xml.rels
14:18:17.174  [main] DEBUG org.apache.poi.openxml4j.opc.PackageRelationshipCollection - Parsing relationship: /xl/worksheets/_rels/sheet2.xml.rels
14:18:17.175  [main] DEBUG org.apache.poi.openxml4j.opc.PackageRelationshipCollection - Parsing relationship: /_rels/.rels
14:18:18.131  [main] INFO  api.test.PetTest - ********************************************************
14:18:18.131  [main] INFO  api.test.PetTest - ***** <<<<<Starting testAddNewPetPostResponse>>>>> *****
14:18:18.132  [main] INFO  api.test.PetTest - Test Input Data: Pet ID: 10, Category ID: 123, Category Name: Bird, Pet Name: Sona, Photo URLs: [www.google.com, www.facebook.com], Tag ID: 10, Tag Name: Red, Pet Status: available
14:18:18.135  [main] INFO  api.test.PetTest - Pet object created successfully
14:18:18.135  [main] INFO  api.test.PetTest - Sending POST request to add a new pet.
14:18:19.502  [main] INFO  api.utilities.RequestResponseFilter - ======================================================================================
14:18:19.503  [main] INFO  api.utilities.RequestResponseFilter - ======================================================================================
14:18:19.504  [main] INFO  api.utilities.RequestResponseFilter - cURL Command: 
curl -X POST 'https://petstore.swagger.io/v2/pet' -H 'Accept: application/json, application/javascript, text/javascript, text/json' -H 'Content-Type: application/json' --data '{"id":"10","category":{"id":"123","name":"Bird"},"name":"Sona","photoUrls":["www.google.com","www.facebook.com"],"tags":[{"id":"10","name":"Red"}],"status":"available"}'
14:18:22.838  [main] INFO  api.utilities.RequestResponseFilter - ******************************************************************
14:18:22.918  [main] INFO  api.utilities.RequestResponseFilter - Response Status line: 
HTTP/1.1 200 OK
14:18:22.922  [main] INFO  api.utilities.RequestResponseFilter - Response Body: 
{
    "id": 10,
    "category": {
        "id": 123,
        "name": "Bird"
    },
    "name": "Sona",
    "photoUrls": [
        "www.google.com",
        "www.facebook.com"
    ],
    "tags": [
        {
            "id": 10,
            "name": "Red"
        }
    ],
    "status": "available"
}
14:18:22.923  [main] INFO  api.utilities.RequestResponseFilter - Response Headers: 
Date=Sun, 01 Dec 2024 08:48:22 GMT
Content-Type=application/json
Transfer-Encoding=chunked
Connection=keep-alive
Access-Control-Allow-Origin=*
Access-Control-Allow-Methods=GET, POST, DELETE, PUT
Access-Control-Allow-Headers=Content-Type, api_key, Authorization
Server=Jetty(9.2.9.v20150224)
14:18:22.923  [main] INFO  api.utilities.RequestResponseFilter - ======================================================================================
14:18:22.923  [main] INFO  api.utilities.RequestResponseFilter - ======================================================================================
14:18:22.984  [main] INFO  api.test.PetTest - Response mapped to Pet object
14:18:22.985  [main] INFO  api.test.PetTest - Asserting response status, headers, and time
14:18:23.001  [main] ERROR api.test.PetTest - Test assertion failed: Response time is outside the expected range (200-3000ms). expected [true] but found [false]
14:18:23.001  [main] DEBUG api.test.PetTest - Assertion failure details
java.lang.AssertionError: Response time is outside the expected range (200-3000ms). expected [true] but found [false]
	at org.testng.Assert.fail(Assert.java:111) ~[org.testng_7.10.1.r202404130807.jar:7.10.1]
	at org.testng.Assert.failNotEquals(Assert.java:1578) ~[org.testng_7.10.1.r202404130807.jar:7.10.1]
	at org.testng.Assert.assertTrue(Assert.java:57) ~[org.testng_7.10.1.r202404130807.jar:7.10.1]
	at api.test.PetTest.testAddNewPetPostResponse(PetTest.java:117) ~[test-classes/:?]
	at java.base/jdk.internal.reflect.NativeMethodAccessorImpl.invoke0(Native Method) ~[?:?]
	at java.base/jdk.internal.reflect.NativeMethodAccessorImpl.invoke(NativeMethodAccessorImpl.java:77) ~[?:?]
	at java.base/jdk.internal.reflect.DelegatingMethodAccessorImpl.invoke(DelegatingMethodAccessorImpl.java:43) ~[?:?]
	at java.base/java.lang.reflect.Method.invoke(Method.java:568) ~[?:?]
	at org.testng.internal.invokers.MethodInvocationHelper.invokeMethod(MethodInvocationHelper.java:141) ~[org.testng_7.10.1.r202404130807.jar:7.10.1]
	at org.testng.internal.invokers.TestInvoker.invokeMethod(TestInvoker.java:686) ~[org.testng_7.10.1.r202404130807.jar:7.10.1]
	at org.testng.internal.invokers.TestInvoker.invokeTestMethod(TestInvoker.java:230) ~[org.testng_7.10.1.r202404130807.jar:7.10.1]
	at org.testng.internal.invokers.MethodRunner.runInSequence(MethodRunner.java:63) ~[org.testng_7.10.1.r202404130807.jar:7.10.1]
	at org.testng.internal.invokers.TestInvoker$MethodInvocationAgent.invoke(TestInvoker.java:992) ~[org.testng_7.10.1.r202404130807.jar:7.10.1]
	at org.testng.internal.invokers.TestInvoker.invokeTestMethods(TestInvoker.java:203) ~[org.testng_7.10.1.r202404130807.jar:7.10.1]
	at org.testng.internal.invokers.TestMethodWorker.invokeTestMethods(TestMethodWorker.java:154) ~[org.testng_7.10.1.r202404130807.jar:7.10.1]
	at org.testng.internal.invokers.TestMethodWorker.run(TestMethodWorker.java:134) ~[org.testng_7.10.1.r202404130807.jar:7.10.1]
	at java.base/java.util.ArrayList.forEach(ArrayList.java:1511) [?:?]
	at org.testng.TestRunner.privateRun(TestRunner.java:739) [org.testng_7.10.1.r202404130807.jar:7.10.1]
	at org.testng.TestRunner.run(TestRunner.java:614) [org.testng_7.10.1.r202404130807.jar:7.10.1]
	at org.testng.SuiteRunner.runTest(SuiteRunner.java:421) [org.testng_7.10.1.r202404130807.jar:7.10.1]
	at org.testng.SuiteRunner.runSequentially(SuiteRunner.java:413) [org.testng_7.10.1.r202404130807.jar:7.10.1]
	at org.testng.SuiteRunner.privateRun(SuiteRunner.java:373) [org.testng_7.10.1.r202404130807.jar:7.10.1]
	at org.testng.SuiteRunner.run(SuiteRunner.java:312) [org.testng_7.10.1.r202404130807.jar:7.10.1]
	at org.testng.SuiteRunnerWorker.runSuite(SuiteRunnerWorker.java:52) [org.testng_7.10.1.r202404130807.jar:7.10.1]
	at org.testng.SuiteRunnerWorker.run(SuiteRunnerWorker.java:95) [org.testng_7.10.1.r202404130807.jar:7.10.1]
	at org.testng.TestNG.runSuitesSequentially(TestNG.java:1274) [org.testng_7.10.1.r202404130807.jar:7.10.1]
	at org.testng.TestNG.runSuitesLocally(TestNG.java:1208) [org.testng_7.10.1.r202404130807.jar:7.10.1]
	at org.testng.TestNG.runSuites(TestNG.java:1112) [org.testng_7.10.1.r202404130807.jar:7.10.1]
	at org.testng.TestNG.run(TestNG.java:1079) [org.testng_7.10.1.r202404130807.jar:7.10.1]
	at org.testng.remote.AbstractRemoteTestNG.run(AbstractRemoteTestNG.java:115) [testng-remote.jar:?]
	at org.testng.remote.RemoteTestNG.initAndRun(RemoteTestNG.java:293) [testng-remote.jar:?]
	at org.testng.remote.RemoteTestNG.main(RemoteTestNG.java:91) [testng-remote.jar:?]
14:18:23.010  [main] INFO  api.test.PetTest - ***************<<<<<Finished testAddNewPetPostResponse>>>>>**********************
14:18:23.010  [main] INFO  api.test.PetTest - ***************<<<<<<<<<<<<<<<<<<<<<>>>>>>>>>>>>>>>>>>>>>>>**********************
14:18:23.038  [main] INFO  api.test.PetTest - ********************************************************
14:18:23.038  [main] INFO  api.test.PetTest - ***** <<<<<Starting testAddNewPetPostResponse>>>>> *****
14:18:23.038  [main] INFO  api.test.PetTest - Test Input Data: Pet ID: 20, Category ID: 234, Category Name: Animal, Pet Name: Lucky, Photo URLs: [www.google.com, www.facebook.com], Tag ID: 20, Tag Name: Black, Pet Status: pending
14:18:23.038  [main] INFO  api.test.PetTest - Pet object created successfully
14:18:23.039  [main] INFO  api.test.PetTest - Sending POST request to add a new pet.
14:18:23.071  [main] INFO  api.utilities.RequestResponseFilter - ======================================================================================
