17:57:59.369  [main] DEBUG org.apache.poi.openxml4j.opc.PackageRelationshipCollection - Parsing relationship: /xl/worksheets/_rels/sheet1.xml.rels
17:57:59.376  [main] DEBUG org.apache.poi.openxml4j.opc.PackageRelationshipCollection - Parsing relationship: /xl/worksheets/_rels/sheet2.xml.rels
17:57:59.376  [main] DEBUG org.apache.poi.openxml4j.opc.PackageRelationshipCollection - Parsing relationship: /_rels/.rels
17:57:59.397  [main] DEBUG org.apache.poi.openxml4j.opc.PackageRelationshipCollection - Parsing relationship: /xl/_rels/workbook.xml.rels
17:57:59.398  [main] DEBUG org.apache.poi.openxml4j.opc.PackageRelationshipCollection - Parsing relationship: /xl/worksheets/_rels/sheet1.xml.rels
17:57:59.399  [main] DEBUG org.apache.poi.openxml4j.opc.PackageRelationshipCollection - Parsing relationship: /xl/worksheets/_rels/sheet2.xml.rels
17:57:59.400  [main] DEBUG org.apache.poi.openxml4j.opc.PackageRelationshipCollection - Parsing relationship: /_rels/.rels
17:57:59.423  [main] DEBUG org.apache.poi.openxml4j.opc.PackageRelationshipCollection - Parsing relationship: /xl/_rels/workbook.xml.rels
17:57:59.424  [main] DEBUG org.apache.poi.openxml4j.opc.PackageRelationshipCollection - Parsing relationship: /xl/worksheets/_rels/sheet1.xml.rels
17:57:59.425  [main] DEBUG org.apache.poi.openxml4j.opc.PackageRelationshipCollection - Parsing relationship: /xl/worksheets/_rels/sheet2.xml.rels
17:57:59.426  [main] DEBUG org.apache.poi.openxml4j.opc.PackageRelationshipCollection - Parsing relationship: /_rels/.rels
17:57:59.454  [main] DEBUG org.apache.poi.openxml4j.opc.PackageRelationshipCollection - Parsing relationship: /xl/_rels/workbook.xml.rels
17:57:59.455  [main] DEBUG org.apache.poi.openxml4j.opc.PackageRelationshipCollection - Parsing relationship: /xl/worksheets/_rels/sheet1.xml.rels
17:57:59.455  [main] DEBUG org.apache.poi.openxml4j.opc.PackageRelationshipCollection - Parsing relationship: /xl/worksheets/_rels/sheet2.xml.rels
17:57:59.457  [main] DEBUG org.apache.poi.openxml4j.opc.PackageRelationshipCollection - Parsing relationship: /_rels/.rels
17:57:59.484  [main] DEBUG org.apache.poi.openxml4j.opc.PackageRelationshipCollection - Parsing relationship: /xl/_rels/workbook.xml.rels
17:57:59.485  [main] DEBUG org.apache.poi.openxml4j.opc.PackageRelationshipCollection - Parsing relationship: /xl/worksheets/_rels/sheet1.xml.rels
17:57:59.486  [main] DEBUG org.apache.poi.openxml4j.opc.PackageRelationshipCollection - Parsing relationship: /xl/worksheets/_rels/sheet2.xml.rels
17:57:59.487  [main] DEBUG org.apache.poi.openxml4j.opc.PackageRelationshipCollection - Parsing relationship: /_rels/.rels
17:57:59.512  [main] DEBUG org.apache.poi.openxml4j.opc.PackageRelationshipCollection - Parsing relationship: /xl/_rels/workbook.xml.rels
17:57:59.512  [main] DEBUG org.apache.poi.openxml4j.opc.PackageRelationshipCollection - Parsing relationship: /xl/worksheets/_rels/sheet1.xml.rels
17:57:59.513  [main] DEBUG org.apache.poi.openxml4j.opc.PackageRelationshipCollection - Parsing relationship: /xl/worksheets/_rels/sheet2.xml.rels
17:57:59.514  [main] DEBUG org.apache.poi.openxml4j.opc.PackageRelationshipCollection - Parsing relationship: /_rels/.rels
17:57:59.537  [main] DEBUG org.apache.poi.openxml4j.opc.PackageRelationshipCollection - Parsing relationship: /xl/_rels/workbook.xml.rels
17:57:59.537  [main] DEBUG org.apache.poi.openxml4j.opc.PackageRelationshipCollection - Parsing relationship: /xl/worksheets/_rels/sheet1.xml.rels
17:57:59.538  [main] DEBUG org.apache.poi.openxml4j.opc.PackageRelationshipCollection - Parsing relationship: /xl/worksheets/_rels/sheet2.xml.rels
17:57:59.539  [main] DEBUG org.apache.poi.openxml4j.opc.PackageRelationshipCollection - Parsing relationship: /_rels/.rels
17:57:59.562  [main] DEBUG org.apache.poi.openxml4j.opc.PackageRelationshipCollection - Parsing relationship: /xl/_rels/workbook.xml.rels
17:57:59.563  [main] DEBUG org.apache.poi.openxml4j.opc.PackageRelationshipCollection - Parsing relationship: /xl/worksheets/_rels/sheet1.xml.rels
17:57:59.564  [main] DEBUG org.apache.poi.openxml4j.opc.PackageRelationshipCollection - Parsing relationship: /xl/worksheets/_rels/sheet2.xml.rels
17:57:59.565  [main] DEBUG org.apache.poi.openxml4j.opc.PackageRelationshipCollection - Parsing relationship: /_rels/.rels
17:57:59.584  [main] DEBUG org.apache.poi.openxml4j.opc.PackageRelationshipCollection - Parsing relationship: /xl/_rels/workbook.xml.rels
17:57:59.587  [main] DEBUG org.apache.poi.openxml4j.opc.PackageRelationshipCollection - Parsing relationship: /xl/worksheets/_rels/sheet1.xml.rels
17:57:59.588  [main] DEBUG org.apache.poi.openxml4j.opc.PackageRelationshipCollection - Parsing relationship: /xl/worksheets/_rels/sheet2.xml.rels
17:57:59.589  [main] DEBUG org.apache.poi.openxml4j.opc.PackageRelationshipCollection - Parsing relationship: /_rels/.rels
17:57:59.610  [main] DEBUG org.apache.poi.openxml4j.opc.PackageRelationshipCollection - Parsing relationship: /xl/_rels/workbook.xml.rels
17:57:59.611  [main] DEBUG org.apache.poi.openxml4j.opc.PackageRelationshipCollection - Parsing relationship: /xl/worksheets/_rels/sheet1.xml.rels
17:57:59.612  [main] DEBUG org.apache.poi.openxml4j.opc.PackageRelationshipCollection - Parsing relationship: /xl/worksheets/_rels/sheet2.xml.rels
17:57:59.613  [main] DEBUG org.apache.poi.openxml4j.opc.PackageRelationshipCollection - Parsing relationship: /_rels/.rels
17:57:59.672  [main] DEBUG org.apache.poi.openxml4j.opc.PackageRelationshipCollection - Parsing relationship: /xl/_rels/workbook.xml.rels
17:57:59.675  [main] DEBUG org.apache.poi.openxml4j.opc.PackageRelationshipCollection - Parsing relationship: /xl/worksheets/_rels/sheet1.xml.rels
17:57:59.676  [main] DEBUG org.apache.poi.openxml4j.opc.PackageRelationshipCollection - Parsing relationship: /xl/worksheets/_rels/sheet2.xml.rels
17:57:59.677  [main] DEBUG org.apache.poi.openxml4j.opc.PackageRelationshipCollection - Parsing relationship: /_rels/.rels
17:57:59.730  [main] DEBUG org.apache.poi.openxml4j.opc.PackageRelationshipCollection - Parsing relationship: /xl/_rels/workbook.xml.rels
17:57:59.731  [main] DEBUG org.apache.poi.openxml4j.opc.PackageRelationshipCollection - Parsing relationship: /xl/worksheets/_rels/sheet1.xml.rels
17:57:59.732  [main] DEBUG org.apache.poi.openxml4j.opc.PackageRelationshipCollection - Parsing relationship: /xl/worksheets/_rels/sheet2.xml.rels
17:57:59.733  [main] DEBUG org.apache.poi.openxml4j.opc.PackageRelationshipCollection - Parsing relationship: /_rels/.rels
17:57:59.753  [main] DEBUG org.apache.poi.openxml4j.opc.PackageRelationshipCollection - Parsing relationship: /xl/_rels/workbook.xml.rels
17:57:59.753  [main] DEBUG org.apache.poi.openxml4j.opc.PackageRelationshipCollection - Parsing relationship: /xl/worksheets/_rels/sheet1.xml.rels
17:57:59.754  [main] DEBUG org.apache.poi.openxml4j.opc.PackageRelationshipCollection - Parsing relationship: /xl/worksheets/_rels/sheet2.xml.rels
17:57:59.755  [main] DEBUG org.apache.poi.openxml4j.opc.PackageRelationshipCollection - Parsing relationship: /_rels/.rels
17:57:59.782  [main] DEBUG org.apache.poi.openxml4j.opc.PackageRelationshipCollection - Parsing relationship: /xl/_rels/workbook.xml.rels
17:57:59.783  [main] DEBUG org.apache.poi.openxml4j.opc.PackageRelationshipCollection - Parsing relationship: /xl/worksheets/_rels/sheet1.xml.rels
17:57:59.784  [main] DEBUG org.apache.poi.openxml4j.opc.PackageRelationshipCollection - Parsing relationship: /xl/worksheets/_rels/sheet2.xml.rels
17:57:59.785  [main] DEBUG org.apache.poi.openxml4j.opc.PackageRelationshipCollection - Parsing relationship: /_rels/.rels
17:57:59.840  [main] DEBUG org.apache.poi.openxml4j.opc.PackageRelationshipCollection - Parsing relationship: /xl/_rels/workbook.xml.rels
17:57:59.841  [main] DEBUG org.apache.poi.openxml4j.opc.PackageRelationshipCollection - Parsing relationship: /xl/worksheets/_rels/sheet1.xml.rels
17:57:59.842  [main] DEBUG org.apache.poi.openxml4j.opc.PackageRelationshipCollection - Parsing relationship: /xl/worksheets/_rels/sheet2.xml.rels
17:57:59.847  [main] DEBUG org.apache.poi.openxml4j.opc.PackageRelationshipCollection - Parsing relationship: /_rels/.rels
17:57:59.888  [main] INFO  api.test.PetTest - ********************************************
17:57:59.888  [main] INFO  api.test.PetTest - ***** Starting testUpdateExistingPetPutResponse *****
17:57:59.889  [main] INFO  api.test.PetTest - Test Input Data: Pet ID: 10, Category ID: 123, Category Name: Bird555, Pet Name: Sona, Photo URLs: [www.google.com, www.facebook.com], Tag ID: 11, Tag Name: Red, Pet Status: available
17:57:59.892  [main] INFO  api.test.PetTest - Pet object created with updated data
17:57:59.892  [main] INFO  api.test.PetTest - Sending PUT request to update the existing pet.
17:58:01.312  [main] INFO  api.test.PetTest - StatusCode: 200
17:58:01.312  [main] INFO  api.test.PetTest - Headers: Date=Wed, 23 Oct 2024 12:28:00 GMT
Content-Type=application/json
Transfer-Encoding=chunked
Connection=keep-alive
Access-Control-Allow-Origin=*
Access-Control-Allow-Methods=GET, POST, DELETE, PUT
Access-Control-Allow-Headers=Content-Type, api_key, Authorization
Server=Jetty(9.2.9.v20150224)
17:58:01.312  [main] INFO  api.test.PetTest - JSON response body: {
    "id": 10,
    "category": {
        "id": 123,
        "name": "Bird555"
    },
    "name": "Sona",
    "photoUrls": [
        "www.google.com",
        "www.facebook.com"
    ],
    "tags": [
        {
            "id": 11,
            "name": "Red"
        }
    ],
    "status": "available"
}
17:58:01.316  [main] INFO  api.test.PetTest - Response mapped to Pet object
17:58:01.317  [main] INFO  api.test.PetTest - Asserting response status, headers, and time
17:58:01.317  [main] INFO  api.test.PetTest - Asserting updated pet data between request and response
17:58:01.317  [main] INFO  api.test.PetTest - Asserting pet tags
17:58:01.317  [main] INFO  api.test.PetTest - Asserting pet status
17:58:01.318  [main] INFO  api.test.PetTest - ***** Finished testUpdateExistingPetPutResponse *****
17:58:01.318  [main] INFO  api.test.PetTest - ********************************************
17:58:01.320  [main] INFO  api.test.PetTest - ********************************************
17:58:01.320  [main] INFO  api.test.PetTest - ***** Starting testUpdateExistingPetPutResponse *****
17:58:01.320  [main] INFO  api.test.PetTest - Test Input Data: Pet ID: 20, Category ID: 234, Category Name: Animal555, Pet Name: Lucky, Photo URLs: [www.google.com, www.facebook.com], Tag ID: 22, Tag Name: Black, Pet Status: pending
17:58:01.321  [main] INFO  api.test.PetTest - Pet object created with updated data
17:58:01.321  [main] INFO  api.test.PetTest - Sending PUT request to update the existing pet.
17:58:02.713  [main] INFO  api.test.PetTest - StatusCode: 200
17:58:02.713  [main] INFO  api.test.PetTest - Headers: Date=Wed, 23 Oct 2024 12:28:01 GMT
Content-Type=application/json
Transfer-Encoding=chunked
Connection=keep-alive
Access-Control-Allow-Origin=*
Access-Control-Allow-Methods=GET, POST, DELETE, PUT
Access-Control-Allow-Headers=Content-Type, api_key, Authorization
Server=Jetty(9.2.9.v20150224)
17:58:02.713  [main] INFO  api.test.PetTest - JSON response body: {
    "id": 20,
    "category": {
        "id": 234,
        "name": "Animal555"
    },
    "name": "Lucky",
    "photoUrls": [
        "www.google.com",
        "www.facebook.com"
    ],
    "tags": [
        {
            "id": 22,
            "name": "Black"
        }
    ],
    "status": "pending"
}
17:58:02.718  [main] INFO  api.test.PetTest - Response mapped to Pet object
17:58:02.719  [main] INFO  api.test.PetTest - Asserting response status, headers, and time
17:58:02.719  [main] INFO  api.test.PetTest - Asserting updated pet data between request and response
17:58:02.719  [main] INFO  api.test.PetTest - Asserting pet tags
17:58:02.719  [main] INFO  api.test.PetTest - Asserting pet status
17:58:02.719  [main] INFO  api.test.PetTest - ***** Finished testUpdateExistingPetPutResponse *****
17:58:02.720  [main] INFO  api.test.PetTest - ********************************************
17:58:02.722  [main] INFO  api.test.PetTest - ********************************************
17:58:02.722  [main] INFO  api.test.PetTest - ***** Starting testUpdateExistingPetPutResponse *****
17:58:02.722  [main] INFO  api.test.PetTest - Test Input Data: Pet ID: 30, Category ID: 345, Category Name: Fish555, Pet Name: Goldy, Photo URLs: [www.google.com, www.facebook.com], Tag ID: 33, Tag Name: Golden, Pet Status: sold
17:58:02.723  [main] INFO  api.test.PetTest - Pet object created with updated data
17:58:02.723  [main] INFO  api.test.PetTest - Sending PUT request to update the existing pet.
17:58:04.112  [main] INFO  api.test.PetTest - StatusCode: 200
17:58:04.112  [main] INFO  api.test.PetTest - Headers: Date=Wed, 23 Oct 2024 12:28:02 GMT
Content-Type=application/json
Transfer-Encoding=chunked
Connection=keep-alive
Access-Control-Allow-Origin=*
Access-Control-Allow-Methods=GET, POST, DELETE, PUT
Access-Control-Allow-Headers=Content-Type, api_key, Authorization
Server=Jetty(9.2.9.v20150224)
17:58:04.112  [main] INFO  api.test.PetTest - JSON response body: {
    "id": 30,
    "category": {
        "id": 345,
        "name": "Fish555"
    },
    "name": "Goldy",
    "photoUrls": [
        "www.google.com",
        "www.facebook.com"
    ],
    "tags": [
        {
            "id": 33,
            "name": "Golden"
        }
    ],
    "status": "sold"
}
17:58:04.116  [main] INFO  api.test.PetTest - Response mapped to Pet object
17:58:04.117  [main] INFO  api.test.PetTest - Asserting response status, headers, and time
17:58:04.117  [main] INFO  api.test.PetTest - Asserting updated pet data between request and response
17:58:04.117  [main] INFO  api.test.PetTest - Asserting pet tags
17:58:04.117  [main] INFO  api.test.PetTest - Asserting pet status
17:58:04.117  [main] INFO  api.test.PetTest - ***** Finished testUpdateExistingPetPutResponse *****
17:58:04.117  [main] INFO  api.test.PetTest - ********************************************
17:58:04.120  [main] INFO  api.test.PetTest - ********************************************
17:58:04.120  [main] INFO  api.test.PetTest - ***** Starting testFindPetByStatusGetResponse *****
17:58:04.121  [main] INFO  api.test.PetTest - Sending GET request to find pets with status: pending
17:58:05.556  [main] INFO  api.test.PetTest - StatusCode: 200
17:58:05.556  [main] INFO  api.test.PetTest - Headers: Date=Wed, 23 Oct 2024 12:28:04 GMT
Content-Type=application/json
Transfer-Encoding=chunked
Connection=keep-alive
Access-Control-Allow-Origin=*
Access-Control-Allow-Methods=GET, POST, DELETE, PUT
Access-Control-Allow-Headers=Content-Type, api_key, Authorization
Server=Jetty(9.2.9.v20150224)
17:58:05.557  [main] INFO  api.test.PetTest - JSON response body: [
    {
        "id": 20,
        "category": {
            "id": 234,
            "name": "Animal555"
        },
        "name": "Lucky",
        "photoUrls": [
            "www.google.com",
            "www.facebook.com"
        ],
        "tags": [
            {
                "id": 22,
                "name": "Black"
            }
        ],
        "status": "pending"
    },
    {
        "id": 9727313,
        "category": {
            "id": 26989837,
            "name": "incididunt est non"
        },
        "name": "doggy",
        "photoUrls": [
            "dolor veniam",
            "eiusmod dolore in aliqua"
        ],
        "tags": [
            {
                "id": -90210856,
                "name": "sit sint"
            },
            {
                "id": -88981588,
                "name": "non velit anim sint"
            }
        ],
        "status": "pending"
    },
    {
        "id": 15,
        "category": {
            "id": 0,
            "name": "dogs"
        },
        "name": "Bullie",
        "photoUrls": [
            "string"
        ],
        "tags": [
            {
                "id": 0,
                "name": "American bullie"
            }
        ],
        "status": "pending"
    },
    {
        "id": 999,
        "category": {
            "id": 0,
            "name": "dogs"
        },
        "name": "Bullie",
        "photoUrls": [
            "string"
        ],
        "tags": [
            {
                "id": 0,
                "name": "American bullie"
            }
        ],
        "status": "pending"
    },
    {
        "id": 9223372016900031069,
        "category": {
            "id": 0,
            "name": "dogs"
        },
        "name": "Bullie",
        "photoUrls": [
            "string"
        ],
        "tags": [
            {
                "id": 0,
                "name": "American bullie"
            }
        ],
        "status": "pending"
    },
    {
        "id": 19090909995,
        "category": {
            "id": 0,
            "name": "dogs"
        },
        "name": "Bullie",
        "photoUrls": [
            "string"
        ],
        "tags": [
            {
                "id": 9999,
                "name": "American bullie"
            }
        ],
        "status": "pending"
    },
    {
        "id": 11,
        "category": {
            "id": 0,
            "name": "dogs"
        },
        "name": "Gorilla",
        "photoUrls": [
            "lorem ipsum"
        ],
        "tags": [
            {
                "id": 0,
                "name": "ololo"
            }
        ],
        "status": "pending"
    }
]
17:58:05.564  [main] INFO  api.test.PetTest - Checking for pet with name 'Lucky' and status 'pending'
17:58:05.564  [main] INFO  api.test.PetTest - Asserting response status, headers, and time
17:58:05.565  [main] INFO  api.test.PetTest - ***** Finished testUpdateExistingPetPutResponse *****
17:58:05.565  [main] INFO  api.test.PetTest - ********************************************
17:58:05.571  [main] DEBUG org.apache.poi.openxml4j.opc.PackageRelationshipCollection - Parsing relationship: /xl/_rels/workbook.xml.rels
17:58:05.572  [main] DEBUG org.apache.poi.openxml4j.opc.PackageRelationshipCollection - Parsing relationship: /xl/worksheets/_rels/sheet1.xml.rels
17:58:05.573  [main] DEBUG org.apache.poi.openxml4j.opc.PackageRelationshipCollection - Parsing relationship: /xl/worksheets/_rels/sheet2.xml.rels
17:58:05.574  [main] DEBUG org.apache.poi.openxml4j.opc.PackageRelationshipCollection - Parsing relationship: /_rels/.rels
17:58:05.593  [main] DEBUG org.apache.poi.openxml4j.opc.PackageRelationshipCollection - Parsing relationship: /xl/_rels/workbook.xml.rels
17:58:05.594  [main] DEBUG org.apache.poi.openxml4j.opc.PackageRelationshipCollection - Parsing relationship: /xl/worksheets/_rels/sheet1.xml.rels
17:58:05.595  [main] DEBUG org.apache.poi.openxml4j.opc.PackageRelationshipCollection - Parsing relationship: /xl/worksheets/_rels/sheet2.xml.rels
17:58:05.596  [main] DEBUG org.apache.poi.openxml4j.opc.PackageRelationshipCollection - Parsing relationship: /_rels/.rels
17:58:05.613  [main] DEBUG org.apache.poi.openxml4j.opc.PackageRelationshipCollection - Parsing relationship: /xl/_rels/workbook.xml.rels
17:58:05.616  [main] DEBUG org.apache.poi.openxml4j.opc.PackageRelationshipCollection - Parsing relationship: /xl/worksheets/_rels/sheet1.xml.rels
17:58:05.617  [main] DEBUG org.apache.poi.openxml4j.opc.PackageRelationshipCollection - Parsing relationship: /xl/worksheets/_rels/sheet2.xml.rels
17:58:05.618  [main] DEBUG org.apache.poi.openxml4j.opc.PackageRelationshipCollection - Parsing relationship: /_rels/.rels
17:58:05.638  [main] DEBUG org.apache.poi.openxml4j.opc.PackageRelationshipCollection - Parsing relationship: /xl/_rels/workbook.xml.rels
17:58:05.639  [main] DEBUG org.apache.poi.openxml4j.opc.PackageRelationshipCollection - Parsing relationship: /xl/worksheets/_rels/sheet1.xml.rels
17:58:05.640  [main] DEBUG org.apache.poi.openxml4j.opc.PackageRelationshipCollection - Parsing relationship: /xl/worksheets/_rels/sheet2.xml.rels
17:58:05.644  [main] DEBUG org.apache.poi.openxml4j.opc.PackageRelationshipCollection - Parsing relationship: /_rels/.rels
17:58:05.665  [main] DEBUG org.apache.poi.openxml4j.opc.PackageRelationshipCollection - Parsing relationship: /xl/_rels/workbook.xml.rels
17:58:05.666  [main] DEBUG org.apache.poi.openxml4j.opc.PackageRelationshipCollection - Parsing relationship: /xl/worksheets/_rels/sheet1.xml.rels
17:58:05.667  [main] DEBUG org.apache.poi.openxml4j.opc.PackageRelationshipCollection - Parsing relationship: /xl/worksheets/_rels/sheet2.xml.rels
17:58:05.668  [main] DEBUG org.apache.poi.openxml4j.opc.PackageRelationshipCollection - Parsing relationship: /_rels/.rels
17:58:05.689  [main] DEBUG org.apache.poi.openxml4j.opc.PackageRelationshipCollection - Parsing relationship: /xl/_rels/workbook.xml.rels
17:58:05.690  [main] DEBUG org.apache.poi.openxml4j.opc.PackageRelationshipCollection - Parsing relationship: /xl/worksheets/_rels/sheet1.xml.rels
17:58:05.691  [main] DEBUG org.apache.poi.openxml4j.opc.PackageRelationshipCollection - Parsing relationship: /xl/worksheets/_rels/sheet2.xml.rels
17:58:05.692  [main] DEBUG org.apache.poi.openxml4j.opc.PackageRelationshipCollection - Parsing relationship: /_rels/.rels
17:58:05.727  [main] DEBUG org.apache.poi.openxml4j.opc.PackageRelationshipCollection - Parsing relationship: /xl/_rels/workbook.xml.rels
17:58:05.728  [main] DEBUG org.apache.poi.openxml4j.opc.PackageRelationshipCollection - Parsing relationship: /xl/worksheets/_rels/sheet1.xml.rels
17:58:05.728  [main] DEBUG org.apache.poi.openxml4j.opc.PackageRelationshipCollection - Parsing relationship: /xl/worksheets/_rels/sheet2.xml.rels
17:58:05.729  [main] DEBUG org.apache.poi.openxml4j.opc.PackageRelationshipCollection - Parsing relationship: /_rels/.rels
17:58:05.750  [main] DEBUG org.apache.poi.openxml4j.opc.PackageRelationshipCollection - Parsing relationship: /xl/_rels/workbook.xml.rels
17:58:05.750  [main] DEBUG org.apache.poi.openxml4j.opc.PackageRelationshipCollection - Parsing relationship: /xl/worksheets/_rels/sheet1.xml.rels
17:58:05.751  [main] DEBUG org.apache.poi.openxml4j.opc.PackageRelationshipCollection - Parsing relationship: /xl/worksheets/_rels/sheet2.xml.rels
17:58:05.752  [main] DEBUG org.apache.poi.openxml4j.opc.PackageRelationshipCollection - Parsing relationship: /_rels/.rels
17:58:05.786  [main] DEBUG org.apache.poi.openxml4j.opc.PackageRelationshipCollection - Parsing relationship: /xl/_rels/workbook.xml.rels
17:58:05.796  [main] DEBUG org.apache.poi.openxml4j.opc.PackageRelationshipCollection - Parsing relationship: /xl/worksheets/_rels/sheet1.xml.rels
17:58:05.798  [main] DEBUG org.apache.poi.openxml4j.opc.PackageRelationshipCollection - Parsing relationship: /xl/worksheets/_rels/sheet2.xml.rels
17:58:05.799  [main] DEBUG org.apache.poi.openxml4j.opc.PackageRelationshipCollection - Parsing relationship: /_rels/.rels
17:58:05.821  [main] DEBUG org.apache.poi.openxml4j.opc.PackageRelationshipCollection - Parsing relationship: /xl/_rels/workbook.xml.rels
17:58:05.824  [main] DEBUG org.apache.poi.openxml4j.opc.PackageRelationshipCollection - Parsing relationship: /xl/worksheets/_rels/sheet1.xml.rels
17:58:05.824  [main] DEBUG org.apache.poi.openxml4j.opc.PackageRelationshipCollection - Parsing relationship: /xl/worksheets/_rels/sheet2.xml.rels
17:58:05.825  [main] DEBUG org.apache.poi.openxml4j.opc.PackageRelationshipCollection - Parsing relationship: /_rels/.rels
17:58:05.855  [main] DEBUG org.apache.poi.openxml4j.opc.PackageRelationshipCollection - Parsing relationship: /xl/_rels/workbook.xml.rels
17:58:05.856  [main] DEBUG org.apache.poi.openxml4j.opc.PackageRelationshipCollection - Parsing relationship: /xl/worksheets/_rels/sheet1.xml.rels
17:58:05.857  [main] DEBUG org.apache.poi.openxml4j.opc.PackageRelationshipCollection - Parsing relationship: /xl/worksheets/_rels/sheet2.xml.rels
17:58:05.858  [main] DEBUG org.apache.poi.openxml4j.opc.PackageRelationshipCollection - Parsing relationship: /_rels/.rels
17:58:05.884  [main] DEBUG org.apache.poi.openxml4j.opc.PackageRelationshipCollection - Parsing relationship: /xl/_rels/workbook.xml.rels
17:58:05.885  [main] DEBUG org.apache.poi.openxml4j.opc.PackageRelationshipCollection - Parsing relationship: /xl/worksheets/_rels/sheet1.xml.rels
17:58:05.886  [main] DEBUG org.apache.poi.openxml4j.opc.PackageRelationshipCollection - Parsing relationship: /xl/worksheets/_rels/sheet2.xml.rels
17:58:05.886  [main] DEBUG org.apache.poi.openxml4j.opc.PackageRelationshipCollection - Parsing relationship: /_rels/.rels
17:58:05.916  [main] DEBUG org.apache.poi.openxml4j.opc.PackageRelationshipCollection - Parsing relationship: /xl/_rels/workbook.xml.rels
17:58:05.917  [main] DEBUG org.apache.poi.openxml4j.opc.PackageRelationshipCollection - Parsing relationship: /xl/worksheets/_rels/sheet1.xml.rels
17:58:05.919  [main] DEBUG org.apache.poi.openxml4j.opc.PackageRelationshipCollection - Parsing relationship: /xl/worksheets/_rels/sheet2.xml.rels
17:58:05.930  [main] DEBUG org.apache.poi.openxml4j.opc.PackageRelationshipCollection - Parsing relationship: /_rels/.rels
17:58:05.959  [main] DEBUG org.apache.poi.openxml4j.opc.PackageRelationshipCollection - Parsing relationship: /xl/_rels/workbook.xml.rels
17:58:05.961  [main] DEBUG org.apache.poi.openxml4j.opc.PackageRelationshipCollection - Parsing relationship: /xl/worksheets/_rels/sheet1.xml.rels
17:58:05.961  [main] DEBUG org.apache.poi.openxml4j.opc.PackageRelationshipCollection - Parsing relationship: /xl/worksheets/_rels/sheet2.xml.rels
17:58:05.962  [main] DEBUG org.apache.poi.openxml4j.opc.PackageRelationshipCollection - Parsing relationship: /_rels/.rels
17:58:06.002  [main] DEBUG org.apache.poi.openxml4j.opc.PackageRelationshipCollection - Parsing relationship: /xl/_rels/workbook.xml.rels
17:58:06.007  [main] DEBUG org.apache.poi.openxml4j.opc.PackageRelationshipCollection - Parsing relationship: /xl/worksheets/_rels/sheet1.xml.rels
17:58:06.014  [main] DEBUG org.apache.poi.openxml4j.opc.PackageRelationshipCollection - Parsing relationship: /xl/worksheets/_rels/sheet2.xml.rels
17:58:06.015  [main] DEBUG org.apache.poi.openxml4j.opc.PackageRelationshipCollection - Parsing relationship: /_rels/.rels
17:58:06.043  [main] DEBUG org.apache.poi.openxml4j.opc.PackageRelationshipCollection - Parsing relationship: /xl/_rels/workbook.xml.rels
17:58:06.044  [main] DEBUG org.apache.poi.openxml4j.opc.PackageRelationshipCollection - Parsing relationship: /xl/worksheets/_rels/sheet1.xml.rels
17:58:06.044  [main] DEBUG org.apache.poi.openxml4j.opc.PackageRelationshipCollection - Parsing relationship: /xl/worksheets/_rels/sheet2.xml.rels
17:58:06.045  [main] DEBUG org.apache.poi.openxml4j.opc.PackageRelationshipCollection - Parsing relationship: /_rels/.rels
17:58:06.108  [main] DEBUG org.apache.poi.openxml4j.opc.PackageRelationshipCollection - Parsing relationship: /xl/_rels/workbook.xml.rels
17:58:06.110  [main] DEBUG org.apache.poi.openxml4j.opc.PackageRelationshipCollection - Parsing relationship: /xl/worksheets/_rels/sheet1.xml.rels
17:58:06.112  [main] DEBUG org.apache.poi.openxml4j.opc.PackageRelationshipCollection - Parsing relationship: /xl/worksheets/_rels/sheet2.xml.rels
17:58:06.113  [main] DEBUG org.apache.poi.openxml4j.opc.PackageRelationshipCollection - Parsing relationship: /_rels/.rels
17:58:06.151  [main] DEBUG org.apache.poi.openxml4j.opc.PackageRelationshipCollection - Parsing relationship: /xl/_rels/workbook.xml.rels
17:58:06.151  [main] DEBUG org.apache.poi.openxml4j.opc.PackageRelationshipCollection - Parsing relationship: /xl/worksheets/_rels/sheet1.xml.rels
17:58:06.152  [main] DEBUG org.apache.poi.openxml4j.opc.PackageRelationshipCollection - Parsing relationship: /xl/worksheets/_rels/sheet2.xml.rels
17:58:06.153  [main] DEBUG org.apache.poi.openxml4j.opc.PackageRelationshipCollection - Parsing relationship: /_rels/.rels
17:58:06.174  [main] DEBUG org.apache.poi.openxml4j.opc.PackageRelationshipCollection - Parsing relationship: /xl/_rels/workbook.xml.rels
17:58:06.174  [main] DEBUG org.apache.poi.openxml4j.opc.PackageRelationshipCollection - Parsing relationship: /xl/worksheets/_rels/sheet1.xml.rels
17:58:06.175  [main] DEBUG org.apache.poi.openxml4j.opc.PackageRelationshipCollection - Parsing relationship: /xl/worksheets/_rels/sheet2.xml.rels
17:58:06.176  [main] DEBUG org.apache.poi.openxml4j.opc.PackageRelationshipCollection - Parsing relationship: /_rels/.rels
17:58:06.196  [main] DEBUG org.apache.poi.openxml4j.opc.PackageRelationshipCollection - Parsing relationship: /xl/_rels/workbook.xml.rels
17:58:06.197  [main] DEBUG org.apache.poi.openxml4j.opc.PackageRelationshipCollection - Parsing relationship: /xl/worksheets/_rels/sheet1.xml.rels
17:58:06.198  [main] DEBUG org.apache.poi.openxml4j.opc.PackageRelationshipCollection - Parsing relationship: /xl/worksheets/_rels/sheet2.xml.rels
17:58:06.198  [main] DEBUG org.apache.poi.openxml4j.opc.PackageRelationshipCollection - Parsing relationship: /_rels/.rels
17:58:06.219  [main] DEBUG org.apache.poi.openxml4j.opc.PackageRelationshipCollection - Parsing relationship: /xl/_rels/workbook.xml.rels
17:58:06.220  [main] DEBUG org.apache.poi.openxml4j.opc.PackageRelationshipCollection - Parsing relationship: /xl/worksheets/_rels/sheet1.xml.rels
17:58:06.223  [main] DEBUG org.apache.poi.openxml4j.opc.PackageRelationshipCollection - Parsing relationship: /xl/worksheets/_rels/sheet2.xml.rels
17:58:06.223  [main] DEBUG org.apache.poi.openxml4j.opc.PackageRelationshipCollection - Parsing relationship: /_rels/.rels
17:58:06.244  [main] DEBUG org.apache.poi.openxml4j.opc.PackageRelationshipCollection - Parsing relationship: /xl/_rels/workbook.xml.rels
17:58:06.245  [main] DEBUG org.apache.poi.openxml4j.opc.PackageRelationshipCollection - Parsing relationship: /xl/worksheets/_rels/sheet1.xml.rels
17:58:06.245  [main] DEBUG org.apache.poi.openxml4j.opc.PackageRelationshipCollection - Parsing relationship: /xl/worksheets/_rels/sheet2.xml.rels
17:58:06.246  [main] DEBUG org.apache.poi.openxml4j.opc.PackageRelationshipCollection - Parsing relationship: /_rels/.rels
17:58:06.274  [main] DEBUG org.apache.poi.openxml4j.opc.PackageRelationshipCollection - Parsing relationship: /xl/_rels/workbook.xml.rels
17:58:06.275  [main] DEBUG org.apache.poi.openxml4j.opc.PackageRelationshipCollection - Parsing relationship: /xl/worksheets/_rels/sheet1.xml.rels
17:58:06.276  [main] DEBUG org.apache.poi.openxml4j.opc.PackageRelationshipCollection - Parsing relationship: /xl/worksheets/_rels/sheet2.xml.rels
17:58:06.276  [main] DEBUG org.apache.poi.openxml4j.opc.PackageRelationshipCollection - Parsing relationship: /_rels/.rels
17:58:06.301  [main] DEBUG org.apache.poi.openxml4j.opc.PackageRelationshipCollection - Parsing relationship: /xl/_rels/workbook.xml.rels
17:58:06.301  [main] DEBUG org.apache.poi.openxml4j.opc.PackageRelationshipCollection - Parsing relationship: /xl/worksheets/_rels/sheet1.xml.rels
17:58:06.302  [main] DEBUG org.apache.poi.openxml4j.opc.PackageRelationshipCollection - Parsing relationship: /xl/worksheets/_rels/sheet2.xml.rels
17:58:06.303  [main] DEBUG org.apache.poi.openxml4j.opc.PackageRelationshipCollection - Parsing relationship: /_rels/.rels
17:58:06.324  [main] DEBUG org.apache.poi.openxml4j.opc.PackageRelationshipCollection - Parsing relationship: /xl/_rels/workbook.xml.rels
17:58:06.325  [main] DEBUG org.apache.poi.openxml4j.opc.PackageRelationshipCollection - Parsing relationship: /xl/worksheets/_rels/sheet1.xml.rels
17:58:06.325  [main] DEBUG org.apache.poi.openxml4j.opc.PackageRelationshipCollection - Parsing relationship: /xl/worksheets/_rels/sheet2.xml.rels
17:58:06.326  [main] DEBUG org.apache.poi.openxml4j.opc.PackageRelationshipCollection - Parsing relationship: /_rels/.rels
17:58:06.355  [main] DEBUG org.apache.poi.openxml4j.opc.PackageRelationshipCollection - Parsing relationship: /xl/_rels/workbook.xml.rels
17:58:06.356  [main] DEBUG org.apache.poi.openxml4j.opc.PackageRelationshipCollection - Parsing relationship: /xl/worksheets/_rels/sheet1.xml.rels
17:58:06.357  [main] DEBUG org.apache.poi.openxml4j.opc.PackageRelationshipCollection - Parsing relationship: /xl/worksheets/_rels/sheet2.xml.rels
17:58:06.358  [main] DEBUG org.apache.poi.openxml4j.opc.PackageRelationshipCollection - Parsing relationship: /_rels/.rels
17:58:06.385  [main] DEBUG org.apache.poi.openxml4j.opc.PackageRelationshipCollection - Parsing relationship: /xl/_rels/workbook.xml.rels
17:58:06.386  [main] DEBUG org.apache.poi.openxml4j.opc.PackageRelationshipCollection - Parsing relationship: /xl/worksheets/_rels/sheet1.xml.rels
17:58:06.387  [main] DEBUG org.apache.poi.openxml4j.opc.PackageRelationshipCollection - Parsing relationship: /xl/worksheets/_rels/sheet2.xml.rels
17:58:06.387  [main] DEBUG org.apache.poi.openxml4j.opc.PackageRelationshipCollection - Parsing relationship: /_rels/.rels
17:58:06.412  [main] DEBUG org.apache.poi.openxml4j.opc.PackageRelationshipCollection - Parsing relationship: /xl/_rels/workbook.xml.rels
17:58:06.413  [main] DEBUG org.apache.poi.openxml4j.opc.PackageRelationshipCollection - Parsing relationship: /xl/worksheets/_rels/sheet1.xml.rels
17:58:06.413  [main] DEBUG org.apache.poi.openxml4j.opc.PackageRelationshipCollection - Parsing relationship: /xl/worksheets/_rels/sheet2.xml.rels
17:58:06.414  [main] DEBUG org.apache.poi.openxml4j.opc.PackageRelationshipCollection - Parsing relationship: /_rels/.rels
17:58:06.456  [main] DEBUG org.apache.poi.openxml4j.opc.PackageRelationshipCollection - Parsing relationship: /xl/_rels/workbook.xml.rels
17:58:06.457  [main] DEBUG org.apache.poi.openxml4j.opc.PackageRelationshipCollection - Parsing relationship: /xl/worksheets/_rels/sheet1.xml.rels
17:58:06.459  [main] DEBUG org.apache.poi.openxml4j.opc.PackageRelationshipCollection - Parsing relationship: /xl/worksheets/_rels/sheet2.xml.rels
17:58:06.460  [main] DEBUG org.apache.poi.openxml4j.opc.PackageRelationshipCollection - Parsing relationship: /_rels/.rels
17:58:06.481  [main] INFO  api.test.PetTest - ********************************************
17:58:06.482  [main] INFO  api.test.PetTest - ***** Starting testFindPetByPetIDGetResponse *****
17:58:06.482  [main] INFO  api.test.PetTest - Sending GET request to find pet with ID: 10
17:58:07.913  [main] INFO  api.test.PetTest - StatusCode: 200
17:58:07.913  [main] INFO  api.test.PetTest - Headers: Date=Wed, 23 Oct 2024 12:28:06 GMT
Content-Type=application/json
Transfer-Encoding=chunked
Connection=keep-alive
Access-Control-Allow-Origin=*
Access-Control-Allow-Methods=GET, POST, DELETE, PUT
Access-Control-Allow-Headers=Content-Type, api_key, Authorization
Server=Jetty(9.2.9.v20150224)
17:58:07.913  [main] INFO  api.test.PetTest - JSON response body: {
    "id": 10,
    "category": {
        "id": 123,
        "name": "Bird555"
    },
    "name": "Sona",
    "photoUrls": [
        "www.google.com",
        "www.facebook.com"
    ],
    "tags": [
        {
            "id": 11,
            "name": "Red"
        }
    ],
    "status": "available"
}
17:58:07.913  [main] INFO  api.test.PetTest - Asserting response data for pet ID: 10
17:58:09.333  [main] INFO  api.test.PetTest - ***** Finished testUpdateExistingPetPutResponse *****
17:58:09.333  [main] INFO  api.test.PetTest - ********************************************
17:58:09.371  [main] INFO  api.test.PetTest - ********************************************
17:58:09.373  [main] INFO  api.test.PetTest - ***** Starting testFindPetByPetIDGetResponse *****
17:58:09.373  [main] INFO  api.test.PetTest - Sending GET request to find pet with ID: 20
17:58:10.805  [main] INFO  api.test.PetTest - StatusCode: 200
17:58:10.806  [main] INFO  api.test.PetTest - Headers: Date=Wed, 23 Oct 2024 12:28:09 GMT
Content-Type=application/json
Transfer-Encoding=chunked
Connection=keep-alive
Access-Control-Allow-Origin=*
Access-Control-Allow-Methods=GET, POST, DELETE, PUT
Access-Control-Allow-Headers=Content-Type, api_key, Authorization
Server=Jetty(9.2.9.v20150224)
17:58:10.806  [main] INFO  api.test.PetTest - JSON response body: {
    "id": 20,
    "category": {
        "id": 234,
        "name": "Animal555"
    },
    "name": "Lucky",
    "photoUrls": [
        "www.google.com",
        "www.facebook.com"
    ],
    "tags": [
        {
            "id": 22,
            "name": "Black"
        }
    ],
    "status": "pending"
}
17:58:10.806  [main] INFO  api.test.PetTest - Asserting response data for pet ID: 20
17:58:10.826  [main] INFO  api.test.PetTest - ***** Finished testUpdateExistingPetPutResponse *****
17:58:10.827  [main] INFO  api.test.PetTest - ********************************************
17:58:10.829  [main] INFO  api.test.PetTest - ********************************************
17:58:10.829  [main] INFO  api.test.PetTest - ***** Starting testFindPetByPetIDGetResponse *****
17:58:10.829  [main] INFO  api.test.PetTest - Sending GET request to find pet with ID: 30
17:58:12.191  [main] INFO  api.test.PetTest - StatusCode: 200
17:58:12.191  [main] INFO  api.test.PetTest - Headers: Date=Wed, 23 Oct 2024 12:28:10 GMT
Content-Type=application/json
Transfer-Encoding=chunked
Connection=keep-alive
Access-Control-Allow-Origin=*
Access-Control-Allow-Methods=GET, POST, DELETE, PUT
Access-Control-Allow-Headers=Content-Type, api_key, Authorization
Server=Jetty(9.2.9.v20150224)
17:58:12.192  [main] INFO  api.test.PetTest - JSON response body: {
    "id": 30,
    "category": {
        "id": 345,
        "name": "Fish555"
    },
    "name": "Goldy",
    "photoUrls": [
        "www.google.com",
        "www.facebook.com"
    ],
    "tags": [
        {
            "id": 33,
            "name": "Golden"
        }
    ],
    "status": "sold"
}
17:58:12.192  [main] INFO  api.test.PetTest - Asserting response data for pet ID: 30
17:58:12.209  [main] INFO  api.test.PetTest - ***** Finished testUpdateExistingPetPutResponse *****
17:58:12.209  [main] INFO  api.test.PetTest - ********************************************
17:58:12.211  [main] INFO  api.test.PetTest - ********************************************
17:58:12.211  [main] INFO  api.test.PetTest - ***** Starting testUpdatePetPostResponse *****
17:58:12.216  [main] INFO  api.test.PetTest - Sending POST request to update pet with ID: 30 to name: Luna and status: {}
17:58:13.671  [main] INFO  api.test.PetTest - StatusCode: 200
17:58:13.672  [main] INFO  api.test.PetTest - Headers: Date=Wed, 23 Oct 2024 12:28:12 GMT
Content-Type=application/json
Transfer-Encoding=chunked
Connection=keep-alive
Access-Control-Allow-Origin=*
Access-Control-Allow-Methods=GET, POST, DELETE, PUT
Access-Control-Allow-Headers=Content-Type, api_key, Authorization
Server=Jetty(9.2.9.v20150224)
17:58:13.672  [main] INFO  api.test.PetTest - JSON response body: {
    "code": 200,
    "type": "unknown",
    "message": "30"
}
17:58:13.672  [main] INFO  api.test.PetTest - Asserting response details for pet ID: 30
17:58:15.167  [main] INFO  api.test.PetTest - ***** Finished testUpdateExistingPetPutResponse *****
17:58:15.167  [main] INFO  api.test.PetTest - ********************************************
17:58:15.169  [main] INFO  api.test.PetTest - ********************************************
17:58:15.169  [main] INFO  api.test.PetTest - ***** Starting testUploadPetImagePostResponse *****
17:58:15.169  [main] INFO  api.test.PetTest - Sending POST request to upload image for pet ID: 30 with metadata: Tiger Image
17:58:33.592  [main] INFO  api.test.PetTest - StatusCode: 200
17:58:33.592  [main] INFO  api.test.PetTest - Headers: Date=Wed, 23 Oct 2024 12:28:32 GMT
Content-Type=application/json
Transfer-Encoding=chunked
Connection=keep-alive
Access-Control-Allow-Origin=*
Access-Control-Allow-Methods=GET, POST, DELETE, PUT
Access-Control-Allow-Headers=Content-Type, api_key, Authorization
Server=Jetty(9.2.9.v20150224)
17:58:33.592  [main] INFO  api.test.PetTest - JSON response body: {
    "code": 200,
    "type": "unknown",
    "message": "additionalMetadata: Tiger Image\nFile uploaded to ./2....jpg, 601779 bytes"
}
17:58:33.592  [main] INFO  api.test.PetTest - Asserting response details for uploaded image of pet ID: 30
17:58:33.616  [main] ERROR api.test.PetTest - Test failed due to exception: Response time is outside the expected range (50-15000ms). expected [true] but found [false]
17:58:33.616  [main] DEBUG api.test.PetTest - Exception details
java.lang.AssertionError: Response time is outside the expected range (50-15000ms). expected [true] but found [false]
	at org.testng.Assert.fail(Assert.java:111) ~[testng-7.8.0.jar:7.8.0]
	at org.testng.Assert.failNotEquals(Assert.java:1578) ~[testng-7.8.0.jar:7.8.0]
	at org.testng.Assert.assertTrue(Assert.java:57) ~[testng-7.8.0.jar:7.8.0]
	at api.test.PetTest.testUploadPetImagePostResponse(PetTest.java:524) ~[test-classes/:?]
	at java.base/jdk.internal.reflect.NativeMethodAccessorImpl.invoke0(Native Method) ~[?:?]
	at java.base/jdk.internal.reflect.NativeMethodAccessorImpl.invoke(NativeMethodAccessorImpl.java:77) ~[?:?]
	at java.base/jdk.internal.reflect.DelegatingMethodAccessorImpl.invoke(DelegatingMethodAccessorImpl.java:43) ~[?:?]
	at java.base/java.lang.reflect.Method.invoke(Method.java:568) ~[?:?]
	at org.testng.internal.invokers.MethodInvocationHelper.invokeMethod(MethodInvocationHelper.java:139) ~[testng-7.8.0.jar:7.8.0]
	at org.testng.internal.invokers.TestInvoker.invokeMethod(TestInvoker.java:664) ~[testng-7.8.0.jar:7.8.0]
	at org.testng.internal.invokers.TestInvoker.invokeTestMethod(TestInvoker.java:227) ~[testng-7.8.0.jar:7.8.0]
	at org.testng.internal.invokers.MethodRunner.runInSequence(MethodRunner.java:50) ~[testng-7.8.0.jar:7.8.0]
	at org.testng.internal.invokers.TestInvoker$MethodInvocationAgent.invoke(TestInvoker.java:957) ~[testng-7.8.0.jar:7.8.0]
	at org.testng.internal.invokers.TestInvoker.invokeTestMethods(TestInvoker.java:200) ~[testng-7.8.0.jar:7.8.0]
	at org.testng.internal.invokers.TestMethodWorker.invokeTestMethods(TestMethodWorker.java:148) ~[testng-7.8.0.jar:7.8.0]
	at org.testng.internal.invokers.TestMethodWorker.run(TestMethodWorker.java:128) ~[testng-7.8.0.jar:7.8.0]
	at java.base/java.util.ArrayList.forEach(ArrayList.java:1511) [?:?]
	at org.testng.TestRunner.privateRun(TestRunner.java:848) [testng-7.8.0.jar:7.8.0]
	at org.testng.TestRunner.run(TestRunner.java:621) [testng-7.8.0.jar:7.8.0]
	at org.testng.SuiteRunner.runTest(SuiteRunner.java:443) [testng-7.8.0.jar:7.8.0]
	at org.testng.SuiteRunner.runSequentially(SuiteRunner.java:437) [testng-7.8.0.jar:7.8.0]
	at org.testng.SuiteRunner.privateRun(SuiteRunner.java:397) [testng-7.8.0.jar:7.8.0]
	at org.testng.SuiteRunner.run(SuiteRunner.java:336) [testng-7.8.0.jar:7.8.0]
	at org.testng.SuiteRunnerWorker.runSuite(SuiteRunnerWorker.java:52) [testng-7.8.0.jar:7.8.0]
	at org.testng.SuiteRunnerWorker.run(SuiteRunnerWorker.java:95) [testng-7.8.0.jar:7.8.0]
	at org.testng.TestNG.runSuitesSequentially(TestNG.java:1280) [testng-7.8.0.jar:7.8.0]
	at org.testng.TestNG.runSuitesLocally(TestNG.java:1200) [testng-7.8.0.jar:7.8.0]
	at org.testng.TestNG.runSuites(TestNG.java:1114) [testng-7.8.0.jar:7.8.0]
	at org.testng.TestNG.run(TestNG.java:1082) [testng-7.8.0.jar:7.8.0]
	at org.apache.maven.surefire.testng.TestNGExecutor.run(TestNGExecutor.java:155) [surefire-testng-3.5.0.jar:3.5.0]
	at org.apache.maven.surefire.testng.TestNGDirectoryTestSuite.executeMulti(TestNGDirectoryTestSuite.java:169) [surefire-testng-3.5.0.jar:3.5.0]
	at org.apache.maven.surefire.testng.TestNGDirectoryTestSuite.execute(TestNGDirectoryTestSuite.java:88) [surefire-testng-3.5.0.jar:3.5.0]
	at org.apache.maven.surefire.testng.TestNGProvider.invoke(TestNGProvider.java:137) [surefire-testng-3.5.0.jar:3.5.0]
	at org.apache.maven.surefire.booter.ForkedBooter.runSuitesInProcess(ForkedBooter.java:385) [surefire-booter-3.5.0.jar:3.5.0]
	at org.apache.maven.surefire.booter.ForkedBooter.execute(ForkedBooter.java:162) [surefire-booter-3.5.0.jar:3.5.0]
	at org.apache.maven.surefire.booter.ForkedBooter.run(ForkedBooter.java:507) [surefire-booter-3.5.0.jar:3.5.0]
	at org.apache.maven.surefire.booter.ForkedBooter.main(ForkedBooter.java:495) [surefire-booter-3.5.0.jar:3.5.0]
17:58:33.626  [main] INFO  api.test.PetTest - ***** Finished testUpdateExistingPetPutResponse *****
17:58:33.626  [main] INFO  api.test.PetTest - ********************************************
17:58:33.635  [main] INFO  api.test.PetTest - ********************************************
17:58:33.635  [main] INFO  api.test.PetTest - ***** Starting testDeletePetDeleteResponse *****
17:58:33.635  [main] INFO  api.test.PetTest - Sending DELETE request to remove pet with ID: 20
17:58:35.069  [main] INFO  api.test.PetTest - StatusCode: 200
17:58:35.069  [main] INFO  api.test.PetTest - Headers: Date=Wed, 23 Oct 2024 12:28:33 GMT
Content-Type=application/json
Transfer-Encoding=chunked
Connection=keep-alive
Access-Control-Allow-Origin=*
Access-Control-Allow-Methods=GET, POST, DELETE, PUT
Access-Control-Allow-Headers=Content-Type, api_key, Authorization
Server=Jetty(9.2.9.v20150224)
17:58:35.070  [main] INFO  api.test.PetTest - JSON response body: {
    "code": 200,
    "type": "unknown",
    "message": "20"
}
17:58:35.070  [main] INFO  api.test.PetTest - Asserting response status, time, and headers
17:58:35.082  [main] INFO  api.test.PetTest - Verifying that the pet has been deleted.
17:58:36.589  [main] INFO  api.test.PetTest - ***** Finished testDeletePetDeleteResponse *****
17:58:36.589  [main] INFO  api.test.PetTest - ********************************************
17:58:36.676  [main] INFO  api.test.StoreTest - ********************************************
17:58:36.676  [main] INFO  api.test.StoreTest - ***** Starting testPostStoreResponse *****
17:58:36.677  [main] INFO  api.test.StoreTest - Test Input Data: Store ID: 4, Pet ID: 2000, Quantity: 40, Ship Date: 2023-12-12T16:35:59.906+0000, Status: placed, Complete: true
17:58:36.678  [main] INFO  api.test.StoreTest - Sending POST request to place an order for the pet.
17:58:38.151  [main] INFO  api.test.StoreTest - StatusCode: 200
17:58:38.151  [main] INFO  api.test.StoreTest - Headers: Date=Wed, 23 Oct 2024 12:28:36 GMT
Content-Type=application/json
Transfer-Encoding=chunked
Connection=keep-alive
Access-Control-Allow-Origin=*
Access-Control-Allow-Methods=GET, POST, DELETE, PUT
Access-Control-Allow-Headers=Content-Type, api_key, Authorization
Server=Jetty(9.2.9.v20150224)
17:58:38.151  [main] INFO  api.test.StoreTest - JSON response body: {
    "id": 4,
    "petId": 2000,
    "quantity": 40,
    "shipDate": "2023-12-12T16:35:59.906+0000",
    "status": "placed",
    "complete": true
}
17:58:38.151  [main] INFO  api.test.StoreTest - Asserting response status, headers, and time
17:58:38.152  [main] INFO  api.test.StoreTest - Asserting store data between request and response
17:58:38.259  [main] INFO  api.test.StoreTest - ***** Finished testPostStoreResponse *****
17:58:38.259  [main] INFO  api.test.StoreTest - ********************************************
17:58:38.265  [main] INFO  api.test.StoreTest - ********************************************
17:58:38.265  [main] INFO  api.test.StoreTest - ***** Starting testGetStoreOrderResponse *****
17:58:38.265  [main] INFO  api.test.StoreTest - Retrieving store order with ID: 4
17:58:38.265  [main] INFO  api.test.StoreTest - Sending GET request to retrieve the store order.
17:58:39.630  [main] INFO  api.test.StoreTest - StatusCode: 200
17:58:39.630  [main] INFO  api.test.StoreTest - Headers: Date=Wed, 23 Oct 2024 12:28:38 GMT
Content-Type=application/json
Transfer-Encoding=chunked
Connection=keep-alive
Access-Control-Allow-Origin=*
Access-Control-Allow-Methods=GET, POST, DELETE, PUT
Access-Control-Allow-Headers=Content-Type, api_key, Authorization
Server=Jetty(9.2.9.v20150224)
17:58:39.630  [main] INFO  api.test.StoreTest - JSON response body: {
    "id": 4,
    "petId": 2000,
    "quantity": 40,
    "shipDate": "2023-12-12T16:35:59.906+0000",
    "status": "placed",
    "complete": true
}
17:58:39.630  [main] INFO  api.test.StoreTest - Asserting response status, headers, and time
17:58:39.744  [main] INFO  api.test.StoreTest - Asserting order data between request and response
17:58:39.825  [main] INFO  api.test.StoreTest - Response matches JSON schema
17:58:39.826  [main] INFO  api.test.StoreTest - Testing with invalid order ID: 101
17:58:41.153  [main] INFO  api.test.StoreTest - Asserting response status for invalid order ID
17:58:41.154  [main] INFO  api.test.StoreTest - ***** Finished testGetStoreOrderResponse *****
17:58:41.154  [main] INFO  api.test.StoreTest - ********************************************
17:58:41.155  [main] INFO  api.test.StoreTest - ********************************************
17:58:41.156  [main] INFO  api.test.StoreTest - ***** Starting testGetStoreInventoriesResponse *****
17:58:41.156  [main] INFO  api.test.StoreTest - Sending GET request to retrieve store inventories.
17:58:42.629  [main] INFO  api.test.StoreTest - StatusCode: 200
17:58:42.629  [main] INFO  api.test.StoreTest - Headers: Date=Wed, 23 Oct 2024 12:28:41 GMT
Content-Type=application/json
Transfer-Encoding=chunked
Connection=keep-alive
Access-Control-Allow-Origin=*
Access-Control-Allow-Methods=GET, POST, DELETE, PUT
Access-Control-Allow-Headers=Content-Type, api_key, Authorization
Server=Jetty(9.2.9.v20150224)
17:58:42.630  [main] INFO  api.test.StoreTest - JSON response body: {
    "AVAILABLE": 2,
    "sold": 2,
    "{{PetStatus-Updated}}": 1,
    "string": 529,
    "pending": 7,
    "available": 196,
    "Available": 1,
    "none": 1,
    "peric": 2,
    "status": 18
}
17:58:42.630  [main] INFO  api.test.StoreTest - Asserting response status code and content type
