10:42:05.056  [main] INFO  api.test.PetTest - ********************************************
10:42:05.064  [main] INFO  api.test.PetTest - ***** Starting testUpdateExistingPetPutResponse *****
10:42:05.064  [main] INFO  api.test.PetTest - Pet object created with updated data
10:42:05.064  [main] INFO  api.test.PetTest - Sending PUT request to update the existing pet.
10:42:05.082  [main] INFO  api.utilities.RequestResponseFilter - ======================================================================================
10:42:05.082  [main] INFO  api.utilities.RequestResponseFilter - ======================================================================================
10:42:05.083  [main] INFO  api.utilities.RequestResponseFilter - cURL Command: 
curl -X PUT 'https://petstore.swagger.io/v2/pet' -H 'Accept: application/json, application/javascript, text/javascript, text/json' -H 'Content-Type: application/json' --data '{"id":"30","category":{"id":"345","name":"Fish555"},"name":"Goldy","photoUrls":["www.google.com","www.facebook.com"],"tags":[{"id":"33","name":"Golden"}],"status":"sold"}'
10:42:06.661  [main] INFO  api.utilities.RequestResponseFilter - ******************************************************************
10:42:06.663  [main] INFO  api.utilities.RequestResponseFilter - Response Status line: 
HTTP/1.1 200 OK
10:42:06.664  [main] INFO  api.utilities.RequestResponseFilter - Response Body: 
{
    "id": 30,
    "category": {
        "id": 345,
        "name": "Fish555"
    },
    "name": "Goldy",
    "photoUrls": [
        "www.google.com",
        "www.facebook.com"
    ],
    "tags": [
        {
            "id": 33,
            "name": "Golden"
        }
    ],
    "status": "sold"
}
10:42:06.664  [main] INFO  api.utilities.RequestResponseFilter - Response Headers: 
Date=Fri, 06 Dec 2024 05:12:05 GMT
Content-Type=application/json
Transfer-Encoding=chunked
Connection=keep-alive
Access-Control-Allow-Origin=*
Access-Control-Allow-Methods=GET, POST, DELETE, PUT
Access-Control-Allow-Headers=Content-Type, api_key, Authorization
Server=Jetty(9.2.9.v20150224)
10:42:06.665  [main] INFO  api.utilities.RequestResponseFilter - ======================================================================================
10:42:06.665  [main] INFO  api.utilities.RequestResponseFilter - ======================================================================================
10:42:06.674  [main] INFO  api.test.PetTest - Response mapped to Pet object
10:42:06.674  [main] INFO  api.test.PetTest - Asserting response status, headers, and time
10:42:06.675  [main] INFO  api.test.PetTest - Asserting updated pet data between request and response
10:42:06.675  [main] INFO  api.test.PetTest - Asserting pet tags
10:42:06.675  [main] INFO  api.test.PetTest - Asserting pet status
10:42:06.675  [main] INFO  api.test.PetTest - ***** Finished testUpdateExistingPetPutResponse *****
10:42:06.676  [main] INFO  api.test.PetTest - ********************************************
10:42:06.682  [main] INFO  api.test.PetTest - ********************************************
10:42:06.682  [main] INFO  api.test.PetTest - ***** Starting testFindPetByStatusGetResponse *****
10:42:06.682  [main] INFO  api.test.PetTest - Sending GET request to find pets with status: pending
10:42:06.702  [main] INFO  api.utilities.RequestResponseFilter - ======================================================================================
10:42:06.702  [main] INFO  api.utilities.RequestResponseFilter - ======================================================================================
10:42:06.702  [main] INFO  api.utilities.RequestResponseFilter - cURL Command: 
curl -X GET 'https://petstore.swagger.io/v2/pet/findByStatus?status=pending' -H 'Accept: application/json' -H 'Content-Type: application/json'
10:42:08.011  [main] INFO  api.utilities.RequestResponseFilter - ******************************************************************
10:42:08.018  [main] INFO  api.utilities.RequestResponseFilter - Response Status line: 
HTTP/1.1 200 OK
10:42:08.021  [main] INFO  api.utilities.RequestResponseFilter - Response Body: 
[
    {
        "id": 9223372016900013477,
        "category": {
            "id": 86059836,
            "name": "adipisicing in reprehen"
        },
        "name": "doggie",
        "photoUrls": [
            "",
            "elit velit"
        ],
        "tags": [
            {
                "id": -66663367,
                "name": "commodo velit"
            },
            {
                "id": 95735457,
                "name": "deserunt ex incididunt"
            }
        ],
        "status": "pending"
    },
    {
        "id": 9223372016900013478,
        "category": {
            "id": -29575580,
            "name": "aliqua Excepteur magna"
        },
        "name": "doggie",
        "photoUrls": [
            "commodo minim nisi",
            "tempor magna"
        ],
        "tags": [
            {
                "id": -52248637,
                "name": "exercitation irure sunt laborum"
            },
            {
                "id": -59740185,
                "name": "labore dolore"
            }
        ],
        "status": "pending"
    },
    {
        "id": 111,
        "category": {
            "id": 2,
            "name": "dogs"
        },
        "name": "Sharik",
        "photoUrls": [
            "stepik.org"
        ],
        "tags": [
            {
                "id": 1,
                "name": "cute"
            }
        ],
        "status": "pending"
    },
    {
        "id": 9223372016900013922,
        "category": {
            "id": 82212339,
            "name": "sed nulla minim"
        },
        "name": "doggie",
        "photoUrls": [
            "veniam officia",
            "amet Ut Excepteur irure"
        ],
        "tags": [
            {
                "id": -64599653,
                "name": "nisi qui"
            },
            {
                "id": -20636986,
                "name": "et est"
            }
        ],
        "status": "pending"
    },
    {
        "id": 9223372016900013962,
        "category": {
            "id": 82641878,
            "name": "dolor dolore nisi Duis"
        },
        "name": "doggie",
        "photoUrls": [
            "officia in in enim",
            "eu sed"
        ],
        "tags": [
            {
                "id": 83694122,
                "name": "esse sit in aute anim"
            },
            {
                "id": -91142734,
                "name": "sit deserunt mollit ea"
            }
        ],
        "status": "pending"
    },
    {
        "id": 20,
        "category": {
            "id": 234,
            "name": "Animal555"
        },
        "name": "Lucky",
        "photoUrls": [
            "www.google.com",
            "www.facebook.com"
        ],
        "tags": [
            {
                "id": 22,
                "name": "Black"
            }
        ],
        "status": "pending"
    }
]
10:42:08.021  [main] INFO  api.utilities.RequestResponseFilter - Response Headers: 
Date=Fri, 06 Dec 2024 05:12:06 GMT
Content-Type=application/json
Transfer-Encoding=chunked
Connection=keep-alive
Access-Control-Allow-Origin=*
Access-Control-Allow-Methods=GET, POST, DELETE, PUT
Access-Control-Allow-Headers=Content-Type, api_key, Authorization
Server=Jetty(9.2.9.v20150224)
10:42:08.021  [main] INFO  api.utilities.RequestResponseFilter - ======================================================================================
10:42:08.021  [main] INFO  api.utilities.RequestResponseFilter - ======================================================================================
10:42:08.038  [main] INFO  api.test.PetTest - Checking for pet with name 'Lucky' and status 'pending'
10:42:08.038  [main] INFO  api.test.PetTest - Asserting response status, headers, and time
10:42:08.039  [main] INFO  api.test.PetTest - ***** Finished testUpdateExistingPetPutResponse *****
10:42:08.039  [main] INFO  api.test.PetTest - ********************************************
10:42:08.051  [main] DEBUG org.apache.poi.openxml4j.opc.PackageRelationshipCollection - Parsing relationship: /xl/_rels/workbook.xml.rels
10:42:08.053  [main] DEBUG org.apache.poi.openxml4j.opc.PackageRelationshipCollection - Parsing relationship: /xl/worksheets/_rels/sheet1.xml.rels
10:42:08.054  [main] DEBUG org.apache.poi.openxml4j.opc.PackageRelationshipCollection - Parsing relationship: /xl/worksheets/_rels/sheet2.xml.rels
10:42:08.055  [main] DEBUG org.apache.poi.openxml4j.opc.PackageRelationshipCollection - Parsing relationship: /_rels/.rels
10:42:08.076  [main] DEBUG org.apache.poi.openxml4j.opc.PackageRelationshipCollection - Parsing relationship: /xl/_rels/workbook.xml.rels
10:42:08.077  [main] DEBUG org.apache.poi.openxml4j.opc.PackageRelationshipCollection - Parsing relationship: /xl/worksheets/_rels/sheet1.xml.rels
10:42:08.078  [main] DEBUG org.apache.poi.openxml4j.opc.PackageRelationshipCollection - Parsing relationship: /xl/worksheets/_rels/sheet2.xml.rels
10:42:08.079  [main] DEBUG org.apache.poi.openxml4j.opc.PackageRelationshipCollection - Parsing relationship: /_rels/.rels
10:42:08.096  [main] DEBUG org.apache.poi.openxml4j.opc.PackageRelationshipCollection - Parsing relationship: /xl/_rels/workbook.xml.rels
10:42:08.097  [main] DEBUG org.apache.poi.openxml4j.opc.PackageRelationshipCollection - Parsing relationship: /xl/worksheets/_rels/sheet1.xml.rels
10:42:08.104  [main] DEBUG org.apache.poi.openxml4j.opc.PackageRelationshipCollection - Parsing relationship: /xl/worksheets/_rels/sheet2.xml.rels
10:42:08.106  [main] DEBUG org.apache.poi.openxml4j.opc.PackageRelationshipCollection - Parsing relationship: /_rels/.rels
10:42:08.125  [main] DEBUG org.apache.poi.openxml4j.opc.PackageRelationshipCollection - Parsing relationship: /xl/_rels/workbook.xml.rels
10:42:08.126  [main] DEBUG org.apache.poi.openxml4j.opc.PackageRelationshipCollection - Parsing relationship: /xl/worksheets/_rels/sheet1.xml.rels
10:42:08.126  [main] DEBUG org.apache.poi.openxml4j.opc.PackageRelationshipCollection - Parsing relationship: /xl/worksheets/_rels/sheet2.xml.rels
10:42:08.127  [main] DEBUG org.apache.poi.openxml4j.opc.PackageRelationshipCollection - Parsing relationship: /_rels/.rels
10:42:08.151  [main] DEBUG org.apache.poi.openxml4j.opc.PackageRelationshipCollection - Parsing relationship: /xl/_rels/workbook.xml.rels
10:42:08.152  [main] DEBUG org.apache.poi.openxml4j.opc.PackageRelationshipCollection - Parsing relationship: /xl/worksheets/_rels/sheet1.xml.rels
10:42:08.152  [main] DEBUG org.apache.poi.openxml4j.opc.PackageRelationshipCollection - Parsing relationship: /xl/worksheets/_rels/sheet2.xml.rels
10:42:08.153  [main] DEBUG org.apache.poi.openxml4j.opc.PackageRelationshipCollection - Parsing relationship: /_rels/.rels
10:42:08.167  [main] DEBUG org.apache.poi.openxml4j.opc.PackageRelationshipCollection - Parsing relationship: /xl/_rels/workbook.xml.rels
10:42:08.168  [main] DEBUG org.apache.poi.openxml4j.opc.PackageRelationshipCollection - Parsing relationship: /xl/worksheets/_rels/sheet1.xml.rels
10:42:08.168  [main] DEBUG org.apache.poi.openxml4j.opc.PackageRelationshipCollection - Parsing relationship: /xl/worksheets/_rels/sheet2.xml.rels
10:42:08.169  [main] DEBUG org.apache.poi.openxml4j.opc.PackageRelationshipCollection - Parsing relationship: /_rels/.rels
10:42:08.186  [main] DEBUG org.apache.poi.openxml4j.opc.PackageRelationshipCollection - Parsing relationship: /xl/_rels/workbook.xml.rels
10:42:08.186  [main] DEBUG org.apache.poi.openxml4j.opc.PackageRelationshipCollection - Parsing relationship: /xl/worksheets/_rels/sheet1.xml.rels
10:42:08.187  [main] DEBUG org.apache.poi.openxml4j.opc.PackageRelationshipCollection - Parsing relationship: /xl/worksheets/_rels/sheet2.xml.rels
10:42:08.187  [main] DEBUG org.apache.poi.openxml4j.opc.PackageRelationshipCollection - Parsing relationship: /_rels/.rels
10:42:08.201  [main] DEBUG org.apache.poi.openxml4j.opc.PackageRelationshipCollection - Parsing relationship: /xl/_rels/workbook.xml.rels
10:42:08.202  [main] DEBUG org.apache.poi.openxml4j.opc.PackageRelationshipCollection - Parsing relationship: /xl/worksheets/_rels/sheet1.xml.rels
10:42:08.203  [main] DEBUG org.apache.poi.openxml4j.opc.PackageRelationshipCollection - Parsing relationship: /xl/worksheets/_rels/sheet2.xml.rels
10:42:08.204  [main] DEBUG org.apache.poi.openxml4j.opc.PackageRelationshipCollection - Parsing relationship: /_rels/.rels
10:42:08.223  [main] DEBUG org.apache.poi.openxml4j.opc.PackageRelationshipCollection - Parsing relationship: /xl/_rels/workbook.xml.rels
10:42:08.223  [main] DEBUG org.apache.poi.openxml4j.opc.PackageRelationshipCollection - Parsing relationship: /xl/worksheets/_rels/sheet1.xml.rels
10:42:08.224  [main] DEBUG org.apache.poi.openxml4j.opc.PackageRelationshipCollection - Parsing relationship: /xl/worksheets/_rels/sheet2.xml.rels
10:42:08.224  [main] DEBUG org.apache.poi.openxml4j.opc.PackageRelationshipCollection - Parsing relationship: /_rels/.rels
10:42:08.248  [main] DEBUG org.apache.poi.openxml4j.opc.PackageRelationshipCollection - Parsing relationship: /xl/_rels/workbook.xml.rels
10:42:08.248  [main] DEBUG org.apache.poi.openxml4j.opc.PackageRelationshipCollection - Parsing relationship: /xl/worksheets/_rels/sheet1.xml.rels
10:42:08.249  [main] DEBUG org.apache.poi.openxml4j.opc.PackageRelationshipCollection - Parsing relationship: /xl/worksheets/_rels/sheet2.xml.rels
10:42:08.250  [main] DEBUG org.apache.poi.openxml4j.opc.PackageRelationshipCollection - Parsing relationship: /_rels/.rels
10:42:08.267  [main] DEBUG org.apache.poi.openxml4j.opc.PackageRelationshipCollection - Parsing relationship: /xl/_rels/workbook.xml.rels
10:42:08.268  [main] DEBUG org.apache.poi.openxml4j.opc.PackageRelationshipCollection - Parsing relationship: /xl/worksheets/_rels/sheet1.xml.rels
10:42:08.268  [main] DEBUG org.apache.poi.openxml4j.opc.PackageRelationshipCollection - Parsing relationship: /xl/worksheets/_rels/sheet2.xml.rels
10:42:08.269  [main] DEBUG org.apache.poi.openxml4j.opc.PackageRelationshipCollection - Parsing relationship: /_rels/.rels
10:42:08.284  [main] DEBUG org.apache.poi.openxml4j.opc.PackageRelationshipCollection - Parsing relationship: /xl/_rels/workbook.xml.rels
10:42:08.284  [main] DEBUG org.apache.poi.openxml4j.opc.PackageRelationshipCollection - Parsing relationship: /xl/worksheets/_rels/sheet1.xml.rels
10:42:08.285  [main] DEBUG org.apache.poi.openxml4j.opc.PackageRelationshipCollection - Parsing relationship: /xl/worksheets/_rels/sheet2.xml.rels
10:42:08.286  [main] DEBUG org.apache.poi.openxml4j.opc.PackageRelationshipCollection - Parsing relationship: /_rels/.rels
10:42:08.305  [main] DEBUG org.apache.poi.openxml4j.opc.PackageRelationshipCollection - Parsing relationship: /xl/_rels/workbook.xml.rels
10:42:08.305  [main] DEBUG org.apache.poi.openxml4j.opc.PackageRelationshipCollection - Parsing relationship: /xl/worksheets/_rels/sheet1.xml.rels
10:42:08.305  [main] DEBUG org.apache.poi.openxml4j.opc.PackageRelationshipCollection - Parsing relationship: /xl/worksheets/_rels/sheet2.xml.rels
10:42:08.306  [main] DEBUG org.apache.poi.openxml4j.opc.PackageRelationshipCollection - Parsing relationship: /_rels/.rels
10:42:08.320  [main] DEBUG org.apache.poi.openxml4j.opc.PackageRelationshipCollection - Parsing relationship: /xl/_rels/workbook.xml.rels
10:42:08.320  [main] DEBUG org.apache.poi.openxml4j.opc.PackageRelationshipCollection - Parsing relationship: /xl/worksheets/_rels/sheet1.xml.rels
10:42:08.321  [main] DEBUG org.apache.poi.openxml4j.opc.PackageRelationshipCollection - Parsing relationship: /xl/worksheets/_rels/sheet2.xml.rels
10:42:08.321  [main] DEBUG org.apache.poi.openxml4j.opc.PackageRelationshipCollection - Parsing relationship: /_rels/.rels
10:42:08.336  [main] DEBUG org.apache.poi.openxml4j.opc.PackageRelationshipCollection - Parsing relationship: /xl/_rels/workbook.xml.rels
10:42:08.337  [main] DEBUG org.apache.poi.openxml4j.opc.PackageRelationshipCollection - Parsing relationship: /xl/worksheets/_rels/sheet1.xml.rels
10:42:08.338  [main] DEBUG org.apache.poi.openxml4j.opc.PackageRelationshipCollection - Parsing relationship: /xl/worksheets/_rels/sheet2.xml.rels
10:42:08.339  [main] DEBUG org.apache.poi.openxml4j.opc.PackageRelationshipCollection - Parsing relationship: /_rels/.rels
10:42:08.358  [main] DEBUG org.apache.poi.openxml4j.opc.PackageRelationshipCollection - Parsing relationship: /xl/_rels/workbook.xml.rels
10:42:08.359  [main] DEBUG org.apache.poi.openxml4j.opc.PackageRelationshipCollection - Parsing relationship: /xl/worksheets/_rels/sheet1.xml.rels
10:42:08.359  [main] DEBUG org.apache.poi.openxml4j.opc.PackageRelationshipCollection - Parsing relationship: /xl/worksheets/_rels/sheet2.xml.rels
10:42:08.360  [main] DEBUG org.apache.poi.openxml4j.opc.PackageRelationshipCollection - Parsing relationship: /_rels/.rels
10:42:08.375  [main] DEBUG org.apache.poi.openxml4j.opc.PackageRelationshipCollection - Parsing relationship: /xl/_rels/workbook.xml.rels
10:42:08.375  [main] DEBUG org.apache.poi.openxml4j.opc.PackageRelationshipCollection - Parsing relationship: /xl/worksheets/_rels/sheet1.xml.rels
10:42:08.376  [main] DEBUG org.apache.poi.openxml4j.opc.PackageRelationshipCollection - Parsing relationship: /xl/worksheets/_rels/sheet2.xml.rels
10:42:08.376  [main] DEBUG org.apache.poi.openxml4j.opc.PackageRelationshipCollection - Parsing relationship: /_rels/.rels
10:42:08.391  [main] DEBUG org.apache.poi.openxml4j.opc.PackageRelationshipCollection - Parsing relationship: /xl/_rels/workbook.xml.rels
10:42:08.392  [main] DEBUG org.apache.poi.openxml4j.opc.PackageRelationshipCollection - Parsing relationship: /xl/worksheets/_rels/sheet1.xml.rels
10:42:08.392  [main] DEBUG org.apache.poi.openxml4j.opc.PackageRelationshipCollection - Parsing relationship: /xl/worksheets/_rels/sheet2.xml.rels
10:42:08.393  [main] DEBUG org.apache.poi.openxml4j.opc.PackageRelationshipCollection - Parsing relationship: /_rels/.rels
10:42:08.410  [main] DEBUG org.apache.poi.openxml4j.opc.PackageRelationshipCollection - Parsing relationship: /xl/_rels/workbook.xml.rels
10:42:08.410  [main] DEBUG org.apache.poi.openxml4j.opc.PackageRelationshipCollection - Parsing relationship: /xl/worksheets/_rels/sheet1.xml.rels
10:42:08.411  [main] DEBUG org.apache.poi.openxml4j.opc.PackageRelationshipCollection - Parsing relationship: /xl/worksheets/_rels/sheet2.xml.rels
10:42:08.411  [main] DEBUG org.apache.poi.openxml4j.opc.PackageRelationshipCollection - Parsing relationship: /_rels/.rels
10:42:08.424  [main] DEBUG org.apache.poi.openxml4j.opc.PackageRelationshipCollection - Parsing relationship: /xl/_rels/workbook.xml.rels
10:42:08.425  [main] DEBUG org.apache.poi.openxml4j.opc.PackageRelationshipCollection - Parsing relationship: /xl/worksheets/_rels/sheet1.xml.rels
10:42:08.426  [main] DEBUG org.apache.poi.openxml4j.opc.PackageRelationshipCollection - Parsing relationship: /xl/worksheets/_rels/sheet2.xml.rels
10:42:08.426  [main] DEBUG org.apache.poi.openxml4j.opc.PackageRelationshipCollection - Parsing relationship: /_rels/.rels
10:42:08.443  [main] DEBUG org.apache.poi.openxml4j.opc.PackageRelationshipCollection - Parsing relationship: /xl/_rels/workbook.xml.rels
10:42:08.444  [main] DEBUG org.apache.poi.openxml4j.opc.PackageRelationshipCollection - Parsing relationship: /xl/worksheets/_rels/sheet1.xml.rels
10:42:08.445  [main] DEBUG org.apache.poi.openxml4j.opc.PackageRelationshipCollection - Parsing relationship: /xl/worksheets/_rels/sheet2.xml.rels
10:42:08.445  [main] DEBUG org.apache.poi.openxml4j.opc.PackageRelationshipCollection - Parsing relationship: /_rels/.rels
10:42:08.459  [main] DEBUG org.apache.poi.openxml4j.opc.PackageRelationshipCollection - Parsing relationship: /xl/_rels/workbook.xml.rels
10:42:08.459  [main] DEBUG org.apache.poi.openxml4j.opc.PackageRelationshipCollection - Parsing relationship: /xl/worksheets/_rels/sheet1.xml.rels
10:42:08.460  [main] DEBUG org.apache.poi.openxml4j.opc.PackageRelationshipCollection - Parsing relationship: /xl/worksheets/_rels/sheet2.xml.rels
10:42:08.460  [main] DEBUG org.apache.poi.openxml4j.opc.PackageRelationshipCollection - Parsing relationship: /_rels/.rels
10:42:08.474  [main] DEBUG org.apache.poi.openxml4j.opc.PackageRelationshipCollection - Parsing relationship: /xl/_rels/workbook.xml.rels
10:42:08.474  [main] DEBUG org.apache.poi.openxml4j.opc.PackageRelationshipCollection - Parsing relationship: /xl/worksheets/_rels/sheet1.xml.rels
10:42:08.475  [main] DEBUG org.apache.poi.openxml4j.opc.PackageRelationshipCollection - Parsing relationship: /xl/worksheets/_rels/sheet2.xml.rels
10:42:08.476  [main] DEBUG org.apache.poi.openxml4j.opc.PackageRelationshipCollection - Parsing relationship: /_rels/.rels
10:42:08.498  [main] DEBUG org.apache.poi.openxml4j.opc.PackageRelationshipCollection - Parsing relationship: /xl/_rels/workbook.xml.rels
10:42:08.498  [main] DEBUG org.apache.poi.openxml4j.opc.PackageRelationshipCollection - Parsing relationship: /xl/worksheets/_rels/sheet1.xml.rels
10:42:08.499  [main] DEBUG org.apache.poi.openxml4j.opc.PackageRelationshipCollection - Parsing relationship: /xl/worksheets/_rels/sheet2.xml.rels
10:42:08.500  [main] DEBUG org.apache.poi.openxml4j.opc.PackageRelationshipCollection - Parsing relationship: /_rels/.rels
10:42:08.518  [main] DEBUG org.apache.poi.openxml4j.opc.PackageRelationshipCollection - Parsing relationship: /xl/_rels/workbook.xml.rels
10:42:08.519  [main] DEBUG org.apache.poi.openxml4j.opc.PackageRelationshipCollection - Parsing relationship: /xl/worksheets/_rels/sheet1.xml.rels
10:42:08.520  [main] DEBUG org.apache.poi.openxml4j.opc.PackageRelationshipCollection - Parsing relationship: /xl/worksheets/_rels/sheet2.xml.rels
10:42:08.520  [main] DEBUG org.apache.poi.openxml4j.opc.PackageRelationshipCollection - Parsing relationship: /_rels/.rels
10:42:08.543  [main] DEBUG org.apache.poi.openxml4j.opc.PackageRelationshipCollection - Parsing relationship: /xl/_rels/workbook.xml.rels
10:42:08.543  [main] DEBUG org.apache.poi.openxml4j.opc.PackageRelationshipCollection - Parsing relationship: /xl/worksheets/_rels/sheet1.xml.rels
10:42:08.544  [main] DEBUG org.apache.poi.openxml4j.opc.PackageRelationshipCollection - Parsing relationship: /xl/worksheets/_rels/sheet2.xml.rels
10:42:08.545  [main] DEBUG org.apache.poi.openxml4j.opc.PackageRelationshipCollection - Parsing relationship: /_rels/.rels
10:42:08.560  [main] DEBUG org.apache.poi.openxml4j.opc.PackageRelationshipCollection - Parsing relationship: /xl/_rels/workbook.xml.rels
10:42:08.561  [main] DEBUG org.apache.poi.openxml4j.opc.PackageRelationshipCollection - Parsing relationship: /xl/worksheets/_rels/sheet1.xml.rels
10:42:08.561  [main] DEBUG org.apache.poi.openxml4j.opc.PackageRelationshipCollection - Parsing relationship: /xl/worksheets/_rels/sheet2.xml.rels
10:42:08.562  [main] DEBUG org.apache.poi.openxml4j.opc.PackageRelationshipCollection - Parsing relationship: /_rels/.rels
10:42:08.576  [main] DEBUG org.apache.poi.openxml4j.opc.PackageRelationshipCollection - Parsing relationship: /xl/_rels/workbook.xml.rels
10:42:08.577  [main] DEBUG org.apache.poi.openxml4j.opc.PackageRelationshipCollection - Parsing relationship: /xl/worksheets/_rels/sheet1.xml.rels
10:42:08.577  [main] DEBUG org.apache.poi.openxml4j.opc.PackageRelationshipCollection - Parsing relationship: /xl/worksheets/_rels/sheet2.xml.rels
10:42:08.578  [main] DEBUG org.apache.poi.openxml4j.opc.PackageRelationshipCollection - Parsing relationship: /_rels/.rels
10:42:08.593  [main] DEBUG org.apache.poi.openxml4j.opc.PackageRelationshipCollection - Parsing relationship: /xl/_rels/workbook.xml.rels
10:42:08.594  [main] DEBUG org.apache.poi.openxml4j.opc.PackageRelationshipCollection - Parsing relationship: /xl/worksheets/_rels/sheet1.xml.rels
10:42:08.594  [main] DEBUG org.apache.poi.openxml4j.opc.PackageRelationshipCollection - Parsing relationship: /xl/worksheets/_rels/sheet2.xml.rels
10:42:08.595  [main] DEBUG org.apache.poi.openxml4j.opc.PackageRelationshipCollection - Parsing relationship: /_rels/.rels
10:42:08.614  [main] INFO  api.test.PetTest - ********************************************
10:42:08.614  [main] INFO  api.test.PetTest - ***** Starting testFindPetByPetIDGetResponse *****
10:42:08.614  [main] INFO  api.test.PetTest - Sending GET request to find pet with ID: 10
10:42:08.640  [main] INFO  api.utilities.RequestResponseFilter - ======================================================================================
10:42:08.640  [main] INFO  api.utilities.RequestResponseFilter - ======================================================================================
10:42:08.641  [main] INFO  api.utilities.RequestResponseFilter - cURL Command: 
curl -X GET 'https://petstore.swagger.io/v2/pet/10' -H 'Accept: application/json' -H 'Content-Type: application/json'
10:42:10.477  [main] INFO  api.utilities.RequestResponseFilter - ******************************************************************
10:42:10.479  [main] INFO  api.utilities.RequestResponseFilter - Response Status line: 
HTTP/1.1 200 OK
10:42:10.479  [main] INFO  api.utilities.RequestResponseFilter - Response Body: 
{
    "id": 10,
    "category": {
        "id": 123,
        "name": "Bird555"
    },
    "name": "Sona",
    "photoUrls": [
        "www.google.com",
        "www.facebook.com"
    ],
    "tags": [
        {
            "id": 11,
            "name": "Red"
        }
    ],
    "status": "available"
}
10:42:10.480  [main] INFO  api.utilities.RequestResponseFilter - Response Headers: 
Date=Fri, 06 Dec 2024 05:12:09 GMT
Content-Type=application/json
Transfer-Encoding=chunked
Connection=keep-alive
Access-Control-Allow-Origin=*
Access-Control-Allow-Methods=GET, POST, DELETE, PUT
Access-Control-Allow-Headers=Content-Type, api_key, Authorization
Server=Jetty(9.2.9.v20150224)
10:42:10.480  [main] INFO  api.utilities.RequestResponseFilter - ======================================================================================
10:42:10.480  [main] INFO  api.utilities.RequestResponseFilter - ======================================================================================
10:42:10.482  [main] INFO  api.test.PetTest - Asserting response data for pet ID: 10
10:42:11.372  [main] INFO  api.test.PetTest - ***** Finished testUpdateExistingPetPutResponse *****
10:42:11.372  [main] INFO  api.test.PetTest - ********************************************
10:42:11.378  [main] INFO  api.test.PetTest - ********************************************
10:42:11.378  [main] INFO  api.test.PetTest - ***** Starting testFindPetByPetIDGetResponse *****
10:42:11.378  [main] INFO  api.test.PetTest - Sending GET request to find pet with ID: 20
10:42:11.399  [main] INFO  api.utilities.RequestResponseFilter - ======================================================================================
10:42:11.399  [main] INFO  api.utilities.RequestResponseFilter - ======================================================================================
10:42:11.400  [main] INFO  api.utilities.RequestResponseFilter - cURL Command: 
curl -X GET 'https://petstore.swagger.io/v2/pet/20' -H 'Accept: application/json' -H 'Content-Type: application/json'
10:42:13.174  [main] INFO  api.utilities.RequestResponseFilter - ******************************************************************
10:42:13.177  [main] INFO  api.utilities.RequestResponseFilter - Response Status line: 
HTTP/1.1 200 OK
10:42:13.177  [main] INFO  api.utilities.RequestResponseFilter - Response Body: 
{
    "id": 20,
    "category": {
        "id": 234,
        "name": "Animal555"
    },
    "name": "Lucky",
    "photoUrls": [
        "www.google.com",
        "www.facebook.com"
    ],
    "tags": [
        {
            "id": 22,
            "name": "Black"
        }
    ],
    "status": "pending"
}
10:42:13.177  [main] INFO  api.utilities.RequestResponseFilter - Response Headers: 
Date=Fri, 06 Dec 2024 05:12:11 GMT
Content-Type=application/json
Transfer-Encoding=chunked
Connection=keep-alive
Access-Control-Allow-Origin=*
Access-Control-Allow-Methods=GET, POST, DELETE, PUT
Access-Control-Allow-Headers=Content-Type, api_key, Authorization
Server=Jetty(9.2.9.v20150224)
10:42:13.177  [main] INFO  api.utilities.RequestResponseFilter - ======================================================================================
10:42:13.177  [main] INFO  api.utilities.RequestResponseFilter - ======================================================================================
10:42:13.178  [main] INFO  api.test.PetTest - Asserting response data for pet ID: 20
10:42:13.194  [main] INFO  api.test.PetTest - ***** Finished testUpdateExistingPetPutResponse *****
10:42:13.194  [main] INFO  api.test.PetTest - ********************************************
10:42:13.199  [main] INFO  api.test.PetTest - ********************************************
10:42:13.199  [main] INFO  api.test.PetTest - ***** Starting testFindPetByPetIDGetResponse *****
10:42:13.201  [main] INFO  api.test.PetTest - Sending GET request to find pet with ID: 30
10:42:13.208  [main] INFO  api.utilities.RequestResponseFilter - ======================================================================================
10:42:13.209  [main] INFO  api.utilities.RequestResponseFilter - ======================================================================================
10:42:13.209  [main] INFO  api.utilities.RequestResponseFilter - cURL Command: 
curl -X GET 'https://petstore.swagger.io/v2/pet/30' -H 'Accept: application/json' -H 'Content-Type: application/json'
10:42:14.560  [main] INFO  api.utilities.RequestResponseFilter - ******************************************************************
10:42:14.564  [main] INFO  api.utilities.RequestResponseFilter - Response Status line: 
HTTP/1.1 200 OK
10:42:14.565  [main] INFO  api.utilities.RequestResponseFilter - Response Body: 
{
    "id": 30,
    "category": {
        "id": 345,
        "name": "Fish555"
    },
    "name": "Goldy",
    "photoUrls": [
        "www.google.com",
        "www.facebook.com"
    ],
    "tags": [
        {
            "id": 33,
            "name": "Golden"
        }
    ],
    "status": "sold"
}
10:42:14.565  [main] INFO  api.utilities.RequestResponseFilter - Response Headers: 
Date=Fri, 06 Dec 2024 05:12:13 GMT
Content-Type=application/json
Transfer-Encoding=chunked
Connection=keep-alive
Access-Control-Allow-Origin=*
Access-Control-Allow-Methods=GET, POST, DELETE, PUT
Access-Control-Allow-Headers=Content-Type, api_key, Authorization
Server=Jetty(9.2.9.v20150224)
10:42:14.565  [main] INFO  api.utilities.RequestResponseFilter - ======================================================================================
10:42:14.566  [main] INFO  api.utilities.RequestResponseFilter - ======================================================================================
10:42:14.568  [main] INFO  api.test.PetTest - Asserting response data for pet ID: 30
10:42:14.586  [main] INFO  api.test.PetTest - ***** Finished testUpdateExistingPetPutResponse *****
10:42:14.586  [main] INFO  api.test.PetTest - ********************************************
10:42:14.594  [main] INFO  api.test.PetTest - ********************************************
10:42:14.594  [main] INFO  api.test.PetTest - ***** Starting testUpdatePetPostResponse *****
10:42:14.610  [main] INFO  api.utilities.RequestResponseFilter - ======================================================================================
10:42:14.610  [main] INFO  api.utilities.RequestResponseFilter - ======================================================================================
10:42:14.611  [main] INFO  api.utilities.RequestResponseFilter - cURL Command: 
curl -X POST 'https://petstore.swagger.io/v2/pet/30' -H 'Accept: application/json' -H 'Content-Type: application/x-www-form-urlencoded; charset=ISO-8859-1'
10:42:15.916  [main] INFO  api.utilities.RequestResponseFilter - ******************************************************************
10:42:15.918  [main] INFO  api.utilities.RequestResponseFilter - Response Status line: 
HTTP/1.1 200 OK
10:42:15.918  [main] INFO  api.utilities.RequestResponseFilter - Response Body: 
{
    "code": 200,
    "type": "unknown",
    "message": "30"
}
10:42:15.919  [main] INFO  api.utilities.RequestResponseFilter - Response Headers: 
Date=Fri, 06 Dec 2024 05:12:14 GMT
Content-Type=application/json
Transfer-Encoding=chunked
Connection=keep-alive
Access-Control-Allow-Origin=*
Access-Control-Allow-Methods=GET, POST, DELETE, PUT
Access-Control-Allow-Headers=Content-Type, api_key, Authorization
Server=Jetty(9.2.9.v20150224)
10:42:15.919  [main] INFO  api.utilities.RequestResponseFilter - ======================================================================================
10:42:15.919  [main] INFO  api.utilities.RequestResponseFilter - ======================================================================================
10:42:15.921  [main] INFO  api.test.PetTest - Asserting response details for pet ID: 30
10:42:15.941  [main] INFO  api.utilities.RequestResponseFilter - ======================================================================================
10:42:15.941  [main] INFO  api.utilities.RequestResponseFilter - ======================================================================================
10:42:15.941  [main] INFO  api.utilities.RequestResponseFilter - cURL Command: 
curl -X GET 'https://petstore.swagger.io/v2/pet/30' -H 'Accept: application/json' -H 'Content-Type: application/json'
10:42:17.516  [main] INFO  api.utilities.RequestResponseFilter - ******************************************************************
10:42:17.517  [main] INFO  api.utilities.RequestResponseFilter - Response Status line: 
HTTP/1.1 200 OK
10:42:17.517  [main] INFO  api.utilities.RequestResponseFilter - Response Body: 
{
    "id": 30,
    "category": {
        "id": 345,
        "name": "Fish555"
    },
    "name": "Luna",
    "photoUrls": [
        "www.google.com",
        "www.facebook.com"
    ],
    "tags": [
        {
            "id": 33,
            "name": "Golden"
        }
    ],
    "status": "pending"
}
10:42:17.517  [main] INFO  api.utilities.RequestResponseFilter - Response Headers: 
Date=Fri, 06 Dec 2024 05:12:16 GMT
Content-Type=application/json
Transfer-Encoding=chunked
Connection=keep-alive
Access-Control-Allow-Origin=*
Access-Control-Allow-Methods=GET, POST, DELETE, PUT
Access-Control-Allow-Headers=Content-Type, api_key, Authorization
Server=Jetty(9.2.9.v20150224)
10:42:17.517  [main] INFO  api.utilities.RequestResponseFilter - ======================================================================================
10:42:17.517  [main] INFO  api.utilities.RequestResponseFilter - ======================================================================================
10:42:17.530  [main] INFO  api.test.PetTest - ***** Finished testUpdateExistingPetPutResponse *****
10:42:17.531  [main] INFO  api.test.PetTest - ********************************************
10:42:17.550  [main] INFO  api.test.PetTest - ********************************************
10:42:17.550  [main] INFO  api.test.PetTest - ***** Starting testUploadPetImagePostResponse *****
10:42:17.551  [main] INFO  api.test.PetTest - Sending POST request to upload image for pet ID: 30 with metadata: Tiger Image
10:42:17.581  [main] INFO  api.utilities.RequestResponseFilter - ======================================================================================
10:42:17.581  [main] INFO  api.utilities.RequestResponseFilter - ======================================================================================
10:42:17.581  [main] INFO  api.utilities.RequestResponseFilter - cURL Command: 
curl -X POST 'https://petstore.swagger.io/v2/pet/30/uploadImage' -H 'Accept: application/json' -H 'Content-Type: multipart/form-data'
10:42:20.549  [main] INFO  api.utilities.RequestResponseFilter - ******************************************************************
10:42:20.551  [main] INFO  api.utilities.RequestResponseFilter - Response Status line: 
HTTP/1.1 200 OK
10:42:20.553  [main] INFO  api.utilities.RequestResponseFilter - Response Body: 
{
    "code": 200,
    "type": "unknown",
    "message": "additionalMetadata: Tiger Image\nFile uploaded to ./2....jpg, 601779 bytes"
}
10:42:20.553  [main] INFO  api.utilities.RequestResponseFilter - Response Headers: 
Date=Fri, 06 Dec 2024 05:12:19 GMT
Content-Type=application/json
Transfer-Encoding=chunked
Connection=keep-alive
Access-Control-Allow-Origin=*
Access-Control-Allow-Methods=GET, POST, DELETE, PUT
Access-Control-Allow-Headers=Content-Type, api_key, Authorization
Server=Jetty(9.2.9.v20150224)
10:42:20.553  [main] INFO  api.utilities.RequestResponseFilter - ======================================================================================
10:42:20.553  [main] INFO  api.utilities.RequestResponseFilter - ======================================================================================
10:42:20.556  [main] INFO  api.test.PetTest - Asserting response status, headers, and time
10:42:20.574  [main] INFO  api.test.PetTest - ***** Finished testUpdateExistingPetPutResponse *****
10:42:20.574  [main] INFO  api.test.PetTest - ********************************************
10:42:20.584  [main] INFO  api.test.PetTest - ********************************************
10:42:20.584  [main] INFO  api.test.PetTest - ***** Starting testDeletePetDeleteResponse *****
10:42:20.584  [main] INFO  api.test.PetTest - Sending DELETE request to remove pet with ID: 20
10:42:20.594  [main] INFO  api.utilities.RequestResponseFilter - ======================================================================================
10:42:20.594  [main] INFO  api.utilities.RequestResponseFilter - ======================================================================================
10:42:20.594  [main] INFO  api.utilities.RequestResponseFilter - cURL Command: 
curl -X DELETE 'https://petstore.swagger.io/v2/pet/20' -H 'Accept: application/json' -H 'api_key: special-key' -H 'Content-Type: application/json'
10:42:22.133  [main] INFO  api.utilities.RequestResponseFilter - ******************************************************************
10:42:22.135  [main] INFO  api.utilities.RequestResponseFilter - Response Status line: 
HTTP/1.1 200 OK
10:42:22.135  [main] INFO  api.utilities.RequestResponseFilter - Response Body: 
{
    "code": 200,
    "type": "unknown",
    "message": "20"
}
10:42:22.135  [main] INFO  api.utilities.RequestResponseFilter - Response Headers: 
Date=Fri, 06 Dec 2024 05:12:20 GMT
Content-Type=application/json
Transfer-Encoding=chunked
Connection=keep-alive
Access-Control-Allow-Origin=*
Access-Control-Allow-Methods=GET, POST, DELETE, PUT
Access-Control-Allow-Headers=Content-Type, api_key, Authorization
Server=Jetty(9.2.9.v20150224)
10:42:22.136  [main] INFO  api.utilities.RequestResponseFilter - ======================================================================================
10:42:22.136  [main] INFO  api.utilities.RequestResponseFilter - ======================================================================================
10:42:22.137  [main] INFO  api.test.PetTest - Asserting response status, headers, and time
10:42:22.156  [main] INFO  api.test.PetTest - Verifying that the pet has been deleted.
10:42:22.163  [main] INFO  api.utilities.RequestResponseFilter - ======================================================================================
10:42:22.163  [main] INFO  api.utilities.RequestResponseFilter - ======================================================================================
10:42:22.164  [main] INFO  api.utilities.RequestResponseFilter - cURL Command: 
curl -X DELETE 'https://petstore.swagger.io/v2/pet/20' -H 'Accept: application/json' -H 'api_key: special-key' -H 'Content-Type: application/json'
10:42:23.538  [main] INFO  api.utilities.RequestResponseFilter - ******************************************************************
10:42:23.539  [main] INFO  api.utilities.RequestResponseFilter - Response Status line: 
HTTP/1.1 404 Not Found
10:42:23.539  [main] INFO  api.utilities.RequestResponseFilter - Response Body: 

10:42:23.540  [main] INFO  api.utilities.RequestResponseFilter - Response Headers: 
Date=Fri, 06 Dec 2024 05:12:22 GMT
Content-Length=0
Connection=keep-alive
Access-Control-Allow-Origin=*
Access-Control-Allow-Methods=GET, POST, DELETE, PUT
Access-Control-Allow-Headers=Content-Type, api_key, Authorization
Server=Jetty(9.2.9.v20150224)
10:42:23.540  [main] INFO  api.utilities.RequestResponseFilter - ======================================================================================
10:42:23.540  [main] INFO  api.utilities.RequestResponseFilter - ======================================================================================
10:42:23.541  [main] INFO  api.test.PetTest - ***** Finished testDeletePetDeleteResponse *****
10:42:23.541  [main] INFO  api.test.PetTest - ********************************************
10:42:23.638  [main] INFO  api.test.StoreTest - ********************************************
10:42:23.639  [main] INFO  api.test.StoreTest - ***** Starting testPostStoreResponse *****
10:42:23.641  [main] INFO  api.test.StoreTest - Sending POST request to place an order for the pet.
10:42:23.674  [main] INFO  api.utilities.RequestResponseFilter - ======================================================================================
10:42:23.674  [main] INFO  api.utilities.RequestResponseFilter - ======================================================================================
10:42:23.675  [main] INFO  api.utilities.RequestResponseFilter - cURL Command: 
curl -X POST 'https://petstore.swagger.io/v2/store/order' -H 'Accept: application/json, application/javascript, text/javascript, text/json' -H 'Content-Type: application/json' --data '{"id":3,"petId":2003,"quantity":45,"shipDate":"2023-12-12T16:35:59.906+0000","status":"placed","complete":true}'
10:42:24.878  [main] INFO  api.utilities.RequestResponseFilter - ******************************************************************
10:42:24.879  [main] INFO  api.utilities.RequestResponseFilter - Response Status line: 
HTTP/1.1 200 OK
10:42:24.879  [main] INFO  api.utilities.RequestResponseFilter - Response Body: 
{
    "id": 3,
    "petId": 2003,
    "quantity": 45,
    "shipDate": "2023-12-12T16:35:59.906+0000",
    "status": "placed",
    "complete": true
}
10:42:24.879  [main] INFO  api.utilities.RequestResponseFilter - Response Headers: 
Date=Fri, 06 Dec 2024 05:12:23 GMT
Content-Type=application/json
Transfer-Encoding=chunked
Connection=keep-alive
Access-Control-Allow-Origin=*
Access-Control-Allow-Methods=GET, POST, DELETE, PUT
Access-Control-Allow-Headers=Content-Type, api_key, Authorization
Server=Jetty(9.2.9.v20150224)
10:42:24.880  [main] INFO  api.utilities.RequestResponseFilter - ======================================================================================
10:42:24.880  [main] INFO  api.utilities.RequestResponseFilter - ======================================================================================
10:42:24.880  [main] INFO  api.test.StoreTest - Asserting response status, headers, and time
10:42:24.881  [main] INFO  api.test.StoreTest - Asserting store data between request and response
10:42:24.989  [main] INFO  api.test.StoreTest - ***** Finished testPostStoreResponse *****
10:42:24.989  [main] INFO  api.test.StoreTest - ********************************************
10:42:24.995  [main] INFO  api.test.StoreTest - ********************************************
10:42:24.995  [main] INFO  api.test.StoreTest - ***** Starting testGetStoreOrderResponse *****
10:42:24.995  [main] INFO  api.test.StoreTest - Retrieving store order with ID: 3
10:42:24.996  [main] INFO  api.test.StoreTest - Sending GET request to retrieve the store order.
10:42:25.009  [main] INFO  api.utilities.RequestResponseFilter - ======================================================================================
10:42:25.009  [main] INFO  api.utilities.RequestResponseFilter - ======================================================================================
10:42:25.009  [main] INFO  api.utilities.RequestResponseFilter - cURL Command: 
curl -X GET 'https://petstore.swagger.io/v2/store/order/3' -H 'Accept: application/json, application/javascript, text/javascript, text/json' -H 'Content-Type: application/json'
10:42:26.795  [main] INFO  api.utilities.RequestResponseFilter - ******************************************************************
10:42:26.796  [main] INFO  api.utilities.RequestResponseFilter - Response Status line: 
HTTP/1.1 200 OK
10:42:26.796  [main] INFO  api.utilities.RequestResponseFilter - Response Body: 
{
    "id": 3,
    "petId": 2003,
    "quantity": 45,
    "shipDate": "2023-12-12T16:35:59.906+0000",
    "status": "placed",
    "complete": true
}
10:42:26.796  [main] INFO  api.utilities.RequestResponseFilter - Response Headers: 
Date=Fri, 06 Dec 2024 05:12:25 GMT
Content-Type=application/json
Transfer-Encoding=chunked
Connection=keep-alive
Access-Control-Allow-Origin=*
Access-Control-Allow-Methods=GET, POST, DELETE, PUT
Access-Control-Allow-Headers=Content-Type, api_key, Authorization
Server=Jetty(9.2.9.v20150224)
10:42:26.796  [main] INFO  api.utilities.RequestResponseFilter - ======================================================================================
10:42:26.796  [main] INFO  api.utilities.RequestResponseFilter - ======================================================================================
10:42:26.797  [main] INFO  api.test.StoreTest - Asserting response status, headers, and time
10:42:26.874  [main] INFO  api.test.StoreTest - Asserting order data between request and response
10:42:26.884  [main] INFO  api.test.StoreTest - Response matches JSON schema
10:42:26.884  [main] INFO  api.test.StoreTest - Testing with invalid order ID: 101
10:42:26.889  [main] INFO  api.utilities.RequestResponseFilter - ======================================================================================
10:42:26.889  [main] INFO  api.utilities.RequestResponseFilter - ======================================================================================
10:42:26.890  [main] INFO  api.utilities.RequestResponseFilter - cURL Command: 
curl -X GET 'https://petstore.swagger.io/v2/store/order/101' -H 'Accept: application/json, application/javascript, text/javascript, text/json' -H 'Content-Type: application/json'
10:42:28.394  [main] INFO  api.utilities.RequestResponseFilter - ******************************************************************
10:42:28.395  [main] INFO  api.utilities.RequestResponseFilter - Response Status line: 
HTTP/1.1 200 OK
10:42:28.395  [main] INFO  api.utilities.RequestResponseFilter - Response Body: 
{
    "id": 101,
    "petId": 2,
    "quantity": 1,
    "shipDate": "2024-12-06T04:12:55.539+0000",
    "status": "placed",
    "complete": true
}
10:42:28.395  [main] INFO  api.utilities.RequestResponseFilter - Response Headers: 
Date=Fri, 06 Dec 2024 05:12:26 GMT
Content-Type=application/json
Transfer-Encoding=chunked
Connection=keep-alive
Access-Control-Allow-Origin=*
Access-Control-Allow-Methods=GET, POST, DELETE, PUT
Access-Control-Allow-Headers=Content-Type, api_key, Authorization
Server=Jetty(9.2.9.v20150224)
10:42:28.395  [main] INFO  api.utilities.RequestResponseFilter - ======================================================================================
10:42:28.395  [main] INFO  api.utilities.RequestResponseFilter - ======================================================================================
10:42:28.396  [main] INFO  api.test.StoreTest - Asserting response status for invalid order ID
10:42:28.404  [main] ERROR api.test.StoreTest - Test assertion failed: Expected status code is 404 for invalid order ID. expected [404] but found [200]
10:42:28.404  [main] DEBUG api.test.StoreTest - Assertion failure details
java.lang.AssertionError: Expected status code is 404 for invalid order ID. expected [404] but found [200]
	at org.testng.Assert.fail(Assert.java:111) ~[testng-7.8.0.jar:7.8.0]
	at org.testng.Assert.failNotEquals(Assert.java:1578) ~[testng-7.8.0.jar:7.8.0]
	at org.testng.Assert.assertEqualsImpl(Assert.java:150) ~[testng-7.8.0.jar:7.8.0]
	at org.testng.Assert.assertEquals(Assert.java:132) ~[testng-7.8.0.jar:7.8.0]
	at org.testng.Assert.assertEquals(Assert.java:1419) ~[testng-7.8.0.jar:7.8.0]
	at org.testng.Assert.assertEquals(Assert.java:1383) ~[testng-7.8.0.jar:7.8.0]
	at api.test.StoreTest.testGetStoreOrderResponse(StoreTest.java:212) ~[test-classes/:?]
	at java.base/jdk.internal.reflect.NativeMethodAccessorImpl.invoke0(Native Method) ~[?:?]
	at java.base/jdk.internal.reflect.NativeMethodAccessorImpl.invoke(NativeMethodAccessorImpl.java:77) ~[?:?]
	at java.base/jdk.internal.reflect.DelegatingMethodAccessorImpl.invoke(DelegatingMethodAccessorImpl.java:43) ~[?:?]
	at java.base/java.lang.reflect.Method.invoke(Method.java:568) ~[?:?]
	at org.testng.internal.invokers.MethodInvocationHelper.invokeMethod(MethodInvocationHelper.java:139) ~[testng-7.8.0.jar:7.8.0]
	at org.testng.internal.invokers.TestInvoker.invokeMethod(TestInvoker.java:664) ~[testng-7.8.0.jar:7.8.0]
	at org.testng.internal.invokers.TestInvoker.invokeTestMethod(TestInvoker.java:227) ~[testng-7.8.0.jar:7.8.0]
	at org.testng.internal.invokers.MethodRunner.runInSequence(MethodRunner.java:50) ~[testng-7.8.0.jar:7.8.0]
	at org.testng.internal.invokers.TestInvoker$MethodInvocationAgent.invoke(TestInvoker.java:957) ~[testng-7.8.0.jar:7.8.0]
	at org.testng.internal.invokers.TestInvoker.invokeTestMethods(TestInvoker.java:200) ~[testng-7.8.0.jar:7.8.0]
	at org.testng.internal.invokers.TestMethodWorker.invokeTestMethods(TestMethodWorker.java:148) ~[testng-7.8.0.jar:7.8.0]
	at org.testng.internal.invokers.TestMethodWorker.run(TestMethodWorker.java:128) ~[testng-7.8.0.jar:7.8.0]
	at java.base/java.util.ArrayList.forEach(ArrayList.java:1511) [?:?]
	at org.testng.TestRunner.privateRun(TestRunner.java:848) [testng-7.8.0.jar:7.8.0]
	at org.testng.TestRunner.run(TestRunner.java:621) [testng-7.8.0.jar:7.8.0]
	at org.testng.SuiteRunner.runTest(SuiteRunner.java:443) [testng-7.8.0.jar:7.8.0]
	at org.testng.SuiteRunner.runSequentially(SuiteRunner.java:437) [testng-7.8.0.jar:7.8.0]
	at org.testng.SuiteRunner.privateRun(SuiteRunner.java:397) [testng-7.8.0.jar:7.8.0]
	at org.testng.SuiteRunner.run(SuiteRunner.java:336) [testng-7.8.0.jar:7.8.0]
	at org.testng.SuiteRunnerWorker.runSuite(SuiteRunnerWorker.java:52) [testng-7.8.0.jar:7.8.0]
	at org.testng.SuiteRunnerWorker.run(SuiteRunnerWorker.java:95) [testng-7.8.0.jar:7.8.0]
	at org.testng.TestNG.runSuitesSequentially(TestNG.java:1280) [testng-7.8.0.jar:7.8.0]
	at org.testng.TestNG.runSuitesLocally(TestNG.java:1200) [testng-7.8.0.jar:7.8.0]
	at org.testng.TestNG.runSuites(TestNG.java:1114) [testng-7.8.0.jar:7.8.0]
	at org.testng.TestNG.run(TestNG.java:1082) [testng-7.8.0.jar:7.8.0]
	at org.apache.maven.surefire.testng.TestNGExecutor.run(TestNGExecutor.java:155) [surefire-testng-3.5.0.jar:3.5.0]
	at org.apache.maven.surefire.testng.TestNGDirectoryTestSuite.executeMulti(TestNGDirectoryTestSuite.java:169) [surefire-testng-3.5.0.jar:3.5.0]
	at org.apache.maven.surefire.testng.TestNGDirectoryTestSuite.execute(TestNGDirectoryTestSuite.java:88) [surefire-testng-3.5.0.jar:3.5.0]
	at org.apache.maven.surefire.testng.TestNGProvider.invoke(TestNGProvider.java:137) [surefire-testng-3.5.0.jar:3.5.0]
	at org.apache.maven.surefire.booter.ForkedBooter.runSuitesInProcess(ForkedBooter.java:385) [surefire-booter-3.5.0.jar:3.5.0]
	at org.apache.maven.surefire.booter.ForkedBooter.execute(ForkedBooter.java:162) [surefire-booter-3.5.0.jar:3.5.0]
	at org.apache.maven.surefire.booter.ForkedBooter.run(ForkedBooter.java:507) [surefire-booter-3.5.0.jar:3.5.0]
	at org.apache.maven.surefire.booter.ForkedBooter.main(ForkedBooter.java:495) [surefire-booter-3.5.0.jar:3.5.0]
